[2024-07-30T14:44:18.215+0000] {local_task_job_runner.py:120} INFO - ::group::Pre task execution logs
[2024-07-30T14:44:18.270+0000] {taskinstance.py:2076} INFO - Dependencies all met for dep_context=non-requeueable deps ti=<TaskInstance: send_stock_data.send_data scheduled__2024-07-30T14:43:00+00:00 [queued]>
[2024-07-30T14:44:18.286+0000] {taskinstance.py:2076} INFO - Dependencies all met for dep_context=requeueable deps ti=<TaskInstance: send_stock_data.send_data scheduled__2024-07-30T14:43:00+00:00 [queued]>
[2024-07-30T14:44:18.287+0000] {taskinstance.py:2306} INFO - Starting attempt 1 of 2
[2024-07-30T14:44:18.312+0000] {taskinstance.py:2330} INFO - Executing <Task(PythonOperator): send_data> on 2024-07-30 14:43:00+00:00
[2024-07-30T14:44:18.325+0000] {logging_mixin.py:188} WARNING - /home/***/.local/lib/python3.12/site-packages/***/task/task_runner/standard_task_runner.py:62 DeprecationWarning: This process (pid=492) is multi-threaded, use of fork() may lead to deadlocks in the child.
[2024-07-30T14:44:18.324+0000] {standard_task_runner.py:90} INFO - Running: ['***', 'tasks', 'run', 'send_stock_data', 'send_data', 'scheduled__2024-07-30T14:43:00+00:00', '--job-id', '52', '--raw', '--subdir', 'DAGS_FOLDER/***_stream.py', '--cfg-path', '/tmp/tmpvsz53b2q']
[2024-07-30T14:44:18.327+0000] {standard_task_runner.py:91} INFO - Job 52: Subtask send_data
[2024-07-30T14:44:18.327+0000] {standard_task_runner.py:64} INFO - Started process 494 to run task
[2024-07-30T14:44:18.353+0000] {logging_mixin.py:188} WARNING - /home/***/.local/lib/python3.12/site-packages/***/settings.py:195 DeprecationWarning: The sql_alchemy_conn option in [core] has been moved to the sql_alchemy_conn option in [database] - the old setting has been used, but please update your config.
[2024-07-30T14:44:18.407+0000] {task_command.py:426} INFO - Running <TaskInstance: send_stock_data.send_data scheduled__2024-07-30T14:43:00+00:00 [running]> on host da3e94a6f80e
[2024-07-30T14:44:18.552+0000] {taskinstance.py:2648} INFO - Exporting env vars: AIRFLOW_CTX_DAG_OWNER='***' AIRFLOW_CTX_DAG_ID='send_stock_data' AIRFLOW_CTX_TASK_ID='send_data' AIRFLOW_CTX_EXECUTION_DATE='2024-07-30T14:43:00+00:00' AIRFLOW_CTX_TRY_NUMBER='1' AIRFLOW_CTX_DAG_RUN_ID='scheduled__2024-07-30T14:43:00+00:00'
[2024-07-30T14:44:18.554+0000] {taskinstance.py:430} INFO - ::endgroup::
[2024-07-30T14:44:20.579+0000] {logging_mixin.py:188} INFO - Delivered message to stock_data [0]
[2024-07-30T14:44:20.580+0000] {logging_mixin.py:188} INFO - Delivered message to stock_data [0]
[2024-07-30T14:44:20.580+0000] {logging_mixin.py:188} INFO - Delivered message to stock_data [0]
[2024-07-30T14:44:20.581+0000] {logging_mixin.py:188} INFO - Delivered message to stock_data [0]
[2024-07-30T14:44:20.581+0000] {logging_mixin.py:188} INFO - Delivered message to stock_data [0]
[2024-07-30T14:44:20.581+0000] {logging_mixin.py:188} INFO - Delivered message to stock_data [0]
[2024-07-30T14:44:20.582+0000] {logging_mixin.py:188} INFO - Delivered message to stock_data [0]
[2024-07-30T14:44:20.582+0000] {logging_mixin.py:188} INFO - Delivered message to stock_data [0]
[2024-07-30T14:44:20.583+0000] {logging_mixin.py:188} INFO - Delivered message to stock_data [0]
[2024-07-30T14:44:20.583+0000] {logging_mixin.py:188} INFO - Delivered message to stock_data [0]
[2024-07-30T14:44:20.583+0000] {logging_mixin.py:188} INFO - Delivered message to stock_data [0]
[2024-07-30T14:44:20.584+0000] {logging_mixin.py:188} INFO - Delivered message to stock_data [0]
[2024-07-30T14:44:20.584+0000] {logging_mixin.py:188} INFO - Delivered message to stock_data [0]
[2024-07-30T14:44:20.585+0000] {logging_mixin.py:188} INFO - Delivered message to stock_data [0]
[2024-07-30T14:44:20.585+0000] {logging_mixin.py:188} INFO - Delivered message to stock_data [0]
[2024-07-30T14:44:20.586+0000] {logging_mixin.py:188} INFO - Delivered message to stock_data [0]
[2024-07-30T14:44:20.586+0000] {logging_mixin.py:188} INFO - Delivered message to stock_data [0]
[2024-07-30T14:44:20.586+0000] {logging_mixin.py:188} INFO - Delivered message to stock_data [0]
[2024-07-30T14:44:20.587+0000] {logging_mixin.py:188} INFO - Delivered message to stock_data [0]
[2024-07-30T14:44:20.587+0000] {logging_mixin.py:188} INFO - Delivered message to stock_data [0]
[2024-07-30T14:44:20.588+0000] {logging_mixin.py:188} INFO - Delivered message to stock_data [0]
[2024-07-30T14:44:20.588+0000] {logging_mixin.py:188} INFO - Delivered message to stock_data [0]
[2024-07-30T14:44:20.588+0000] {logging_mixin.py:188} INFO - Delivered message to stock_data [0]
[2024-07-30T14:44:20.589+0000] {logging_mixin.py:188} INFO - Delivered message to stock_data [0]
[2024-07-30T14:44:20.589+0000] {logging_mixin.py:188} INFO - Delivered message to stock_data [0]
[2024-07-30T14:44:20.590+0000] {logging_mixin.py:188} INFO - Delivered message to stock_data [0]
[2024-07-30T14:44:20.590+0000] {logging_mixin.py:188} INFO - Delivered message to stock_data [0]
[2024-07-30T14:44:20.591+0000] {logging_mixin.py:188} INFO - Delivered message to stock_data [0]
[2024-07-30T14:44:20.591+0000] {logging_mixin.py:188} INFO - Delivered message to stock_data [0]
[2024-07-30T14:44:20.591+0000] {logging_mixin.py:188} INFO - Delivered message to stock_data [0]
[2024-07-30T14:44:20.592+0000] {logging_mixin.py:188} INFO - Delivered message to stock_data [0]
[2024-07-30T14:44:20.592+0000] {logging_mixin.py:188} INFO - Delivered message to stock_data [0]
[2024-07-30T14:44:20.593+0000] {logging_mixin.py:188} INFO - Delivered message to stock_data [0]
[2024-07-30T14:44:20.593+0000] {logging_mixin.py:188} INFO - Delivered message to stock_data [0]
[2024-07-30T14:44:20.594+0000] {logging_mixin.py:188} INFO - Delivered message to stock_data [0]
[2024-07-30T14:44:20.594+0000] {logging_mixin.py:188} INFO - Delivered message to stock_data [0]
[2024-07-30T14:44:20.595+0000] {logging_mixin.py:188} INFO - Delivered message to stock_data [0]
[2024-07-30T14:44:20.595+0000] {logging_mixin.py:188} INFO - Delivered message to stock_data [0]
[2024-07-30T14:44:20.596+0000] {logging_mixin.py:188} INFO - Delivered message to stock_data [0]
[2024-07-30T14:44:20.596+0000] {logging_mixin.py:188} INFO - Delivered message to stock_data [0]
[2024-07-30T14:44:20.597+0000] {logging_mixin.py:188} INFO - Delivered message to stock_data [0]
[2024-07-30T14:44:20.597+0000] {logging_mixin.py:188} INFO - Delivered message to stock_data [0]
[2024-07-30T14:44:20.598+0000] {logging_mixin.py:188} INFO - Delivered message to stock_data [0]
[2024-07-30T14:44:20.598+0000] {logging_mixin.py:188} INFO - Delivered message to stock_data [0]
[2024-07-30T14:44:20.598+0000] {logging_mixin.py:188} INFO - Delivered message to stock_data [0]
[2024-07-30T14:44:20.599+0000] {logging_mixin.py:188} INFO - Delivered message to stock_data [0]
[2024-07-30T14:44:20.599+0000] {logging_mixin.py:188} INFO - Delivered message to stock_data [0]
[2024-07-30T14:44:20.600+0000] {logging_mixin.py:188} INFO - Delivered message to stock_data [0]
[2024-07-30T14:44:20.600+0000] {logging_mixin.py:188} INFO - Delivered message to stock_data [0]
[2024-07-30T14:44:20.600+0000] {logging_mixin.py:188} INFO - Delivered message to stock_data [0]
[2024-07-30T14:44:20.601+0000] {logging_mixin.py:188} INFO - Delivered message to stock_data [0]
[2024-07-30T14:44:20.601+0000] {logging_mixin.py:188} INFO - Delivered message to stock_data [0]
[2024-07-30T14:44:20.602+0000] {logging_mixin.py:188} INFO - Delivered message to stock_data [0]
[2024-07-30T14:44:20.602+0000] {logging_mixin.py:188} INFO - Delivered message to stock_data [0]
[2024-07-30T14:44:20.602+0000] {logging_mixin.py:188} INFO - Delivered message to stock_data [0]
[2024-07-30T14:44:20.603+0000] {logging_mixin.py:188} INFO - Delivered message to stock_data [0]
[2024-07-30T14:44:20.603+0000] {logging_mixin.py:188} INFO - Delivered message to stock_data [0]
[2024-07-30T14:44:20.604+0000] {logging_mixin.py:188} INFO - Delivered message to stock_data [0]
[2024-07-30T14:44:20.604+0000] {logging_mixin.py:188} INFO - Delivered message to stock_data [0]
[2024-07-30T14:44:20.604+0000] {logging_mixin.py:188} INFO - Delivered message to stock_data [0]
[2024-07-30T14:44:20.605+0000] {logging_mixin.py:188} INFO - Delivered message to stock_data [0]
[2024-07-30T14:44:20.605+0000] {logging_mixin.py:188} INFO - Delivered message to stock_data [0]
[2024-07-30T14:44:20.606+0000] {logging_mixin.py:188} INFO - Delivered message to stock_data [0]
[2024-07-30T14:44:20.606+0000] {logging_mixin.py:188} INFO - Delivered message to stock_data [0]
[2024-07-30T14:44:20.606+0000] {logging_mixin.py:188} INFO - Delivered message to stock_data [0]
[2024-07-30T14:44:20.607+0000] {logging_mixin.py:188} INFO - Delivered message to stock_data [0]
[2024-07-30T14:44:20.607+0000] {logging_mixin.py:188} INFO - Delivered message to stock_data [0]
[2024-07-30T14:44:20.608+0000] {logging_mixin.py:188} INFO - Delivered message to stock_data [0]
[2024-07-30T14:44:20.608+0000] {logging_mixin.py:188} INFO - Delivered message to stock_data [0]
[2024-07-30T14:44:20.609+0000] {logging_mixin.py:188} INFO - Delivered message to stock_data [0]
[2024-07-30T14:44:20.609+0000] {logging_mixin.py:188} INFO - Delivered message to stock_data [0]
[2024-07-30T14:44:20.609+0000] {logging_mixin.py:188} INFO - Delivered message to stock_data [0]
[2024-07-30T14:44:20.610+0000] {logging_mixin.py:188} INFO - Delivered message to stock_data [0]
[2024-07-30T14:44:20.611+0000] {logging_mixin.py:188} INFO - Delivered message to stock_data [0]
[2024-07-30T14:44:20.611+0000] {logging_mixin.py:188} INFO - Delivered message to stock_data [0]
[2024-07-30T14:44:20.612+0000] {logging_mixin.py:188} INFO - Delivered message to stock_data [0]
[2024-07-30T14:44:20.612+0000] {logging_mixin.py:188} INFO - Delivered message to stock_data [0]
[2024-07-30T14:44:20.612+0000] {logging_mixin.py:188} INFO - Delivered message to stock_data [0]
[2024-07-30T14:44:20.613+0000] {logging_mixin.py:188} INFO - Delivered message to stock_data [0]
[2024-07-30T14:44:20.613+0000] {logging_mixin.py:188} INFO - Delivered message to stock_data [0]
[2024-07-30T14:44:20.614+0000] {logging_mixin.py:188} INFO - Delivered message to stock_data [0]
[2024-07-30T14:44:20.614+0000] {logging_mixin.py:188} INFO - Delivered message to stock_data [0]
[2024-07-30T14:44:20.615+0000] {logging_mixin.py:188} INFO - Delivered message to stock_data [0]
[2024-07-30T14:44:20.615+0000] {logging_mixin.py:188} INFO - Delivered message to stock_data [0]
[2024-07-30T14:44:20.616+0000] {logging_mixin.py:188} INFO - Delivered message to stock_data [0]
[2024-07-30T14:44:20.616+0000] {logging_mixin.py:188} INFO - Delivered message to stock_data [0]
[2024-07-30T14:44:20.616+0000] {logging_mixin.py:188} INFO - Delivered message to stock_data [0]
[2024-07-30T14:44:20.617+0000] {logging_mixin.py:188} INFO - Delivered message to stock_data [0]
[2024-07-30T14:44:20.617+0000] {logging_mixin.py:188} INFO - Delivered message to stock_data [0]
[2024-07-30T14:44:20.618+0000] {logging_mixin.py:188} INFO - Delivered message to stock_data [0]
[2024-07-30T14:44:20.618+0000] {logging_mixin.py:188} INFO - Delivered message to stock_data [0]
[2024-07-30T14:44:20.619+0000] {logging_mixin.py:188} INFO - Delivered message to stock_data [0]
[2024-07-30T14:44:20.619+0000] {logging_mixin.py:188} INFO - Delivered message to stock_data [0]
[2024-07-30T14:44:20.620+0000] {logging_mixin.py:188} INFO - Delivered message to stock_data [0]
[2024-07-30T14:44:20.620+0000] {logging_mixin.py:188} INFO - Delivered message to stock_data [0]
[2024-07-30T14:44:20.620+0000] {logging_mixin.py:188} INFO - Delivered message to stock_data [0]
[2024-07-30T14:44:20.621+0000] {logging_mixin.py:188} INFO - Delivered message to stock_data [0]
[2024-07-30T14:44:20.621+0000] {logging_mixin.py:188} INFO - Delivered message to stock_data [0]
[2024-07-30T14:44:20.621+0000] {logging_mixin.py:188} INFO - Delivered message to stock_data [0]
[2024-07-30T14:44:20.622+0000] {logging_mixin.py:188} INFO - Delivered message to stock_data [0]
[2024-07-30T14:44:20.622+0000] {logging_mixin.py:188} INFO - Delivered message to stock_data [0]
[2024-07-30T14:44:20.623+0000] {logging_mixin.py:188} INFO - Delivered message to stock_data [0]
[2024-07-30T14:44:20.623+0000] {logging_mixin.py:188} INFO - Delivered message to stock_data [0]
[2024-07-30T14:44:20.624+0000] {logging_mixin.py:188} INFO - Delivered message to stock_data [0]
[2024-07-30T14:44:20.624+0000] {logging_mixin.py:188} INFO - Delivered message to stock_data [0]
[2024-07-30T14:44:20.625+0000] {logging_mixin.py:188} INFO - Delivered message to stock_data [0]
[2024-07-30T14:44:20.626+0000] {logging_mixin.py:188} INFO - Delivered message to stock_data [0]
[2024-07-30T14:44:20.626+0000] {logging_mixin.py:188} INFO - Delivered message to stock_data [0]
[2024-07-30T14:44:20.627+0000] {logging_mixin.py:188} INFO - Delivered message to stock_data [0]
[2024-07-30T14:44:20.627+0000] {logging_mixin.py:188} INFO - Delivered message to stock_data [0]
[2024-07-30T14:44:20.628+0000] {logging_mixin.py:188} INFO - Delivered message to stock_data [0]
[2024-07-30T14:44:20.628+0000] {logging_mixin.py:188} INFO - Delivered message to stock_data [0]
[2024-07-30T14:44:20.628+0000] {logging_mixin.py:188} INFO - Delivered message to stock_data [0]
[2024-07-30T14:44:20.629+0000] {logging_mixin.py:188} INFO - Delivered message to stock_data [0]
[2024-07-30T14:44:20.629+0000] {logging_mixin.py:188} INFO - Delivered message to stock_data [0]
[2024-07-30T14:44:20.630+0000] {logging_mixin.py:188} INFO - Delivered message to stock_data [0]
[2024-07-30T14:44:20.630+0000] {logging_mixin.py:188} INFO - Delivered message to stock_data [0]
[2024-07-30T14:44:20.631+0000] {logging_mixin.py:188} INFO - Delivered message to stock_data [0]
[2024-07-30T14:44:20.631+0000] {logging_mixin.py:188} INFO - Delivered message to stock_data [0]
[2024-07-30T14:44:20.632+0000] {logging_mixin.py:188} INFO - Delivered message to stock_data [0]
[2024-07-30T14:44:20.632+0000] {logging_mixin.py:188} INFO - Delivered message to stock_data [0]
[2024-07-30T14:44:20.632+0000] {logging_mixin.py:188} INFO - Delivered message to stock_data [0]
[2024-07-30T14:44:20.633+0000] {logging_mixin.py:188} INFO - Delivered message to stock_data [0]
[2024-07-30T14:44:20.633+0000] {logging_mixin.py:188} INFO - Delivered message to stock_data [0]
[2024-07-30T14:44:20.634+0000] {logging_mixin.py:188} INFO - Delivered message to stock_data [0]
[2024-07-30T14:44:20.634+0000] {logging_mixin.py:188} INFO - Delivered message to stock_data [0]
[2024-07-30T14:44:20.635+0000] {logging_mixin.py:188} INFO - Delivered message to stock_data [0]
[2024-07-30T14:44:20.635+0000] {logging_mixin.py:188} INFO - Delivered message to stock_data [0]
[2024-07-30T14:44:20.635+0000] {logging_mixin.py:188} INFO - Delivered message to stock_data [0]
[2024-07-30T14:44:20.636+0000] {logging_mixin.py:188} INFO - Delivered message to stock_data [0]
[2024-07-30T14:44:20.636+0000] {logging_mixin.py:188} INFO - Delivered message to stock_data [0]
[2024-07-30T14:44:20.637+0000] {logging_mixin.py:188} INFO - Delivered message to stock_data [0]
[2024-07-30T14:44:20.637+0000] {logging_mixin.py:188} INFO - Delivered message to stock_data [0]
[2024-07-30T14:44:20.638+0000] {logging_mixin.py:188} INFO - Delivered message to stock_data [0]
[2024-07-30T14:44:20.638+0000] {logging_mixin.py:188} INFO - Delivered message to stock_data [0]
[2024-07-30T14:44:20.638+0000] {logging_mixin.py:188} INFO - Delivered message to stock_data [0]
[2024-07-30T14:44:20.639+0000] {logging_mixin.py:188} INFO - Delivered message to stock_data [0]
[2024-07-30T14:44:20.639+0000] {logging_mixin.py:188} INFO - Delivered message to stock_data [0]
[2024-07-30T14:44:20.640+0000] {logging_mixin.py:188} INFO - Delivered message to stock_data [0]
[2024-07-30T14:44:20.640+0000] {logging_mixin.py:188} INFO - Delivered message to stock_data [0]
[2024-07-30T14:44:20.640+0000] {logging_mixin.py:188} INFO - Delivered message to stock_data [0]
[2024-07-30T14:44:20.641+0000] {logging_mixin.py:188} INFO - Delivered message to stock_data [0]
[2024-07-30T14:44:20.641+0000] {logging_mixin.py:188} INFO - Delivered message to stock_data [0]
[2024-07-30T14:44:20.642+0000] {logging_mixin.py:188} INFO - Delivered message to stock_data [0]
[2024-07-30T14:44:20.642+0000] {logging_mixin.py:188} INFO - Delivered message to stock_data [0]
[2024-07-30T14:44:20.643+0000] {logging_mixin.py:188} INFO - Delivered message to stock_data [0]
[2024-07-30T14:44:20.643+0000] {logging_mixin.py:188} INFO - Delivered message to stock_data [0]
[2024-07-30T14:44:20.644+0000] {logging_mixin.py:188} INFO - Delivered message to stock_data [0]
[2024-07-30T14:44:20.644+0000] {logging_mixin.py:188} INFO - Delivered message to stock_data [0]
[2024-07-30T14:44:20.645+0000] {logging_mixin.py:188} INFO - Delivered message to stock_data [0]
[2024-07-30T14:44:20.645+0000] {logging_mixin.py:188} INFO - Delivered message to stock_data [0]
[2024-07-30T14:44:20.645+0000] {logging_mixin.py:188} INFO - Delivered message to stock_data [0]
[2024-07-30T14:44:20.646+0000] {logging_mixin.py:188} INFO - Delivered message to stock_data [0]
[2024-07-30T14:44:20.646+0000] {logging_mixin.py:188} INFO - Delivered message to stock_data [0]
[2024-07-30T14:44:20.647+0000] {logging_mixin.py:188} INFO - Delivered message to stock_data [0]
[2024-07-30T14:44:20.647+0000] {logging_mixin.py:188} INFO - Delivered message to stock_data [0]
[2024-07-30T14:44:20.648+0000] {logging_mixin.py:188} INFO - Delivered message to stock_data [0]
[2024-07-30T14:44:20.648+0000] {logging_mixin.py:188} INFO - Delivered message to stock_data [0]
[2024-07-30T14:44:20.648+0000] {logging_mixin.py:188} INFO - Delivered message to stock_data [0]
[2024-07-30T14:44:20.649+0000] {logging_mixin.py:188} INFO - Delivered message to stock_data [0]
[2024-07-30T14:44:20.649+0000] {logging_mixin.py:188} INFO - Delivered message to stock_data [0]
[2024-07-30T14:44:20.650+0000] {logging_mixin.py:188} INFO - Delivered message to stock_data [0]
[2024-07-30T14:44:20.650+0000] {logging_mixin.py:188} INFO - Delivered message to stock_data [0]
[2024-07-30T14:44:20.651+0000] {logging_mixin.py:188} INFO - Delivered message to stock_data [0]
[2024-07-30T14:44:20.651+0000] {logging_mixin.py:188} INFO - Delivered message to stock_data [0]
[2024-07-30T14:44:20.651+0000] {logging_mixin.py:188} INFO - Delivered message to stock_data [0]
[2024-07-30T14:44:20.652+0000] {logging_mixin.py:188} INFO - Delivered message to stock_data [0]
[2024-07-30T14:44:20.652+0000] {logging_mixin.py:188} INFO - Delivered message to stock_data [0]
[2024-07-30T14:44:20.653+0000] {logging_mixin.py:188} INFO - Delivered message to stock_data [0]
[2024-07-30T14:44:20.653+0000] {logging_mixin.py:188} INFO - Delivered message to stock_data [0]
[2024-07-30T14:44:20.653+0000] {logging_mixin.py:188} INFO - Delivered message to stock_data [0]
[2024-07-30T14:44:20.654+0000] {logging_mixin.py:188} INFO - Delivered message to stock_data [0]
[2024-07-30T14:44:20.654+0000] {logging_mixin.py:188} INFO - Delivered message to stock_data [0]
[2024-07-30T14:44:20.655+0000] {logging_mixin.py:188} INFO - Delivered message to stock_data [0]
[2024-07-30T14:44:20.655+0000] {logging_mixin.py:188} INFO - Delivered message to stock_data [0]
[2024-07-30T14:44:20.656+0000] {logging_mixin.py:188} INFO - Delivered message to stock_data [0]
[2024-07-30T14:44:20.656+0000] {logging_mixin.py:188} INFO - Delivered message to stock_data [0]
[2024-07-30T14:44:20.656+0000] {logging_mixin.py:188} INFO - Delivered message to stock_data [0]
[2024-07-30T14:44:20.657+0000] {logging_mixin.py:188} INFO - Delivered message to stock_data [0]
[2024-07-30T14:44:20.658+0000] {logging_mixin.py:188} INFO - Delivered message to stock_data [0]
[2024-07-30T14:44:20.658+0000] {logging_mixin.py:188} INFO - Delivered message to stock_data [0]
[2024-07-30T14:44:20.658+0000] {logging_mixin.py:188} INFO - Delivered message to stock_data [0]
[2024-07-30T14:44:20.659+0000] {logging_mixin.py:188} INFO - Delivered message to stock_data [0]
[2024-07-30T14:44:20.659+0000] {logging_mixin.py:188} INFO - Delivered message to stock_data [0]
[2024-07-30T14:44:20.660+0000] {logging_mixin.py:188} INFO - Delivered message to stock_data [0]
[2024-07-30T14:44:20.660+0000] {logging_mixin.py:188} INFO - Delivered message to stock_data [0]
[2024-07-30T14:44:20.661+0000] {logging_mixin.py:188} INFO - Delivered message to stock_data [0]
[2024-07-30T14:44:20.662+0000] {logging_mixin.py:188} INFO - Delivered message to stock_data [0]
[2024-07-30T14:44:20.662+0000] {logging_mixin.py:188} INFO - Delivered message to stock_data [0]
[2024-07-30T14:44:20.663+0000] {logging_mixin.py:188} INFO - Delivered message to stock_data [0]
[2024-07-30T14:44:20.663+0000] {logging_mixin.py:188} INFO - Delivered message to stock_data [0]
[2024-07-30T14:44:20.664+0000] {logging_mixin.py:188} INFO - Delivered message to stock_data [0]
[2024-07-30T14:44:20.664+0000] {logging_mixin.py:188} INFO - Delivered message to stock_data [0]
[2024-07-30T14:44:20.665+0000] {logging_mixin.py:188} INFO - Delivered message to stock_data [0]
[2024-07-30T14:44:20.665+0000] {logging_mixin.py:188} INFO - Delivered message to stock_data [0]
[2024-07-30T14:44:20.666+0000] {logging_mixin.py:188} INFO - Delivered message to stock_data [0]
[2024-07-30T14:44:20.666+0000] {logging_mixin.py:188} INFO - Delivered message to stock_data [0]
[2024-07-30T14:44:20.667+0000] {logging_mixin.py:188} INFO - Delivered message to stock_data [0]
[2024-07-30T14:44:20.667+0000] {logging_mixin.py:188} INFO - Delivered message to stock_data [0]
[2024-07-30T14:44:20.668+0000] {logging_mixin.py:188} INFO - Delivered message to stock_data [0]
[2024-07-30T14:44:20.668+0000] {logging_mixin.py:188} INFO - Delivered message to stock_data [0]
[2024-07-30T14:44:20.669+0000] {logging_mixin.py:188} INFO - Delivered message to stock_data [0]
[2024-07-30T14:44:20.669+0000] {logging_mixin.py:188} INFO - Delivered message to stock_data [0]
[2024-07-30T14:44:20.670+0000] {logging_mixin.py:188} INFO - Delivered message to stock_data [0]
[2024-07-30T14:44:20.670+0000] {logging_mixin.py:188} INFO - Delivered message to stock_data [0]
[2024-07-30T14:44:20.671+0000] {logging_mixin.py:188} INFO - Delivered message to stock_data [0]
[2024-07-30T14:44:20.671+0000] {logging_mixin.py:188} INFO - Delivered message to stock_data [0]
[2024-07-30T14:44:20.672+0000] {logging_mixin.py:188} INFO - Delivered message to stock_data [0]
[2024-07-30T14:44:20.672+0000] {logging_mixin.py:188} INFO - Delivered message to stock_data [0]
[2024-07-30T14:44:20.673+0000] {logging_mixin.py:188} INFO - Delivered message to stock_data [0]
[2024-07-30T14:44:20.673+0000] {logging_mixin.py:188} INFO - Delivered message to stock_data [0]
[2024-07-30T14:44:20.674+0000] {logging_mixin.py:188} INFO - Delivered message to stock_data [0]
[2024-07-30T14:44:20.674+0000] {logging_mixin.py:188} INFO - Delivered message to stock_data [0]
[2024-07-30T14:44:20.675+0000] {logging_mixin.py:188} INFO - Delivered message to stock_data [0]
[2024-07-30T14:44:20.675+0000] {logging_mixin.py:188} INFO - Delivered message to stock_data [0]
[2024-07-30T14:44:20.676+0000] {logging_mixin.py:188} INFO - Delivered message to stock_data [0]
[2024-07-30T14:44:20.676+0000] {logging_mixin.py:188} INFO - Delivered message to stock_data [0]
[2024-07-30T14:44:20.677+0000] {logging_mixin.py:188} INFO - Delivered message to stock_data [0]
[2024-07-30T14:44:20.677+0000] {logging_mixin.py:188} INFO - Delivered message to stock_data [0]
[2024-07-30T14:44:20.678+0000] {logging_mixin.py:188} INFO - Delivered message to stock_data [0]
[2024-07-30T14:44:20.678+0000] {logging_mixin.py:188} INFO - Delivered message to stock_data [0]
[2024-07-30T14:44:20.679+0000] {logging_mixin.py:188} INFO - Delivered message to stock_data [0]
[2024-07-30T14:44:20.679+0000] {logging_mixin.py:188} INFO - Delivered message to stock_data [0]
[2024-07-30T14:44:20.680+0000] {logging_mixin.py:188} INFO - Delivered message to stock_data [0]
[2024-07-30T14:44:20.680+0000] {logging_mixin.py:188} INFO - Delivered message to stock_data [0]
[2024-07-30T14:44:20.681+0000] {logging_mixin.py:188} INFO - Delivered message to stock_data [0]
[2024-07-30T14:44:20.681+0000] {logging_mixin.py:188} INFO - Delivered message to stock_data [0]
[2024-07-30T14:44:20.682+0000] {logging_mixin.py:188} INFO - Delivered message to stock_data [0]
[2024-07-30T14:44:20.682+0000] {logging_mixin.py:188} INFO - Delivered message to stock_data [0]
[2024-07-30T14:44:20.683+0000] {logging_mixin.py:188} INFO - Delivered message to stock_data [0]
[2024-07-30T14:44:20.683+0000] {logging_mixin.py:188} INFO - Delivered message to stock_data [0]
[2024-07-30T14:44:20.684+0000] {logging_mixin.py:188} INFO - Delivered message to stock_data [0]
[2024-07-30T14:44:20.684+0000] {logging_mixin.py:188} INFO - Delivered message to stock_data [0]
[2024-07-30T14:44:20.685+0000] {logging_mixin.py:188} INFO - Delivered message to stock_data [0]
[2024-07-30T14:44:20.685+0000] {logging_mixin.py:188} INFO - Delivered message to stock_data [0]
[2024-07-30T14:44:20.686+0000] {logging_mixin.py:188} INFO - Delivered message to stock_data [0]
[2024-07-30T14:44:20.686+0000] {logging_mixin.py:188} INFO - Delivered message to stock_data [0]
[2024-07-30T14:44:20.687+0000] {logging_mixin.py:188} INFO - Delivered message to stock_data [0]
[2024-07-30T14:44:20.687+0000] {logging_mixin.py:188} INFO - Delivered message to stock_data [0]
[2024-07-30T14:44:20.688+0000] {logging_mixin.py:188} INFO - Delivered message to stock_data [0]
[2024-07-30T14:44:20.688+0000] {logging_mixin.py:188} INFO - Delivered message to stock_data [0]
[2024-07-30T14:44:20.689+0000] {logging_mixin.py:188} INFO - Delivered message to stock_data [0]
[2024-07-30T14:44:20.689+0000] {logging_mixin.py:188} INFO - Delivered message to stock_data [0]
[2024-07-30T14:44:20.690+0000] {logging_mixin.py:188} INFO - Delivered message to stock_data [0]
[2024-07-30T14:44:20.690+0000] {logging_mixin.py:188} INFO - Delivered message to stock_data [0]
[2024-07-30T14:44:20.691+0000] {logging_mixin.py:188} INFO - Delivered message to stock_data [0]
[2024-07-30T14:44:20.691+0000] {logging_mixin.py:188} INFO - Delivered message to stock_data [0]
[2024-07-30T14:44:20.692+0000] {logging_mixin.py:188} INFO - Delivered message to stock_data [0]
[2024-07-30T14:44:20.692+0000] {logging_mixin.py:188} INFO - Delivered message to stock_data [0]
[2024-07-30T14:44:20.693+0000] {logging_mixin.py:188} INFO - Delivered message to stock_data [0]
[2024-07-30T14:44:20.693+0000] {logging_mixin.py:188} INFO - Delivered message to stock_data [0]
[2024-07-30T14:44:20.694+0000] {logging_mixin.py:188} INFO - Delivered message to stock_data [0]
[2024-07-30T14:44:20.694+0000] {logging_mixin.py:188} INFO - Delivered message to stock_data [0]
[2024-07-30T14:44:20.695+0000] {logging_mixin.py:188} INFO - Delivered message to stock_data [0]
[2024-07-30T14:44:20.696+0000] {logging_mixin.py:188} INFO - Delivered message to stock_data [0]
[2024-07-30T14:44:20.696+0000] {logging_mixin.py:188} INFO - Delivered message to stock_data [0]
[2024-07-30T14:44:20.696+0000] {logging_mixin.py:188} INFO - Delivered message to stock_data [0]
[2024-07-30T14:44:20.697+0000] {logging_mixin.py:188} INFO - Delivered message to stock_data [0]
[2024-07-30T14:44:20.697+0000] {logging_mixin.py:188} INFO - Delivered message to stock_data [0]
[2024-07-30T14:44:20.698+0000] {logging_mixin.py:188} INFO - Delivered message to stock_data [0]
[2024-07-30T14:44:20.698+0000] {logging_mixin.py:188} INFO - Delivered message to stock_data [0]
[2024-07-30T14:44:20.699+0000] {logging_mixin.py:188} INFO - Delivered message to stock_data [0]
[2024-07-30T14:44:20.699+0000] {logging_mixin.py:188} INFO - Delivered message to stock_data [0]
[2024-07-30T14:44:20.700+0000] {logging_mixin.py:188} INFO - Delivered message to stock_data [0]
[2024-07-30T14:44:20.700+0000] {logging_mixin.py:188} INFO - Delivered message to stock_data [0]
[2024-07-30T14:44:20.701+0000] {logging_mixin.py:188} INFO - Delivered message to stock_data [0]
[2024-07-30T14:44:20.701+0000] {logging_mixin.py:188} INFO - Delivered message to stock_data [0]
[2024-07-30T14:44:20.702+0000] {logging_mixin.py:188} INFO - Delivered message to stock_data [0]
[2024-07-30T14:44:20.702+0000] {logging_mixin.py:188} INFO - Delivered message to stock_data [0]
[2024-07-30T14:44:20.703+0000] {logging_mixin.py:188} INFO - Delivered message to stock_data [0]
[2024-07-30T14:44:20.703+0000] {logging_mixin.py:188} INFO - Delivered message to stock_data [0]
[2024-07-30T14:44:20.704+0000] {logging_mixin.py:188} INFO - Delivered message to stock_data [0]
[2024-07-30T14:44:20.705+0000] {logging_mixin.py:188} INFO - Delivered message to stock_data [0]
[2024-07-30T14:44:20.705+0000] {logging_mixin.py:188} INFO - Delivered message to stock_data [0]
[2024-07-30T14:44:20.709+0000] {logging_mixin.py:188} INFO - Delivered message to stock_data [0]
[2024-07-30T14:44:20.710+0000] {logging_mixin.py:188} INFO - Delivered message to stock_data [0]
[2024-07-30T14:44:20.711+0000] {logging_mixin.py:188} INFO - Delivered message to stock_data [0]
[2024-07-30T14:44:20.711+0000] {logging_mixin.py:188} INFO - Delivered message to stock_data [0]
[2024-07-30T14:44:20.712+0000] {logging_mixin.py:188} INFO - Delivered message to stock_data [0]
[2024-07-30T14:44:20.712+0000] {logging_mixin.py:188} INFO - Delivered message to stock_data [0]
[2024-07-30T14:44:20.713+0000] {logging_mixin.py:188} INFO - Delivered message to stock_data [0]
[2024-07-30T14:44:20.713+0000] {logging_mixin.py:188} INFO - Delivered message to stock_data [0]
[2024-07-30T14:44:20.714+0000] {logging_mixin.py:188} INFO - Delivered message to stock_data [0]
[2024-07-30T14:44:20.714+0000] {logging_mixin.py:188} INFO - Delivered message to stock_data [0]
[2024-07-30T14:44:20.715+0000] {logging_mixin.py:188} INFO - Delivered message to stock_data [0]
[2024-07-30T14:44:20.715+0000] {logging_mixin.py:188} INFO - Delivered message to stock_data [0]
[2024-07-30T14:44:20.716+0000] {logging_mixin.py:188} INFO - Delivered message to stock_data [0]
[2024-07-30T14:44:20.716+0000] {logging_mixin.py:188} INFO - Delivered message to stock_data [0]
[2024-07-30T14:44:20.717+0000] {logging_mixin.py:188} INFO - Delivered message to stock_data [0]
[2024-07-30T14:44:20.717+0000] {logging_mixin.py:188} INFO - Delivered message to stock_data [0]
[2024-07-30T14:44:20.718+0000] {logging_mixin.py:188} INFO - Delivered message to stock_data [0]
[2024-07-30T14:44:20.718+0000] {logging_mixin.py:188} INFO - Delivered message to stock_data [0]
[2024-07-30T14:44:20.719+0000] {logging_mixin.py:188} INFO - Delivered message to stock_data [0]
[2024-07-30T14:44:20.719+0000] {logging_mixin.py:188} INFO - Delivered message to stock_data [0]
[2024-07-30T14:44:20.720+0000] {logging_mixin.py:188} INFO - Delivered message to stock_data [0]
[2024-07-30T14:44:20.720+0000] {logging_mixin.py:188} INFO - Delivered message to stock_data [0]
[2024-07-30T14:44:20.720+0000] {logging_mixin.py:188} INFO - Delivered message to stock_data [0]
[2024-07-30T14:44:20.721+0000] {logging_mixin.py:188} INFO - Delivered message to stock_data [0]
[2024-07-30T14:44:20.721+0000] {logging_mixin.py:188} INFO - Delivered message to stock_data [0]
[2024-07-30T14:44:20.722+0000] {logging_mixin.py:188} INFO - Delivered message to stock_data [0]
[2024-07-30T14:44:20.722+0000] {logging_mixin.py:188} INFO - Delivered message to stock_data [0]
[2024-07-30T14:44:20.723+0000] {logging_mixin.py:188} INFO - Delivered message to stock_data [0]
[2024-07-30T14:44:20.723+0000] {logging_mixin.py:188} INFO - Delivered message to stock_data [0]
[2024-07-30T14:44:20.724+0000] {logging_mixin.py:188} INFO - Delivered message to stock_data [0]
[2024-07-30T14:44:20.724+0000] {logging_mixin.py:188} INFO - Delivered message to stock_data [0]
[2024-07-30T14:44:20.725+0000] {logging_mixin.py:188} INFO - Delivered message to stock_data [0]
[2024-07-30T14:44:20.725+0000] {logging_mixin.py:188} INFO - Delivered message to stock_data [0]
[2024-07-30T14:44:20.726+0000] {logging_mixin.py:188} INFO - Delivered message to stock_data [0]
[2024-07-30T14:44:20.727+0000] {logging_mixin.py:188} INFO - Delivered message to stock_data [0]
[2024-07-30T14:44:20.727+0000] {logging_mixin.py:188} INFO - Delivered message to stock_data [0]
[2024-07-30T14:44:20.728+0000] {logging_mixin.py:188} INFO - Delivered message to stock_data [0]
[2024-07-30T14:44:20.728+0000] {logging_mixin.py:188} INFO - Delivered message to stock_data [0]
[2024-07-30T14:44:20.729+0000] {logging_mixin.py:188} INFO - Delivered message to stock_data [0]
[2024-07-30T14:44:20.729+0000] {logging_mixin.py:188} INFO - Delivered message to stock_data [0]
[2024-07-30T14:44:20.730+0000] {logging_mixin.py:188} INFO - Delivered message to stock_data [0]
[2024-07-30T14:44:20.730+0000] {logging_mixin.py:188} INFO - Delivered message to stock_data [0]
[2024-07-30T14:44:20.731+0000] {logging_mixin.py:188} INFO - Delivered message to stock_data [0]
[2024-07-30T14:44:20.731+0000] {logging_mixin.py:188} INFO - Delivered message to stock_data [0]
[2024-07-30T14:44:20.732+0000] {logging_mixin.py:188} INFO - Delivered message to stock_data [0]
[2024-07-30T14:44:20.732+0000] {logging_mixin.py:188} INFO - Delivered message to stock_data [0]
[2024-07-30T14:44:20.733+0000] {logging_mixin.py:188} INFO - Delivered message to stock_data [0]
[2024-07-30T14:44:20.733+0000] {logging_mixin.py:188} INFO - Delivered message to stock_data [0]
[2024-07-30T14:44:20.734+0000] {logging_mixin.py:188} INFO - Delivered message to stock_data [0]
[2024-07-30T14:44:20.734+0000] {logging_mixin.py:188} INFO - Delivered message to stock_data [0]
[2024-07-30T14:44:20.735+0000] {logging_mixin.py:188} INFO - Delivered message to stock_data [0]
[2024-07-30T14:44:20.735+0000] {logging_mixin.py:188} INFO - Delivered message to stock_data [0]
[2024-07-30T14:44:20.735+0000] {logging_mixin.py:188} INFO - Delivered message to stock_data [0]
[2024-07-30T14:44:20.736+0000] {logging_mixin.py:188} INFO - Delivered message to stock_data [0]
[2024-07-30T14:44:20.737+0000] {logging_mixin.py:188} INFO - Delivered message to stock_data [0]
[2024-07-30T14:44:20.737+0000] {logging_mixin.py:188} INFO - Delivered message to stock_data [0]
[2024-07-30T14:44:20.738+0000] {logging_mixin.py:188} INFO - Delivered message to stock_data [0]
[2024-07-30T14:44:20.738+0000] {logging_mixin.py:188} INFO - Delivered message to stock_data [0]
[2024-07-30T14:44:20.739+0000] {logging_mixin.py:188} INFO - Delivered message to stock_data [0]
[2024-07-30T14:44:20.740+0000] {logging_mixin.py:188} INFO - Delivered message to stock_data [0]
[2024-07-30T14:44:20.740+0000] {logging_mixin.py:188} INFO - Delivered message to stock_data [0]
[2024-07-30T14:44:20.741+0000] {logging_mixin.py:188} INFO - Delivered message to stock_data [0]
[2024-07-30T14:44:20.741+0000] {logging_mixin.py:188} INFO - Delivered message to stock_data [0]
[2024-07-30T14:44:20.742+0000] {logging_mixin.py:188} INFO - Delivered message to stock_data [0]
[2024-07-30T14:44:20.743+0000] {logging_mixin.py:188} INFO - Delivered message to stock_data [0]
[2024-07-30T14:44:20.743+0000] {logging_mixin.py:188} INFO - Delivered message to stock_data [0]
[2024-07-30T14:44:20.744+0000] {logging_mixin.py:188} INFO - Delivered message to stock_data [0]
[2024-07-30T14:44:20.744+0000] {logging_mixin.py:188} INFO - Delivered message to stock_data [0]
[2024-07-30T14:44:20.745+0000] {logging_mixin.py:188} INFO - Delivered message to stock_data [0]
[2024-07-30T14:44:20.745+0000] {logging_mixin.py:188} INFO - Delivered message to stock_data [0]
[2024-07-30T14:44:20.746+0000] {logging_mixin.py:188} INFO - Delivered message to stock_data [0]
[2024-07-30T14:44:20.746+0000] {logging_mixin.py:188} INFO - Delivered message to stock_data [0]
[2024-07-30T14:44:20.747+0000] {logging_mixin.py:188} INFO - Delivered message to stock_data [0]
[2024-07-30T14:44:20.747+0000] {logging_mixin.py:188} INFO - Delivered message to stock_data [0]
[2024-07-30T14:44:20.747+0000] {logging_mixin.py:188} INFO - Delivered message to stock_data [0]
[2024-07-30T14:44:20.748+0000] {logging_mixin.py:188} INFO - Delivered message to stock_data [0]
[2024-07-30T14:44:20.748+0000] {logging_mixin.py:188} INFO - Delivered message to stock_data [0]
[2024-07-30T14:44:20.749+0000] {logging_mixin.py:188} INFO - Delivered message to stock_data [0]
[2024-07-30T14:44:20.749+0000] {logging_mixin.py:188} INFO - Delivered message to stock_data [0]
[2024-07-30T14:44:20.750+0000] {logging_mixin.py:188} INFO - Delivered message to stock_data [0]
[2024-07-30T14:44:20.750+0000] {logging_mixin.py:188} INFO - Delivered message to stock_data [0]
[2024-07-30T14:44:20.751+0000] {logging_mixin.py:188} INFO - Delivered message to stock_data [0]
[2024-07-30T14:44:20.751+0000] {logging_mixin.py:188} INFO - Delivered message to stock_data [0]
[2024-07-30T14:44:20.752+0000] {logging_mixin.py:188} INFO - Delivered message to stock_data [0]
[2024-07-30T14:44:20.752+0000] {logging_mixin.py:188} INFO - Delivered message to stock_data [0]
[2024-07-30T14:44:20.753+0000] {logging_mixin.py:188} INFO - Delivered message to stock_data [0]
[2024-07-30T14:44:20.753+0000] {logging_mixin.py:188} INFO - Delivered message to stock_data [0]
[2024-07-30T14:44:20.754+0000] {logging_mixin.py:188} INFO - Delivered message to stock_data [0]
[2024-07-30T14:44:20.754+0000] {logging_mixin.py:188} INFO - Delivered message to stock_data [0]
[2024-07-30T14:44:20.754+0000] {logging_mixin.py:188} INFO - Delivered message to stock_data [0]
[2024-07-30T14:44:20.755+0000] {logging_mixin.py:188} INFO - Delivered message to stock_data [0]
[2024-07-30T14:44:20.755+0000] {logging_mixin.py:188} INFO - Delivered message to stock_data [0]
[2024-07-30T14:44:20.756+0000] {logging_mixin.py:188} INFO - Delivered message to stock_data [0]
[2024-07-30T14:44:20.756+0000] {logging_mixin.py:188} INFO - Delivered message to stock_data [0]
[2024-07-30T14:44:20.756+0000] {logging_mixin.py:188} INFO - Delivered message to stock_data [0]
[2024-07-30T14:44:20.757+0000] {logging_mixin.py:188} INFO - Delivered message to stock_data [0]
[2024-07-30T14:44:20.757+0000] {logging_mixin.py:188} INFO - Delivered message to stock_data [0]
[2024-07-30T14:44:20.758+0000] {logging_mixin.py:188} INFO - Delivered message to stock_data [0]
[2024-07-30T14:44:20.758+0000] {logging_mixin.py:188} INFO - Delivered message to stock_data [0]
[2024-07-30T14:44:20.759+0000] {logging_mixin.py:188} INFO - Delivered message to stock_data [0]
[2024-07-30T14:44:20.760+0000] {python.py:237} INFO - Done. Returned value was: None
[2024-07-30T14:44:20.760+0000] {taskinstance.py:441} INFO - ::group::Post task execution logs
[2024-07-30T14:44:20.775+0000] {taskinstance.py:1206} INFO - Marking task as SUCCESS. dag_id=send_stock_data, task_id=send_data, run_id=scheduled__2024-07-30T14:43:00+00:00, execution_date=20240730T144300, start_date=20240730T144418, end_date=20240730T144420
[2024-07-30T14:44:20.836+0000] {local_task_job_runner.py:243} INFO - Task exited with return code 0
[2024-07-30T14:44:20.863+0000] {taskinstance.py:3503} INFO - 0 downstream tasks scheduled from follow-on schedule check
[2024-07-30T14:44:20.869+0000] {local_task_job_runner.py:222} INFO - ::endgroup::
