[2024-07-25 17:51:56,385] {taskinstance.py:1179} INFO - Dependencies all met for <TaskInstance: send_stock_data.format_data scheduled__2024-07-25T17:50:00+00:00 [queued]>
[2024-07-25 17:51:56,391] {taskinstance.py:1179} INFO - Dependencies all met for <TaskInstance: send_stock_data.format_data scheduled__2024-07-25T17:50:00+00:00 [queued]>
[2024-07-25 17:51:56,391] {taskinstance.py:1376} INFO - 
--------------------------------------------------------------------------------
[2024-07-25 17:51:56,391] {taskinstance.py:1377} INFO - Starting attempt 1 of 1
[2024-07-25 17:51:56,392] {taskinstance.py:1378} INFO - 
--------------------------------------------------------------------------------
[2024-07-25 17:51:56,403] {taskinstance.py:1397} INFO - Executing <Task(PythonOperator): format_data> on 2024-07-25 17:50:00+00:00
[2024-07-25 17:51:56,407] {standard_task_runner.py:52} INFO - Started process 668 to run task
[2024-07-25 17:51:56,409] {standard_task_runner.py:79} INFO - Running: ['***', 'tasks', 'run', 'send_stock_data', 'format_data', 'scheduled__2024-07-25T17:50:00+00:00', '--job-id', '32', '--raw', '--subdir', 'DAGS_FOLDER/***_stream.py', '--cfg-path', '/tmp/tmpcm_joili', '--error-file', '/tmp/tmpdtq8ben0']
[2024-07-25 17:51:56,410] {standard_task_runner.py:80} INFO - Job 32: Subtask format_data
[2024-07-25 17:51:56,421] {logging_mixin.py:115} WARNING - /home/***/.local/lib/python3.10/site-packages/***/configuration.py:528 DeprecationWarning: The sql_alchemy_conn option in [core] has been moved to the sql_alchemy_conn option in [database] - the old setting has been used, but please update your config.
[2024-07-25 17:51:56,454] {task_command.py:371} INFO - Running <TaskInstance: send_stock_data.format_data scheduled__2024-07-25T17:50:00+00:00 [running]> on host 3375e7ece4d4
[2024-07-25 17:51:56,499] {taskinstance.py:1589} INFO - Exporting the following env vars:
AIRFLOW_CTX_DAG_OWNER=***
AIRFLOW_CTX_DAG_ID=send_stock_data
AIRFLOW_CTX_TASK_ID=format_data
AIRFLOW_CTX_EXECUTION_DATE=2024-07-25T17:50:00+00:00
AIRFLOW_CTX_TRY_NUMBER=1
AIRFLOW_CTX_DAG_RUN_ID=scheduled__2024-07-25T17:50:00+00:00
[2024-07-25 17:51:56,507] {python.py:173} INFO - Done. Returned value was: {'date_time': '25/07/2024, 17:51:15', 'open': 218.87, 'high': 220.85, 'low': 214.62, 'current_price': 220.16, 'previous_close': 218.54, 'change_percent': 0.7413}
[2024-07-25 17:51:56,524] {taskinstance.py:1415} INFO - Marking task as SUCCESS. dag_id=send_stock_data, task_id=format_data, execution_date=20240725T175000, start_date=20240725T175156, end_date=20240725T175156
[2024-07-25 17:51:56,540] {local_task_job.py:156} INFO - Task exited with return code 0
[2024-07-25 17:51:56,564] {local_task_job.py:273} INFO - 1 downstream tasks scheduled from follow-on schedule check
