[2024-07-28 12:15:03,457] {taskinstance.py:1179} INFO - Dependencies all met for <TaskInstance: send_stock_data.send_data scheduled__2024-07-28T12:10:00+00:00 [queued]>
[2024-07-28 12:15:03,465] {taskinstance.py:1179} INFO - Dependencies all met for <TaskInstance: send_stock_data.send_data scheduled__2024-07-28T12:10:00+00:00 [queued]>
[2024-07-28 12:15:03,465] {taskinstance.py:1376} INFO - 
--------------------------------------------------------------------------------
[2024-07-28 12:15:03,465] {taskinstance.py:1377} INFO - Starting attempt 1 of 1
[2024-07-28 12:15:03,466] {taskinstance.py:1378} INFO - 
--------------------------------------------------------------------------------
[2024-07-28 12:15:03,479] {taskinstance.py:1397} INFO - Executing <Task(PythonOperator): send_data> on 2024-07-28 12:10:00+00:00
[2024-07-28 12:15:03,483] {standard_task_runner.py:52} INFO - Started process 1091 to run task
[2024-07-28 12:15:03,486] {standard_task_runner.py:79} INFO - Running: ['***', 'tasks', 'run', 'send_stock_data', 'send_data', 'scheduled__2024-07-28T12:10:00+00:00', '--job-id', '40', '--raw', '--subdir', 'DAGS_FOLDER/***_stream.py', '--cfg-path', '/tmp/tmpvhnxrraz', '--error-file', '/tmp/tmplwahzdel']
[2024-07-28 12:15:03,487] {standard_task_runner.py:80} INFO - Job 40: Subtask send_data
[2024-07-28 12:15:03,502] {logging_mixin.py:115} WARNING - /home/***/.local/lib/python3.10/site-packages/***/configuration.py:528 DeprecationWarning: The sql_alchemy_conn option in [core] has been moved to the sql_alchemy_conn option in [database] - the old setting has been used, but please update your config.
[2024-07-28 12:15:03,544] {task_command.py:371} INFO - Running <TaskInstance: send_stock_data.send_data scheduled__2024-07-28T12:10:00+00:00 [running]> on host 77ea918c6e81
[2024-07-28 12:15:03,601] {taskinstance.py:1589} INFO - Exporting the following env vars:
AIRFLOW_CTX_DAG_OWNER=***
AIRFLOW_CTX_DAG_ID=send_stock_data
AIRFLOW_CTX_TASK_ID=send_data
AIRFLOW_CTX_EXECUTION_DATE=2024-07-28T12:10:00+00:00
AIRFLOW_CTX_TRY_NUMBER=1
AIRFLOW_CTX_DAG_RUN_ID=scheduled__2024-07-28T12:10:00+00:00
