[2024-07-25 18:13:02,224] {taskinstance.py:1179} INFO - Dependencies all met for <TaskInstance: send_stock_data.format_data scheduled__2024-07-25T18:12:00+00:00 [queued]>
[2024-07-25 18:13:02,230] {taskinstance.py:1179} INFO - Dependencies all met for <TaskInstance: send_stock_data.format_data scheduled__2024-07-25T18:12:00+00:00 [queued]>
[2024-07-25 18:13:02,230] {taskinstance.py:1376} INFO - 
--------------------------------------------------------------------------------
[2024-07-25 18:13:02,230] {taskinstance.py:1377} INFO - Starting attempt 1 of 1
[2024-07-25 18:13:02,231] {taskinstance.py:1378} INFO - 
--------------------------------------------------------------------------------
[2024-07-25 18:13:02,242] {taskinstance.py:1397} INFO - Executing <Task(PythonOperator): format_data> on 2024-07-25 18:12:00+00:00
[2024-07-25 18:13:02,245] {standard_task_runner.py:52} INFO - Started process 1121 to run task
[2024-07-25 18:13:02,247] {standard_task_runner.py:79} INFO - Running: ['***', 'tasks', 'run', 'send_stock_data', 'format_data', 'scheduled__2024-07-25T18:12:00+00:00', '--job-id', '47', '--raw', '--subdir', 'DAGS_FOLDER/***_stream.py', '--cfg-path', '/tmp/tmppxvp6sdp', '--error-file', '/tmp/tmppz75lsp6']
[2024-07-25 18:13:02,248] {standard_task_runner.py:80} INFO - Job 47: Subtask format_data
[2024-07-25 18:13:02,260] {logging_mixin.py:115} WARNING - /home/***/.local/lib/python3.10/site-packages/***/configuration.py:528 DeprecationWarning: The sql_alchemy_conn option in [core] has been moved to the sql_alchemy_conn option in [database] - the old setting has been used, but please update your config.
[2024-07-25 18:13:02,294] {task_command.py:371} INFO - Running <TaskInstance: send_stock_data.format_data scheduled__2024-07-25T18:12:00+00:00 [running]> on host 3375e7ece4d4
[2024-07-25 18:13:02,342] {taskinstance.py:1589} INFO - Exporting the following env vars:
AIRFLOW_CTX_DAG_OWNER=***
AIRFLOW_CTX_DAG_ID=send_stock_data
AIRFLOW_CTX_TASK_ID=format_data
AIRFLOW_CTX_EXECUTION_DATE=2024-07-25T18:12:00+00:00
AIRFLOW_CTX_TRY_NUMBER=1
AIRFLOW_CTX_DAG_RUN_ID=scheduled__2024-07-25T18:12:00+00:00
[2024-07-25 18:13:02,350] {python.py:173} INFO - Done. Returned value was: {'date_time': '25/07/2024, 18:12:10', 'open': 218.87, 'high': 220.85, 'low': 214.62, 'current_price': 219.84, 'previous_close': 218.54, 'change_percent': 0.5949}
[2024-07-25 18:13:02,369] {taskinstance.py:1415} INFO - Marking task as SUCCESS. dag_id=send_stock_data, task_id=format_data, execution_date=20240725T181200, start_date=20240725T181302, end_date=20240725T181302
[2024-07-25 18:13:02,419] {local_task_job.py:156} INFO - Task exited with return code 0
[2024-07-25 18:13:02,445] {local_task_job.py:273} INFO - 1 downstream tasks scheduled from follow-on schedule check
