[2024-08-07T04:48:26.724+0000] {local_task_job_runner.py:120} INFO - ::group::Pre task execution logs
[2024-08-07T04:48:26.780+0000] {taskinstance.py:2076} INFO - Dependencies all met for dep_context=non-requeueable deps ti=<TaskInstance: stock_data_streaming.send_data scheduled__2024-08-05T05:00:00+00:00 [queued]>
[2024-08-07T04:48:26.793+0000] {taskinstance.py:2076} INFO - Dependencies all met for dep_context=requeueable deps ti=<TaskInstance: stock_data_streaming.send_data scheduled__2024-08-05T05:00:00+00:00 [queued]>
[2024-08-07T04:48:26.794+0000] {taskinstance.py:2306} INFO - Starting attempt 1 of 2
[2024-08-07T04:48:26.819+0000] {taskinstance.py:2330} INFO - Executing <Task(PythonOperator): send_data> on 2024-08-05 05:00:00+00:00
[2024-08-07T04:48:26.831+0000] {logging_mixin.py:188} WARNING - /home/***/.local/lib/python3.12/site-packages/***/task/task_runner/standard_task_runner.py:62 DeprecationWarning: This process (pid=1618) is multi-threaded, use of fork() may lead to deadlocks in the child.
[2024-08-07T04:48:26.832+0000] {standard_task_runner.py:64} INFO - Started process 1620 to run task
[2024-08-07T04:48:26.831+0000] {standard_task_runner.py:90} INFO - Running: ['***', 'tasks', 'run', 'stock_data_streaming', 'send_data', 'scheduled__2024-08-05T05:00:00+00:00', '--job-id', '113', '--raw', '--subdir', 'DAGS_FOLDER/stock_dairly.py', '--cfg-path', '/tmp/tmp31aigley']
[2024-08-07T04:48:26.833+0000] {standard_task_runner.py:91} INFO - Job 113: Subtask send_data
[2024-08-07T04:48:26.856+0000] {logging_mixin.py:188} WARNING - /home/***/.local/lib/python3.12/site-packages/***/settings.py:195 DeprecationWarning: The sql_alchemy_conn option in [core] has been moved to the sql_alchemy_conn option in [database] - the old setting has been used, but please update your config.
[2024-08-07T04:48:26.910+0000] {task_command.py:426} INFO - Running <TaskInstance: stock_data_streaming.send_data scheduled__2024-08-05T05:00:00+00:00 [running]> on host 8b57410c2c11
[2024-08-07T04:48:27.036+0000] {taskinstance.py:2648} INFO - Exporting env vars: AIRFLOW_CTX_DAG_OWNER='***' AIRFLOW_CTX_DAG_ID='stock_data_streaming' AIRFLOW_CTX_TASK_ID='send_data' AIRFLOW_CTX_EXECUTION_DATE='2024-08-05T05:00:00+00:00' AIRFLOW_CTX_TRY_NUMBER='1' AIRFLOW_CTX_DAG_RUN_ID='scheduled__2024-08-05T05:00:00+00:00'
[2024-08-07T04:48:27.038+0000] {taskinstance.py:430} INFO - ::endgroup::
[2024-08-07T04:48:28.062+0000] {logging_mixin.py:188} INFO - Delivered message to NFLX [0]
[2024-08-07T04:48:28.063+0000] {logging_mixin.py:188} INFO - Delivered message to META [0]
[2024-08-07T04:48:28.064+0000] {logging_mixin.py:188} INFO - Delivered message to NVDA [0]
[2024-08-07T04:48:28.065+0000] {logging_mixin.py:188} INFO - Delivered message to GOOGL [0]
[2024-08-07T04:48:28.065+0000] {logging_mixin.py:188} INFO - Delivered message to AAPL [0]
[2024-08-07T04:48:28.066+0000] {logging_mixin.py:188} INFO - Delivered message to QCOM [0]
[2024-08-07T04:48:28.066+0000] {logging_mixin.py:188} INFO - Delivered message to INTC [0]
[2024-08-07T04:48:28.067+0000] {logging_mixin.py:188} INFO - Delivered message to AMD [0]
[2024-08-07T04:48:28.067+0000] {logging_mixin.py:188} INFO - Delivered message to AMZN [0]
[2024-08-07T04:48:28.068+0000] {python.py:237} INFO - Done. Returned value was: None
[2024-08-07T04:48:28.069+0000] {taskinstance.py:441} INFO - ::group::Post task execution logs
[2024-08-07T04:48:28.085+0000] {taskinstance.py:1206} INFO - Marking task as SUCCESS. dag_id=stock_data_streaming, task_id=send_data, run_id=scheduled__2024-08-05T05:00:00+00:00, execution_date=20240805T050000, start_date=20240807T044826, end_date=20240807T044828
[2024-08-07T04:48:28.133+0000] {local_task_job_runner.py:243} INFO - Task exited with return code 0
[2024-08-07T04:48:28.165+0000] {taskinstance.py:3503} INFO - 0 downstream tasks scheduled from follow-on schedule check
[2024-08-07T04:48:28.171+0000] {local_task_job_runner.py:222} INFO - ::endgroup::
