[2024-08-07T04:23:43.467+0000] {local_task_job_runner.py:120} INFO - ::group::Pre task execution logs
[2024-08-07T04:23:43.525+0000] {taskinstance.py:2076} INFO - Dependencies all met for dep_context=non-requeueable deps ti=<TaskInstance: AMZN.get_data scheduled__2024-07-15T00:00:00+00:00 [queued]>
[2024-08-07T04:23:43.539+0000] {taskinstance.py:2076} INFO - Dependencies all met for dep_context=requeueable deps ti=<TaskInstance: AMZN.get_data scheduled__2024-07-15T00:00:00+00:00 [queued]>
[2024-08-07T04:23:43.540+0000] {taskinstance.py:2306} INFO - Starting attempt 1 of 2
[2024-08-07T04:23:43.564+0000] {taskinstance.py:2330} INFO - Executing <Task(PythonOperator): get_data> on 2024-07-15 00:00:00+00:00
[2024-08-07T04:23:43.575+0000] {logging_mixin.py:188} WARNING - /home/***/.local/lib/python3.12/site-packages/***/task/task_runner/standard_task_runner.py:62 DeprecationWarning: This process (pid=848) is multi-threaded, use of fork() may lead to deadlocks in the child.
[2024-08-07T04:23:43.576+0000] {standard_task_runner.py:64} INFO - Started process 850 to run task
[2024-08-07T04:23:43.574+0000] {standard_task_runner.py:90} INFO - Running: ['***', 'tasks', 'run', 'AMZN', 'get_data', 'scheduled__2024-07-15T00:00:00+00:00', '--job-id', '90', '--raw', '--subdir', 'DAGS_FOLDER/***_stream.py', '--cfg-path', '/tmp/tmpi747y587']
[2024-08-07T04:23:43.577+0000] {standard_task_runner.py:91} INFO - Job 90: Subtask get_data
[2024-08-07T04:23:43.600+0000] {logging_mixin.py:188} WARNING - /home/***/.local/lib/python3.12/site-packages/***/settings.py:195 DeprecationWarning: The sql_alchemy_conn option in [core] has been moved to the sql_alchemy_conn option in [database] - the old setting has been used, but please update your config.
[2024-08-07T04:23:43.656+0000] {task_command.py:426} INFO - Running <TaskInstance: AMZN.get_data scheduled__2024-07-15T00:00:00+00:00 [running]> on host 8b57410c2c11
[2024-08-07T04:23:43.786+0000] {taskinstance.py:2648} INFO - Exporting env vars: AIRFLOW_CTX_DAG_OWNER='***' AIRFLOW_CTX_DAG_ID='AMZN' AIRFLOW_CTX_TASK_ID='get_data' AIRFLOW_CTX_EXECUTION_DATE='2024-07-15T00:00:00+00:00' AIRFLOW_CTX_TRY_NUMBER='1' AIRFLOW_CTX_DAG_RUN_ID='scheduled__2024-07-15T00:00:00+00:00'
[2024-08-07T04:23:43.788+0000] {taskinstance.py:430} INFO - ::endgroup::
[2024-08-07T04:23:45.033+0000] {logging_mixin.py:188} WARNING - [*********************100%%**********************]  1 of 1 completed
[2024-08-07T04:23:45.164+0000] {python.py:237} INFO - Done. Returned value was: [                  Open        High  ...   Adj Close     Volume
Date                                ...                       
2000-01-03    4.075000    4.478125  ...    4.468750  322352000
2000-01-04    4.268750    4.575000  ...    4.096875  349748000
2000-01-05    3.525000    3.756250  ...    3.487500  769148000
2000-01-06    3.565625    3.634375  ...    3.278125  375040000
2000-01-07    3.350000    3.525000  ...    3.478125  210108000
...                ...         ...  ...         ...        ...
2024-07-31  185.050003  187.940002  ...  186.979996   41667300
2024-08-01  189.289993  190.600006  ...  184.070007   70435600
2024-08-02  166.750000  168.770004  ...  167.899994  141448400
2024-08-05  154.210007  162.960007  ...  161.020004   83149400
2024-08-06  161.710007  165.080002  ...  161.929993   59858500

[6187 rows x 6 columns]]
[2024-08-07T04:23:45.182+0000] {taskinstance.py:441} INFO - ::group::Post task execution logs
[2024-08-07T04:23:45.297+0000] {taskinstance.py:1206} INFO - Marking task as SUCCESS. dag_id=AMZN, task_id=get_data, run_id=scheduled__2024-07-15T00:00:00+00:00, execution_date=20240715T000000, start_date=20240807T042343, end_date=20240807T042345
[2024-08-07T04:23:45.358+0000] {local_task_job_runner.py:243} INFO - Task exited with return code 0
[2024-08-07T04:23:45.398+0000] {taskinstance.py:3503} INFO - 1 downstream tasks scheduled from follow-on schedule check
[2024-08-07T04:23:45.403+0000] {local_task_job_runner.py:222} INFO - ::endgroup::
