[2024-08-05T15:17:36.893+0000] {local_task_job_runner.py:120} INFO - ::group::Pre task execution logs
[2024-08-05T15:17:36.940+0000] {taskinstance.py:2076} INFO - Dependencies all met for dep_context=non-requeueable deps ti=<TaskInstance: send_stock_data.get_data scheduled__2024-08-05T15:10:00+00:00 [queued]>
[2024-08-05T15:17:36.951+0000] {taskinstance.py:2076} INFO - Dependencies all met for dep_context=requeueable deps ti=<TaskInstance: send_stock_data.get_data scheduled__2024-08-05T15:10:00+00:00 [queued]>
[2024-08-05T15:17:36.952+0000] {taskinstance.py:2306} INFO - Starting attempt 1 of 2
[2024-08-05T15:17:36.976+0000] {taskinstance.py:2330} INFO - Executing <Task(PythonOperator): get_data> on 2024-08-05 15:10:00+00:00
[2024-08-05T15:17:36.987+0000] {logging_mixin.py:188} WARNING - /home/***/.local/lib/python3.12/site-packages/***/task/task_runner/standard_task_runner.py:62 DeprecationWarning: This process (pid=1764) is multi-threaded, use of fork() may lead to deadlocks in the child.
[2024-08-05T15:17:36.986+0000] {standard_task_runner.py:90} INFO - Running: ['***', 'tasks', 'run', 'send_stock_data', 'get_data', 'scheduled__2024-08-05T15:10:00+00:00', '--job-id', '40', '--raw', '--subdir', 'DAGS_FOLDER/***_stream.py', '--cfg-path', '/tmp/tmpdgdvn_gr']
[2024-08-05T15:17:36.989+0000] {standard_task_runner.py:64} INFO - Started process 1768 to run task
[2024-08-05T15:17:36.989+0000] {standard_task_runner.py:91} INFO - Job 40: Subtask get_data
[2024-08-05T15:17:37.010+0000] {logging_mixin.py:188} WARNING - /home/***/.local/lib/python3.12/site-packages/***/settings.py:195 DeprecationWarning: The sql_alchemy_conn option in [core] has been moved to the sql_alchemy_conn option in [database] - the old setting has been used, but please update your config.
[2024-08-05T15:17:37.062+0000] {task_command.py:426} INFO - Running <TaskInstance: send_stock_data.get_data scheduled__2024-08-05T15:10:00+00:00 [running]> on host c1646deff093
[2024-08-05T15:17:37.203+0000] {taskinstance.py:2648} INFO - Exporting env vars: AIRFLOW_CTX_DAG_OWNER='***' AIRFLOW_CTX_DAG_ID='send_stock_data' AIRFLOW_CTX_TASK_ID='get_data' AIRFLOW_CTX_EXECUTION_DATE='2024-08-05T15:10:00+00:00' AIRFLOW_CTX_TRY_NUMBER='1' AIRFLOW_CTX_DAG_RUN_ID='scheduled__2024-08-05T15:10:00+00:00'
[2024-08-05T15:17:37.205+0000] {taskinstance.py:430} INFO - ::endgroup::
[2024-08-05T15:17:38.053+0000] {logging_mixin.py:188} WARNING - [*********************100%%**********************]  1 of 1 completed
[2024-08-05T15:17:38.338+0000] {logging_mixin.py:188} WARNING - [*********************100%%**********************]  1 of 1 completed
[2024-08-05T15:17:38.761+0000] {logging_mixin.py:188} WARNING - [*********************100%%**********************]  1 of 1 completed
[2024-08-05T15:17:39.109+0000] {logging_mixin.py:188} WARNING - [*********************100%%**********************]  1 of 1 completed
[2024-08-05T15:17:40.547+0000] {logging_mixin.py:188} WARNING - [*********************100%%**********************]  1 of 1 completed
[2024-08-05T15:17:40.548+0000] {multi.py:171} ERROR - 
1 Failed download:
[2024-08-05T15:17:40.548+0000] {multi.py:184} ERROR - ['FB']: YFTzMissingError('$%ticker%: possibly delisted; No timezone found')
[2024-08-05T15:17:40.872+0000] {logging_mixin.py:188} WARNING - [*********************100%%**********************]  1 of 1 completed
[2024-08-05T15:17:41.240+0000] {logging_mixin.py:188} WARNING - [*********************100%%**********************]  1 of 1 completed
[2024-08-05T15:17:41.407+0000] {logging_mixin.py:188} WARNING - [*********************100%%**********************]  1 of 1 completed
[2024-08-05T15:17:41.773+0000] {logging_mixin.py:188} WARNING - [*********************100%%**********************]  1 of 1 completed
[2024-08-05T15:17:42.169+0000] {logging_mixin.py:188} WARNING - [*********************100%%**********************]  1 of 1 completed
[2024-08-05T15:17:42.759+0000] {python.py:237} INFO - Done. Returned value was: [                  Open        High  ...   Adj Close     Volume
Date                                ...                       
2000-01-03    0.936384    1.004464  ...    0.844981  535796800
2000-01-04    0.966518    0.987723  ...    0.773741  512377600
2000-01-05    0.926339    0.987165  ...    0.785063  778321600
2000-01-06    0.947545    0.955357  ...    0.717125  767972800
2000-01-07    0.861607    0.901786  ...    0.751094  460734400
...                ...         ...  ...         ...        ...
2024-07-29  216.960007  219.300003  ...  218.240005   36311800
2024-07-30  219.190002  220.330002  ...  218.800003   41643800
2024-07-31  221.440002  223.820007  ...  222.080002   50036300
2024-08-01  224.369995  224.479996  ...  218.360001   62501000
2024-08-02  219.149994  225.600006  ...  219.860001   98480100

[6185 rows x 6 columns],                   Open        High  ...   Adj Close     Volume
Date                                ...                       
2004-08-19    2.502503    2.604104  ...    2.508132  893181924
2004-08-20    2.527778    2.729730  ...    2.707353  456686856
2004-08-23    2.771522    2.839840  ...    2.734599  365122512
2004-08-24    2.783784    2.792793  ...    2.621365  304946748
2004-08-25    2.626627    2.702703  ...    2.649612  183772044
...                ...         ...  ...         ...        ...
2024-07-29  168.830002  170.429993  ...  169.529999   20293800
2024-07-30  170.240005  171.229996  ...  170.289993   18959700
2024-07-31  173.240005  174.250000  ...  171.539993   25729100
2024-08-01  170.250000  174.050003  ...  170.759995   24531400
2024-08-02  166.440002  168.509995  ...  166.660004   29104000

[5023 rows x 6 columns],                   Open        High  ...   Adj Close    Volume
Date                                ...                      
2000-01-03   58.687500   59.312500  ...   36.000629  53228400
2000-01-04   56.781250   58.562500  ...   34.784527  54119000
2000-01-05   55.562500   58.187500  ...   35.151287  64059600
2000-01-06   56.093750   56.937500  ...   33.973793  54976600
2000-01-07   54.312500   56.125000  ...   34.417767  62013600
...                ...         ...  ...         ...       ...
2024-07-29  431.579987  432.149994  ...  426.730011  15125800
2024-07-30  427.720001  429.049988  ...  422.920013  32687600
2024-07-31  420.500000  421.779999  ...  418.350006  42891400
2024-08-01  420.790009  427.459991  ...  417.109985  30296400
2024-08-02  412.489990  415.000000  ...  408.489990  29399700

[6185 rows x 6 columns],                   Open        High  ...   Adj Close     Volume
Date                                ...                       
2000-01-03    4.075000    4.478125  ...    4.468750  322352000
2000-01-04    4.268750    4.575000  ...    4.096875  349748000
2000-01-05    3.525000    3.756250  ...    3.487500  769148000
2000-01-06    3.565625    3.634375  ...    3.278125  375040000
2000-01-07    3.350000    3.525000  ...    3.478125  210108000
...                ...         ...  ...         ...        ...
2024-07-29  183.839996  184.750000  ...  183.199997   33270100
2024-07-30  184.720001  185.860001  ...  181.710007   39508600
2024-07-31  185.050003  187.940002  ...  186.979996   41667300
2024-08-01  189.289993  190.600006  ...  184.070007   70435600
2024-08-02  166.750000  168.770004  ...  167.899994  141276100

[6185 rows x 6 columns], Empty DataFrame
Columns: [Open, High, Low, Close, Adj Close, Volume]
Index: [],                   Open        High  ...   Adj Close     Volume
Date                                ...                       
2010-06-29    1.266667    1.666667  ...    1.592667  281494500
2010-06-30    1.719333    2.028000  ...    1.588667  257806500
2010-07-01    1.666667    1.728000  ...    1.464000  123282000
2010-07-02    1.533333    1.540000  ...    1.280000   77097000
2010-07-06    1.333333    1.333333  ...    1.074000  103003500
...                ...         ...  ...         ...        ...
2024-07-29  224.899994  234.270004  ...  232.100006  129201800
2024-07-30  232.250000  232.410004  ...  222.619995  100560300
2024-07-31  227.899994  234.679993  ...  232.070007   67497000
2024-08-01  227.690002  231.869995  ...  216.860001   83861900
2024-08-02  214.880005  216.130005  ...  207.669998   82552200

[3548 rows x 6 columns],                   Open        High  ...   Adj Close     Volume
Date                                ...                       
2000-01-03    0.098438    0.099219  ...    0.089453  300912000
2000-01-04    0.095833    0.096094  ...    0.087065  300480000
2000-01-05    0.092188    0.093750  ...    0.084199  188352000
2000-01-06    0.091797    0.091797  ...    0.078704  120480000
2000-01-07    0.085417    0.088151  ...    0.080019   71184000
...                ...         ...  ...         ...        ...
2024-07-29  113.690002  116.279999  ...  111.589996  248152100
2024-07-30  111.519997  111.989998  ...  103.730003  486833300
2024-07-31  112.900002  118.339996  ...  117.019997  473174200
2024-08-01  117.529999  120.160004  ...  109.209999  523462300
2024-08-02  103.760002  108.720001  ...  107.269997  480242500

[6185 rows x 6 columns],                  Open       High        Low      Close  Adj Close    Volume
Date                                                                       
2015-07-06  38.000000  39.750000  36.000000  36.709999  36.709999   5866600
2015-07-07  37.720001  37.810001  36.000000  36.619999  36.619999   7359000
2015-07-08  36.340000  36.360001  34.529999  34.700001  34.700001   5387700
2015-07-09  35.099998  35.520000  33.990002  34.500000  34.500000   3760100
2015-07-10  34.660000  35.189999  33.980000  34.689999  34.689999   4472800
...               ...        ...        ...        ...        ...       ...
2024-07-29  58.500000  59.099998  58.070000  58.939999  58.939999  12346800
2024-07-30  62.775002  65.059998  62.430000  64.000000  64.000000  44232800
2024-07-31  65.000000  66.989998  64.169998  65.779999  65.779999  25825900
2024-08-01  65.779999  67.300003  65.019997  65.309998  65.309998  19086400
2024-08-02  64.000000  64.040001  60.889999  61.980000  61.980000  23090700

[2286 rows x 6 columns],                  Open       High        Low      Close  Adj Close    Volume
Date                                                                       
2000-01-03  54.968750  55.125000  51.781250  54.031250  36.330017  53076000
2000-01-04  52.750000  53.500000  50.875000  51.000000  34.291824  50805600
2000-01-05  50.031250  52.250000  48.625000  50.843750  34.186756  68524000
2000-01-06  50.406250  50.937500  49.312500  50.000000  33.619434  48242600
2000-01-07  49.687500  53.000000  49.687500  52.937500  35.594582  62260600
...               ...        ...        ...        ...        ...       ...
2024-07-29  47.820000  48.209999  47.439999  47.990002  47.990002  11475700
2024-07-30  48.189999  48.549999  47.889999  48.139999  48.139999  20166000
2024-07-31  48.410000  48.770000  48.240002  48.450001  48.450001  19953600
2024-08-01  48.619999  48.720001  47.200001  47.389999  47.389999  18837500
2024-08-02  47.680000  47.750000  46.349998  46.660000  46.660000  23982700

[6185 rows x 6 columns],                   Open        High  ...   Adj Close     Volume
Date                                ...                       
2000-01-03   14.968750   15.593750  ...   15.500000    7843200
2000-01-04   15.125000   15.500000  ...   14.625000    6290200
2000-01-05   14.531250   15.062500  ...   15.000000    8204600
2000-01-06   15.500000   16.000000  ...   16.000000   11489400
2000-01-07   15.406250   16.406250  ...   16.250000    8543400
...                ...         ...  ...         ...        ...
2024-07-29  141.190002  144.589996  ...  139.750000   47447200
2024-07-30  139.880005  141.699997  ...  138.440002   68801700
2024-07-31  150.729996  153.600006  ...  144.479996  114306800
2024-08-01  145.000000  147.289993  ...  132.539993   94731900
2024-08-02  133.500000  137.100006  ...  132.500000   78462200

[6185 rows x 6 columns]]
[2024-08-05T15:17:42.873+0000] {taskinstance.py:441} INFO - ::group::Post task execution logs
[2024-08-05T15:17:43.411+0000] {taskinstance.py:1206} INFO - Marking task as SUCCESS. dag_id=send_stock_data, task_id=get_data, run_id=scheduled__2024-08-05T15:10:00+00:00, execution_date=20240805T151000, start_date=20240805T151736, end_date=20240805T151743
[2024-08-05T15:17:43.482+0000] {local_task_job_runner.py:243} INFO - Task exited with return code 0
[2024-08-05T15:17:43.519+0000] {taskinstance.py:3503} INFO - 1 downstream tasks scheduled from follow-on schedule check
[2024-08-05T15:17:43.525+0000] {local_task_job_runner.py:222} INFO - ::endgroup::
