[2024-07-28 11:42:03,831] {taskinstance.py:1179} INFO - Dependencies all met for <TaskInstance: send_stock_data.send_data scheduled__2024-07-28T11:41:00+00:00 [queued]>
[2024-07-28 11:42:03,839] {taskinstance.py:1179} INFO - Dependencies all met for <TaskInstance: send_stock_data.send_data scheduled__2024-07-28T11:41:00+00:00 [queued]>
[2024-07-28 11:42:03,840] {taskinstance.py:1376} INFO - 
--------------------------------------------------------------------------------
[2024-07-28 11:42:03,840] {taskinstance.py:1377} INFO - Starting attempt 1 of 1
[2024-07-28 11:42:03,840] {taskinstance.py:1378} INFO - 
--------------------------------------------------------------------------------
[2024-07-28 11:42:03,852] {taskinstance.py:1397} INFO - Executing <Task(PythonOperator): send_data> on 2024-07-28 11:41:00+00:00
[2024-07-28 11:42:03,857] {standard_task_runner.py:52} INFO - Started process 312 to run task
[2024-07-28 11:42:03,859] {standard_task_runner.py:79} INFO - Running: ['***', 'tasks', 'run', 'send_stock_data', 'send_data', 'scheduled__2024-07-28T11:41:00+00:00', '--job-id', '7', '--raw', '--subdir', 'DAGS_FOLDER/***_stream.py', '--cfg-path', '/tmp/tmp4s7a6bqi', '--error-file', '/tmp/tmp3xplu4n3']
[2024-07-28 11:42:03,860] {standard_task_runner.py:80} INFO - Job 7: Subtask send_data
[2024-07-28 11:42:03,875] {logging_mixin.py:115} WARNING - /home/***/.local/lib/python3.10/site-packages/***/configuration.py:528 DeprecationWarning: The sql_alchemy_conn option in [core] has been moved to the sql_alchemy_conn option in [database] - the old setting has been used, but please update your config.
[2024-07-28 11:42:03,916] {task_command.py:371} INFO - Running <TaskInstance: send_stock_data.send_data scheduled__2024-07-28T11:41:00+00:00 [running]> on host 77ea918c6e81
[2024-07-28 11:42:03,972] {taskinstance.py:1589} INFO - Exporting the following env vars:
AIRFLOW_CTX_DAG_OWNER=***
AIRFLOW_CTX_DAG_ID=send_stock_data
AIRFLOW_CTX_TASK_ID=send_data
AIRFLOW_CTX_EXECUTION_DATE=2024-07-28T11:41:00+00:00
AIRFLOW_CTX_TRY_NUMBER=1
AIRFLOW_CTX_DAG_RUN_ID=scheduled__2024-07-28T11:41:00+00:00
[2024-07-28 11:47:04,009] {logging_mixin.py:115} INFO - Data sent to Kafka
[2024-07-28 11:47:07,262] {python.py:173} INFO - Done. Returned value was: None
[2024-07-28 11:47:07,273] {taskinstance.py:1415} INFO - Marking task as SUCCESS. dag_id=send_stock_data, task_id=send_data, execution_date=20240728T114100, start_date=20240728T114203, end_date=20240728T114707
[2024-07-28 11:47:07,330] {local_task_job.py:156} INFO - Task exited with return code 0
[2024-07-28 11:47:07,352] {local_task_job.py:273} INFO - 0 downstream tasks scheduled from follow-on schedule check
[2024-07-28 11:47:07,368] {dagrun.py:564} INFO - Marking run <DagRun send_stock_data @ 2024-07-28 11:41:00+00:00: scheduled__2024-07-28T11:41:00+00:00, externally triggered: False> successful
[2024-07-28 11:47:07,369] {dagrun.py:609} INFO - DagRun Finished: dag_id=send_stock_data, execution_date=2024-07-28 11:41:00+00:00, run_id=scheduled__2024-07-28T11:41:00+00:00, run_start_date=2024-07-28 11:42:00.685337+00:00, run_end_date=2024-07-28 11:47:07.369230+00:00, run_duration=306.683893, state=success, external_trigger=False, run_type=scheduled, data_interval_start=2024-07-28 11:41:00+00:00, data_interval_end=2024-07-28 11:42:00+00:00, dag_hash=0dd8dee774410ef67658687eadd5a515
