[2024-07-26 07:26:00,417] {taskinstance.py:1179} INFO - Dependencies all met for <TaskInstance: send_stock_data.get_data scheduled__2024-07-26T07:25:00+00:00 [queued]>
[2024-07-26 07:26:00,424] {taskinstance.py:1179} INFO - Dependencies all met for <TaskInstance: send_stock_data.get_data scheduled__2024-07-26T07:25:00+00:00 [queued]>
[2024-07-26 07:26:00,424] {taskinstance.py:1376} INFO - 
--------------------------------------------------------------------------------
[2024-07-26 07:26:00,425] {taskinstance.py:1377} INFO - Starting attempt 1 of 1
[2024-07-26 07:26:00,425] {taskinstance.py:1378} INFO - 
--------------------------------------------------------------------------------
[2024-07-26 07:26:00,437] {taskinstance.py:1397} INFO - Executing <Task(PythonOperator): get_data> on 2024-07-26 07:25:00+00:00
[2024-07-26 07:26:00,442] {standard_task_runner.py:52} INFO - Started process 244 to run task
[2024-07-26 07:26:00,444] {standard_task_runner.py:79} INFO - Running: ['***', 'tasks', 'run', 'send_stock_data', 'get_data', 'scheduled__2024-07-26T07:25:00+00:00', '--job-id', '89', '--raw', '--subdir', 'DAGS_FOLDER/***_stream.py', '--cfg-path', '/tmp/tmpx6mvee3a', '--error-file', '/tmp/tmpbh5axjul']
[2024-07-26 07:26:00,445] {standard_task_runner.py:80} INFO - Job 89: Subtask get_data
[2024-07-26 07:26:00,460] {logging_mixin.py:115} WARNING - /home/***/.local/lib/python3.10/site-packages/***/configuration.py:528 DeprecationWarning: The sql_alchemy_conn option in [core] has been moved to the sql_alchemy_conn option in [database] - the old setting has been used, but please update your config.
[2024-07-26 07:26:00,502] {task_command.py:371} INFO - Running <TaskInstance: send_stock_data.get_data scheduled__2024-07-26T07:25:00+00:00 [running]> on host 3375e7ece4d4
[2024-07-26 07:26:00,558] {taskinstance.py:1589} INFO - Exporting the following env vars:
AIRFLOW_CTX_DAG_OWNER=***
AIRFLOW_CTX_DAG_ID=send_stock_data
AIRFLOW_CTX_TASK_ID=get_data
AIRFLOW_CTX_EXECUTION_DATE=2024-07-26T07:25:00+00:00
AIRFLOW_CTX_TRY_NUMBER=1
AIRFLOW_CTX_DAG_RUN_ID=scheduled__2024-07-26T07:25:00+00:00
[2024-07-26 07:26:01,473] {python.py:173} INFO - Done. Returned value was: {'c': 217.49, 'd': -1.05, 'dp': -0.4805, 'h': 220.85, 'l': 214.62, 'o': 218.87, 'pc': 218.54, 't': 1721937602}
[2024-07-26 07:26:01,492] {taskinstance.py:1415} INFO - Marking task as SUCCESS. dag_id=send_stock_data, task_id=get_data, execution_date=20240726T072500, start_date=20240726T072600, end_date=20240726T072601
[2024-07-26 07:26:01,538] {local_task_job.py:156} INFO - Task exited with return code 0
[2024-07-26 07:26:01,569] {local_task_job.py:273} INFO - 1 downstream tasks scheduled from follow-on schedule check
