[2024-07-26 16:32:36,033] {taskinstance.py:1179} INFO - Dependencies all met for <TaskInstance: send_stock_data.format_data scheduled__2024-07-26T16:31:00+00:00 [queued]>
[2024-07-26 16:32:36,041] {taskinstance.py:1179} INFO - Dependencies all met for <TaskInstance: send_stock_data.format_data scheduled__2024-07-26T16:31:00+00:00 [queued]>
[2024-07-26 16:32:36,041] {taskinstance.py:1376} INFO - 
--------------------------------------------------------------------------------
[2024-07-26 16:32:36,041] {taskinstance.py:1377} INFO - Starting attempt 1 of 1
[2024-07-26 16:32:36,042] {taskinstance.py:1378} INFO - 
--------------------------------------------------------------------------------
[2024-07-26 16:32:36,056] {taskinstance.py:1397} INFO - Executing <Task(PythonOperator): format_data> on 2024-07-26 16:31:00+00:00
[2024-07-26 16:32:36,061] {standard_task_runner.py:52} INFO - Started process 786 to run task
[2024-07-26 16:32:36,063] {standard_task_runner.py:79} INFO - Running: ['***', 'tasks', 'run', 'send_stock_data', 'format_data', 'scheduled__2024-07-26T16:31:00+00:00', '--job-id', '13', '--raw', '--subdir', 'DAGS_FOLDER/***_stream.py', '--cfg-path', '/tmp/tmpxc7_yzpi', '--error-file', '/tmp/tmpxazo265v']
[2024-07-26 16:32:36,064] {standard_task_runner.py:80} INFO - Job 13: Subtask format_data
[2024-07-26 16:32:36,078] {logging_mixin.py:115} WARNING - /home/***/.local/lib/python3.10/site-packages/***/configuration.py:528 DeprecationWarning: The sql_alchemy_conn option in [core] has been moved to the sql_alchemy_conn option in [database] - the old setting has been used, but please update your config.
[2024-07-26 16:32:36,121] {task_command.py:371} INFO - Running <TaskInstance: send_stock_data.format_data scheduled__2024-07-26T16:31:00+00:00 [running]> on host e1c0ddb9d8c8
[2024-07-26 16:32:36,182] {taskinstance.py:1589} INFO - Exporting the following env vars:
AIRFLOW_CTX_DAG_OWNER=***
AIRFLOW_CTX_DAG_ID=send_stock_data
AIRFLOW_CTX_TASK_ID=format_data
AIRFLOW_CTX_EXECUTION_DATE=2024-07-26T16:31:00+00:00
AIRFLOW_CTX_TRY_NUMBER=1
AIRFLOW_CTX_DAG_RUN_ID=scheduled__2024-07-26T16:31:00+00:00
[2024-07-26 16:32:36,193] {python.py:173} INFO - Done. Returned value was: {'date_time': '26/07/2024, 16:29:10', 'open': 219.3, 'high': 219.3, 'low': 216.01, 'current_price': 218.8, 'previous_close': 217.49, 'change_percent': 0.6023}
[2024-07-26 16:32:36,222] {taskinstance.py:1415} INFO - Marking task as SUCCESS. dag_id=send_stock_data, task_id=format_data, execution_date=20240726T163100, start_date=20240726T163236, end_date=20240726T163236
[2024-07-26 16:32:36,276] {local_task_job.py:156} INFO - Task exited with return code 0
[2024-07-26 16:32:36,311] {local_task_job.py:273} INFO - 1 downstream tasks scheduled from follow-on schedule check
