[2024-07-25 17:56:00,312] {taskinstance.py:1179} INFO - Dependencies all met for <TaskInstance: send_stock_data.get_data scheduled__2024-07-25T17:55:00+00:00 [queued]>
[2024-07-25 17:56:00,319] {taskinstance.py:1179} INFO - Dependencies all met for <TaskInstance: send_stock_data.get_data scheduled__2024-07-25T17:55:00+00:00 [queued]>
[2024-07-25 17:56:00,319] {taskinstance.py:1376} INFO - 
--------------------------------------------------------------------------------
[2024-07-25 17:56:00,319] {taskinstance.py:1377} INFO - Starting attempt 1 of 1
[2024-07-25 17:56:00,319] {taskinstance.py:1378} INFO - 
--------------------------------------------------------------------------------
[2024-07-25 17:56:00,330] {taskinstance.py:1397} INFO - Executing <Task(PythonOperator): get_data> on 2024-07-25 17:55:00+00:00
[2024-07-25 17:56:00,334] {standard_task_runner.py:52} INFO - Started process 765 to run task
[2024-07-25 17:56:00,336] {standard_task_runner.py:79} INFO - Running: ['***', 'tasks', 'run', 'send_stock_data', 'get_data', 'scheduled__2024-07-25T17:55:00+00:00', '--job-id', '40', '--raw', '--subdir', 'DAGS_FOLDER/***_stream.py', '--cfg-path', '/tmp/tmpdr8pqtca', '--error-file', '/tmp/tmpugy1g0p2']
[2024-07-25 17:56:00,337] {standard_task_runner.py:80} INFO - Job 40: Subtask get_data
[2024-07-25 17:56:00,349] {logging_mixin.py:115} WARNING - /home/***/.local/lib/python3.10/site-packages/***/configuration.py:528 DeprecationWarning: The sql_alchemy_conn option in [core] has been moved to the sql_alchemy_conn option in [database] - the old setting has been used, but please update your config.
[2024-07-25 17:56:00,381] {task_command.py:371} INFO - Running <TaskInstance: send_stock_data.get_data scheduled__2024-07-25T17:55:00+00:00 [running]> on host 3375e7ece4d4
[2024-07-25 17:56:00,429] {taskinstance.py:1589} INFO - Exporting the following env vars:
AIRFLOW_CTX_DAG_OWNER=***
AIRFLOW_CTX_DAG_ID=send_stock_data
AIRFLOW_CTX_TASK_ID=get_data
AIRFLOW_CTX_EXECUTION_DATE=2024-07-25T17:55:00+00:00
AIRFLOW_CTX_TRY_NUMBER=1
AIRFLOW_CTX_DAG_RUN_ID=scheduled__2024-07-25T17:55:00+00:00
[2024-07-25 17:56:01,275] {python.py:173} INFO - Done. Returned value was: {'c': 220.3, 'd': 1.76, 'dp': 0.8053, 'h': 220.85, 'l': 214.62, 'o': 218.87, 'pc': 218.54, 't': 1721930092}
[2024-07-25 17:56:01,295] {taskinstance.py:1415} INFO - Marking task as SUCCESS. dag_id=send_stock_data, task_id=get_data, execution_date=20240725T175500, start_date=20240725T175600, end_date=20240725T175601
[2024-07-25 17:56:01,311] {local_task_job.py:156} INFO - Task exited with return code 0
[2024-07-25 17:56:01,339] {local_task_job.py:273} INFO - 1 downstream tasks scheduled from follow-on schedule check
