[2024-07-25 10:34:32,306] {taskinstance.py:1179} INFO - Dependencies all met for <TaskInstance: send_stock_data.send_data scheduled__2024-07-25T10:33:00+00:00 [queued]>
[2024-07-25 10:34:32,313] {taskinstance.py:1179} INFO - Dependencies all met for <TaskInstance: send_stock_data.send_data scheduled__2024-07-25T10:33:00+00:00 [queued]>
[2024-07-25 10:34:32,314] {taskinstance.py:1376} INFO - 
--------------------------------------------------------------------------------
[2024-07-25 10:34:32,314] {taskinstance.py:1377} INFO - Starting attempt 1 of 1
[2024-07-25 10:34:32,314] {taskinstance.py:1378} INFO - 
--------------------------------------------------------------------------------
[2024-07-25 10:34:32,325] {taskinstance.py:1397} INFO - Executing <Task(PythonOperator): send_data> on 2024-07-25 10:33:00+00:00
[2024-07-25 10:34:32,329] {standard_task_runner.py:52} INFO - Started process 224 to run task
[2024-07-25 10:34:32,332] {standard_task_runner.py:79} INFO - Running: ['***', 'tasks', 'run', 'send_stock_data', 'send_data', 'scheduled__2024-07-25T10:33:00+00:00', '--job-id', '8', '--raw', '--subdir', 'DAGS_FOLDER/***_stream.py', '--cfg-path', '/tmp/tmp2ubcq0eu', '--error-file', '/tmp/tmp6e_0kn31']
[2024-07-25 10:34:32,332] {standard_task_runner.py:80} INFO - Job 8: Subtask send_data
[2024-07-25 10:34:32,344] {logging_mixin.py:115} WARNING - /home/***/.local/lib/python3.10/site-packages/***/configuration.py:528 DeprecationWarning: The sql_alchemy_conn option in [core] has been moved to the sql_alchemy_conn option in [database] - the old setting has been used, but please update your config.
[2024-07-25 10:34:32,380] {task_command.py:371} INFO - Running <TaskInstance: send_stock_data.send_data scheduled__2024-07-25T10:33:00+00:00 [running]> on host 3375e7ece4d4
[2024-07-25 10:34:32,429] {taskinstance.py:1589} INFO - Exporting the following env vars:
AIRFLOW_CTX_DAG_OWNER=***
AIRFLOW_CTX_DAG_ID=send_stock_data
AIRFLOW_CTX_TASK_ID=send_data
AIRFLOW_CTX_EXECUTION_DATE=2024-07-25T10:33:00+00:00
AIRFLOW_CTX_TRY_NUMBER=1
AIRFLOW_CTX_DAG_RUN_ID=scheduled__2024-07-25T10:33:00+00:00
[2024-07-25 10:34:32,431] {conn.py:380} INFO - <BrokerConnection node_id=bootstrap-0 host=localhost:9092 <connecting> [IPv6 ('::1', 9092, 0, 0)]>: connecting to localhost:9092 [('::1', 9092, 0, 0) IPv6]
[2024-07-25 10:34:32,431] {conn.py:1205} INFO - Probing node bootstrap-0 broker version
[2024-07-25 10:34:32,431] {conn.py:418} ERROR - Connect attempt to <BrokerConnection node_id=bootstrap-0 host=localhost:9092 <connecting> [IPv6 ('::1', 9092, 0, 0)]> returned error 111. Disconnecting.
[2024-07-25 10:34:32,432] {conn.py:919} INFO - <BrokerConnection node_id=bootstrap-0 host=localhost:9092 <connecting> [IPv6 ('::1', 9092, 0, 0)]>: Closing connection. KafkaConnectionError: 111 ECONNREFUSED
[2024-07-25 10:34:32,481] {conn.py:380} INFO - <BrokerConnection node_id=bootstrap-0 host=localhost:9092 <connecting> [IPv6 ('::1', 9092, 0, 0)]>: connecting to localhost:9092 [('::1', 9092, 0, 0) IPv6]
[2024-07-25 10:34:32,481] {conn.py:418} ERROR - Connect attempt to <BrokerConnection node_id=bootstrap-0 host=localhost:9092 <connecting> [IPv6 ('::1', 9092, 0, 0)]> returned error 111. Disconnecting.
[2024-07-25 10:34:32,481] {conn.py:919} INFO - <BrokerConnection node_id=bootstrap-0 host=localhost:9092 <connecting> [IPv6 ('::1', 9092, 0, 0)]>: Closing connection. KafkaConnectionError: 111 ECONNREFUSED
[2024-07-25 10:34:32,531] {conn.py:380} INFO - <BrokerConnection node_id=bootstrap-0 host=localhost:9092 <connecting> [IPv4 ('127.0.0.1', 9092)]>: connecting to localhost:9092 [('127.0.0.1', 9092) IPv4]
[2024-07-25 10:34:32,531] {conn.py:418} ERROR - Connect attempt to <BrokerConnection node_id=bootstrap-0 host=localhost:9092 <connecting> [IPv4 ('127.0.0.1', 9092)]> returned error 111. Disconnecting.
[2024-07-25 10:34:32,531] {conn.py:919} INFO - <BrokerConnection node_id=bootstrap-0 host=localhost:9092 <connecting> [IPv4 ('127.0.0.1', 9092)]>: Closing connection. KafkaConnectionError: 111 ECONNREFUSED
[2024-07-25 10:34:32,532] {taskinstance.py:1909} ERROR - Task failed with exception
Traceback (most recent call last):
  File "/home/airflow/.local/lib/python3.10/site-packages/airflow/operators/python.py", line 171, in execute
    return_value = self.execute_callable()
  File "/home/airflow/.local/lib/python3.10/site-packages/airflow/operators/python.py", line 189, in execute_callable
    return self.python_callable(*self.op_args, **self.op_kwargs)
  File "/opt/airflow/dags/airflow_stream.py", line 38, in send_data
    producer = KafkaProducer(
  File "/home/airflow/.local/lib/python3.10/site-packages/kafka/producer/kafka.py", line 381, in __init__
    client = KafkaClient(metrics=self._metrics, metric_group_prefix='producer',
  File "/home/airflow/.local/lib/python3.10/site-packages/kafka/client_async.py", line 244, in __init__
    self.config['api_version'] = self.check_version(timeout=check_timeout)
  File "/home/airflow/.local/lib/python3.10/site-packages/kafka/client_async.py", line 900, in check_version
    raise Errors.NoBrokersAvailable()
kafka.errors.NoBrokersAvailable: NoBrokersAvailable
[2024-07-25 10:34:32,541] {taskinstance.py:1415} INFO - Marking task as FAILED. dag_id=send_stock_data, task_id=send_data, execution_date=20240725T103300, start_date=20240725T103432, end_date=20240725T103432
[2024-07-25 10:34:32,549] {standard_task_runner.py:92} ERROR - Failed to execute job 8 for task send_data (NoBrokersAvailable; 224)
[2024-07-25 10:34:32,583] {local_task_job.py:156} INFO - Task exited with return code 1
[2024-07-25 10:34:32,607] {local_task_job.py:273} INFO - 0 downstream tasks scheduled from follow-on schedule check
