[2024-07-25 18:17:00,766] {taskinstance.py:1179} INFO - Dependencies all met for <TaskInstance: send_stock_data.get_data scheduled__2024-07-25T18:16:00+00:00 [queued]>
[2024-07-25 18:17:00,774] {taskinstance.py:1179} INFO - Dependencies all met for <TaskInstance: send_stock_data.get_data scheduled__2024-07-25T18:16:00+00:00 [queued]>
[2024-07-25 18:17:00,774] {taskinstance.py:1376} INFO - 
--------------------------------------------------------------------------------
[2024-07-25 18:17:00,774] {taskinstance.py:1377} INFO - Starting attempt 1 of 1
[2024-07-25 18:17:00,775] {taskinstance.py:1378} INFO - 
--------------------------------------------------------------------------------
[2024-07-25 18:17:00,787] {taskinstance.py:1397} INFO - Executing <Task(PythonOperator): get_data> on 2024-07-25 18:16:00+00:00
[2024-07-25 18:17:00,791] {standard_task_runner.py:52} INFO - Started process 1213 to run task
[2024-07-25 18:17:00,793] {standard_task_runner.py:79} INFO - Running: ['***', 'tasks', 'run', 'send_stock_data', 'get_data', 'scheduled__2024-07-25T18:16:00+00:00', '--job-id', '52', '--raw', '--subdir', 'DAGS_FOLDER/***_stream.py', '--cfg-path', '/tmp/tmpup2mh4cl', '--error-file', '/tmp/tmp3tvkvrv5']
[2024-07-25 18:17:00,794] {standard_task_runner.py:80} INFO - Job 52: Subtask get_data
[2024-07-25 18:17:00,805] {logging_mixin.py:115} WARNING - /home/***/.local/lib/python3.10/site-packages/***/configuration.py:528 DeprecationWarning: The sql_alchemy_conn option in [core] has been moved to the sql_alchemy_conn option in [database] - the old setting has been used, but please update your config.
[2024-07-25 18:17:00,843] {task_command.py:371} INFO - Running <TaskInstance: send_stock_data.get_data scheduled__2024-07-25T18:16:00+00:00 [running]> on host 3375e7ece4d4
[2024-07-25 18:17:00,895] {taskinstance.py:1589} INFO - Exporting the following env vars:
AIRFLOW_CTX_DAG_OWNER=***
AIRFLOW_CTX_DAG_ID=send_stock_data
AIRFLOW_CTX_TASK_ID=get_data
AIRFLOW_CTX_EXECUTION_DATE=2024-07-25T18:16:00+00:00
AIRFLOW_CTX_TRY_NUMBER=1
AIRFLOW_CTX_DAG_RUN_ID=scheduled__2024-07-25T18:16:00+00:00
[2024-07-25 18:17:01,778] {python.py:173} INFO - Done. Returned value was: {'c': 219.8754, 'd': 1.3354, 'dp': 0.6111, 'h': 220.85, 'l': 214.62, 'o': 218.87, 'pc': 218.54, 't': 1721931382}
[2024-07-25 18:17:01,799] {taskinstance.py:1415} INFO - Marking task as SUCCESS. dag_id=send_stock_data, task_id=get_data, execution_date=20240725T181600, start_date=20240725T181700, end_date=20240725T181701
[2024-07-25 18:17:01,848] {local_task_job.py:156} INFO - Task exited with return code 0
[2024-07-25 18:17:01,879] {local_task_job.py:273} INFO - 1 downstream tasks scheduled from follow-on schedule check
