[2024-07-28 11:54:57,786] {taskinstance.py:1179} INFO - Dependencies all met for <TaskInstance: send_stock_data.format_data scheduled__2024-07-28T11:53:00+00:00 [queued]>
[2024-07-28 11:54:57,794] {taskinstance.py:1179} INFO - Dependencies all met for <TaskInstance: send_stock_data.format_data scheduled__2024-07-28T11:53:00+00:00 [queued]>
[2024-07-28 11:54:57,795] {taskinstance.py:1376} INFO - 
--------------------------------------------------------------------------------
[2024-07-28 11:54:57,795] {taskinstance.py:1377} INFO - Starting attempt 1 of 1
[2024-07-28 11:54:57,796] {taskinstance.py:1378} INFO - 
--------------------------------------------------------------------------------
[2024-07-28 11:54:57,807] {taskinstance.py:1397} INFO - Executing <Task(PythonOperator): format_data> on 2024-07-28 11:53:00+00:00
[2024-07-28 11:54:57,811] {standard_task_runner.py:52} INFO - Started process 620 to run task
[2024-07-28 11:54:57,814] {standard_task_runner.py:79} INFO - Running: ['***', 'tasks', 'run', 'send_stock_data', 'format_data', 'scheduled__2024-07-28T11:53:00+00:00', '--job-id', '21', '--raw', '--subdir', 'DAGS_FOLDER/***_stream.py', '--cfg-path', '/tmp/tmp5lqth0cq', '--error-file', '/tmp/tmpq_br706_']
[2024-07-28 11:54:57,815] {standard_task_runner.py:80} INFO - Job 21: Subtask format_data
[2024-07-28 11:54:57,831] {logging_mixin.py:115} WARNING - /home/***/.local/lib/python3.10/site-packages/***/configuration.py:528 DeprecationWarning: The sql_alchemy_conn option in [core] has been moved to the sql_alchemy_conn option in [database] - the old setting has been used, but please update your config.
[2024-07-28 11:54:57,871] {task_command.py:371} INFO - Running <TaskInstance: send_stock_data.format_data scheduled__2024-07-28T11:53:00+00:00 [running]> on host 77ea918c6e81
[2024-07-28 11:54:57,926] {taskinstance.py:1589} INFO - Exporting the following env vars:
AIRFLOW_CTX_DAG_OWNER=***
AIRFLOW_CTX_DAG_ID=send_stock_data
AIRFLOW_CTX_TASK_ID=format_data
AIRFLOW_CTX_EXECUTION_DATE=2024-07-28T11:53:00+00:00
AIRFLOW_CTX_TRY_NUMBER=1
AIRFLOW_CTX_DAG_RUN_ID=scheduled__2024-07-28T11:53:00+00:00
[2024-07-28 11:54:57,936] {python.py:173} INFO - Done. Returned value was: {'date_time': '26/07/2024, 20:00:01', 'open': 218.85, 'high': 219.49, 'low': 216.01, 'current_price': 217.96, 'previous_close': 217.49, 'change_percent': 0.2161}
[2024-07-28 11:54:57,960] {taskinstance.py:1415} INFO - Marking task as SUCCESS. dag_id=send_stock_data, task_id=format_data, execution_date=20240728T115300, start_date=20240728T115457, end_date=20240728T115457
[2024-07-28 11:54:57,986] {local_task_job.py:156} INFO - Task exited with return code 0
[2024-07-28 11:54:58,017] {local_task_job.py:273} INFO - 1 downstream tasks scheduled from follow-on schedule check
