[2024-07-26 08:12:26,896] {taskinstance.py:1179} INFO - Dependencies all met for <TaskInstance: send_stock_data.get_data scheduled__2024-07-26T08:11:00+00:00 [queued]>
[2024-07-26 08:12:26,903] {taskinstance.py:1179} INFO - Dependencies all met for <TaskInstance: send_stock_data.get_data scheduled__2024-07-26T08:11:00+00:00 [queued]>
[2024-07-26 08:12:26,903] {taskinstance.py:1376} INFO - 
--------------------------------------------------------------------------------
[2024-07-26 08:12:26,903] {taskinstance.py:1377} INFO - Starting attempt 1 of 1
[2024-07-26 08:12:26,903] {taskinstance.py:1378} INFO - 
--------------------------------------------------------------------------------
[2024-07-26 08:12:26,915] {taskinstance.py:1397} INFO - Executing <Task(PythonOperator): get_data> on 2024-07-26 08:11:00+00:00
[2024-07-26 08:12:26,918] {standard_task_runner.py:52} INFO - Started process 958 to run task
[2024-07-26 08:12:26,920] {standard_task_runner.py:79} INFO - Running: ['***', 'tasks', 'run', 'send_stock_data', 'get_data', 'scheduled__2024-07-26T08:11:00+00:00', '--job-id', '39', '--raw', '--subdir', 'DAGS_FOLDER/***_stream.py', '--cfg-path', '/tmp/tmpq4psdf5j', '--error-file', '/tmp/tmpaf85izgs']
[2024-07-26 08:12:26,922] {standard_task_runner.py:80} INFO - Job 39: Subtask get_data
[2024-07-26 08:12:26,933] {logging_mixin.py:115} WARNING - /home/***/.local/lib/python3.10/site-packages/***/configuration.py:528 DeprecationWarning: The sql_alchemy_conn option in [core] has been moved to the sql_alchemy_conn option in [database] - the old setting has been used, but please update your config.
[2024-07-26 08:12:26,967] {task_command.py:371} INFO - Running <TaskInstance: send_stock_data.get_data scheduled__2024-07-26T08:11:00+00:00 [running]> on host a65626265f2c
[2024-07-26 08:12:27,015] {taskinstance.py:1589} INFO - Exporting the following env vars:
AIRFLOW_CTX_DAG_OWNER=***
AIRFLOW_CTX_DAG_ID=send_stock_data
AIRFLOW_CTX_TASK_ID=get_data
AIRFLOW_CTX_EXECUTION_DATE=2024-07-26T08:11:00+00:00
AIRFLOW_CTX_TRY_NUMBER=1
AIRFLOW_CTX_DAG_RUN_ID=scheduled__2024-07-26T08:11:00+00:00
[2024-07-26 08:12:27,866] {python.py:173} INFO - Done. Returned value was: {'c': 217.49, 'd': -1.05, 'dp': -0.4805, 'h': 220.85, 'l': 214.62, 'o': 218.87, 'pc': 218.54, 't': 1721937602}
[2024-07-26 08:12:27,886] {taskinstance.py:1415} INFO - Marking task as SUCCESS. dag_id=send_stock_data, task_id=get_data, execution_date=20240726T081100, start_date=20240726T081226, end_date=20240726T081227
[2024-07-26 08:12:27,936] {local_task_job.py:156} INFO - Task exited with return code 0
[2024-07-26 08:12:27,966] {local_task_job.py:273} INFO - 1 downstream tasks scheduled from follow-on schedule check
