[2024-07-25 17:55:05,770] {taskinstance.py:1179} INFO - Dependencies all met for <TaskInstance: send_stock_data.format_data scheduled__2024-07-25T17:54:00+00:00 [queued]>
[2024-07-25 17:55:05,776] {taskinstance.py:1179} INFO - Dependencies all met for <TaskInstance: send_stock_data.format_data scheduled__2024-07-25T17:54:00+00:00 [queued]>
[2024-07-25 17:55:05,776] {taskinstance.py:1376} INFO - 
--------------------------------------------------------------------------------
[2024-07-25 17:55:05,776] {taskinstance.py:1377} INFO - Starting attempt 1 of 1
[2024-07-25 17:55:05,776] {taskinstance.py:1378} INFO - 
--------------------------------------------------------------------------------
[2024-07-25 17:55:05,787] {taskinstance.py:1397} INFO - Executing <Task(PythonOperator): format_data> on 2024-07-25 17:54:00+00:00
[2024-07-25 17:55:05,791] {standard_task_runner.py:52} INFO - Started process 745 to run task
[2024-07-25 17:55:05,793] {standard_task_runner.py:79} INFO - Running: ['***', 'tasks', 'run', 'send_stock_data', 'format_data', 'scheduled__2024-07-25T17:54:00+00:00', '--job-id', '38', '--raw', '--subdir', 'DAGS_FOLDER/***_stream.py', '--cfg-path', '/tmp/tmpwkms8ig7', '--error-file', '/tmp/tmpvsgyrmns']
[2024-07-25 17:55:05,794] {standard_task_runner.py:80} INFO - Job 38: Subtask format_data
[2024-07-25 17:55:05,805] {logging_mixin.py:115} WARNING - /home/***/.local/lib/python3.10/site-packages/***/configuration.py:528 DeprecationWarning: The sql_alchemy_conn option in [core] has been moved to the sql_alchemy_conn option in [database] - the old setting has been used, but please update your config.
[2024-07-25 17:55:05,838] {task_command.py:371} INFO - Running <TaskInstance: send_stock_data.format_data scheduled__2024-07-25T17:54:00+00:00 [running]> on host 3375e7ece4d4
[2024-07-25 17:55:05,887] {taskinstance.py:1589} INFO - Exporting the following env vars:
AIRFLOW_CTX_DAG_OWNER=***
AIRFLOW_CTX_DAG_ID=send_stock_data
AIRFLOW_CTX_TASK_ID=format_data
AIRFLOW_CTX_EXECUTION_DATE=2024-07-25T17:54:00+00:00
AIRFLOW_CTX_TRY_NUMBER=1
AIRFLOW_CTX_DAG_RUN_ID=scheduled__2024-07-25T17:54:00+00:00
[2024-07-25 17:55:05,895] {python.py:173} INFO - Done. Returned value was: {'date_time': '25/07/2024, 17:54:52', 'open': 218.87, 'high': 220.85, 'low': 214.62, 'current_price': 220.3, 'previous_close': 218.54, 'change_percent': 0.8053}
[2024-07-25 17:55:05,912] {taskinstance.py:1415} INFO - Marking task as SUCCESS. dag_id=send_stock_data, task_id=format_data, execution_date=20240725T175400, start_date=20240725T175505, end_date=20240725T175505
[2024-07-25 17:55:05,966] {local_task_job.py:156} INFO - Task exited with return code 0
[2024-07-25 17:55:05,992] {local_task_job.py:273} INFO - 1 downstream tasks scheduled from follow-on schedule check
