[2024-08-07T03:12:27.177+0000] {local_task_job_runner.py:120} INFO - ::group::Pre task execution logs
[2024-08-07T03:12:27.242+0000] {taskinstance.py:2076} INFO - Dependencies all met for dep_context=non-requeueable deps ti=<TaskInstance: send_stock_data.send_data scheduled__2024-08-07T02:30:00+00:00 [queued]>
[2024-08-07T03:12:27.264+0000] {taskinstance.py:2076} INFO - Dependencies all met for dep_context=requeueable deps ti=<TaskInstance: send_stock_data.send_data scheduled__2024-08-07T02:30:00+00:00 [queued]>
[2024-08-07T03:12:27.265+0000] {taskinstance.py:2306} INFO - Starting attempt 2 of 2
[2024-08-07T03:12:27.289+0000] {taskinstance.py:2330} INFO - Executing <Task(PythonOperator): send_data> on 2024-08-07 02:30:00+00:00
[2024-08-07T03:12:27.303+0000] {logging_mixin.py:188} WARNING - /home/***/.local/lib/python3.12/site-packages/***/task/task_runner/standard_task_runner.py:62 DeprecationWarning: This process (pid=314) is multi-threaded, use of fork() may lead to deadlocks in the child.
[2024-08-07T03:12:27.304+0000] {standard_task_runner.py:64} INFO - Started process 319 to run task
[2024-08-07T03:12:27.302+0000] {standard_task_runner.py:90} INFO - Running: ['***', 'tasks', 'run', 'send_stock_data', 'send_data', 'scheduled__2024-08-07T02:30:00+00:00', '--job-id', '62', '--raw', '--subdir', 'DAGS_FOLDER/***_stream.py', '--cfg-path', '/tmp/tmpzrzhhw1u']
[2024-08-07T03:12:27.306+0000] {standard_task_runner.py:91} INFO - Job 62: Subtask send_data
[2024-08-07T03:12:27.333+0000] {logging_mixin.py:188} WARNING - /home/***/.local/lib/python3.12/site-packages/***/settings.py:195 DeprecationWarning: The sql_alchemy_conn option in [core] has been moved to the sql_alchemy_conn option in [database] - the old setting has been used, but please update your config.
[2024-08-07T03:12:27.384+0000] {task_command.py:426} INFO - Running <TaskInstance: send_stock_data.send_data scheduled__2024-08-07T02:30:00+00:00 [running]> on host 4d2f2691ce15
[2024-08-07T03:12:27.539+0000] {taskinstance.py:2648} INFO - Exporting env vars: AIRFLOW_CTX_DAG_OWNER='***' AIRFLOW_CTX_DAG_ID='send_stock_data' AIRFLOW_CTX_TASK_ID='send_data' AIRFLOW_CTX_EXECUTION_DATE='2024-08-07T02:30:00+00:00' AIRFLOW_CTX_TRY_NUMBER='2' AIRFLOW_CTX_DAG_RUN_ID='scheduled__2024-08-07T02:30:00+00:00'
[2024-08-07T03:12:27.541+0000] {taskinstance.py:430} INFO - ::endgroup::
[2024-08-07T03:12:38.484+0000] {logging_mixin.py:188} INFO - Delivered message to AAPL_Stock [0]
[2024-08-07T03:12:48.485+0000] {logging_mixin.py:188} INFO - Delivered message to AAPL_Stock [0]
[2024-08-07T03:12:58.487+0000] {logging_mixin.py:188} INFO - Delivered message to AAPL_Stock [0]
[2024-08-07T03:13:08.487+0000] {logging_mixin.py:188} INFO - Delivered message to AAPL_Stock [0]
[2024-08-07T03:13:18.488+0000] {logging_mixin.py:188} INFO - Delivered message to AAPL_Stock [0]
[2024-08-07T03:13:28.490+0000] {logging_mixin.py:188} INFO - Delivered message to AAPL_Stock [0]
[2024-08-07T03:13:38.490+0000] {logging_mixin.py:188} INFO - Delivered message to AAPL_Stock [0]
[2024-08-07T03:13:48.492+0000] {logging_mixin.py:188} INFO - Delivered message to AAPL_Stock [0]
[2024-08-07T03:13:58.494+0000] {logging_mixin.py:188} INFO - Delivered message to AAPL_Stock [0]
[2024-08-07T03:14:08.494+0000] {logging_mixin.py:188} INFO - Delivered message to AAPL_Stock [0]
[2024-08-07T03:14:18.495+0000] {logging_mixin.py:188} INFO - Delivered message to GOOGL_Stock [0]
[2024-08-07T03:14:28.497+0000] {logging_mixin.py:188} INFO - Delivered message to GOOGL_Stock [0]
[2024-08-07T03:14:38.496+0000] {logging_mixin.py:188} INFO - Delivered message to GOOGL_Stock [0]
[2024-08-07T03:14:48.498+0000] {logging_mixin.py:188} INFO - Delivered message to GOOGL_Stock [0]
[2024-08-07T03:14:58.499+0000] {logging_mixin.py:188} INFO - Delivered message to GOOGL_Stock [0]
[2024-08-07T03:15:08.499+0000] {logging_mixin.py:188} INFO - Delivered message to GOOGL_Stock [0]
[2024-08-07T03:15:18.500+0000] {logging_mixin.py:188} INFO - Delivered message to GOOGL_Stock [0]
[2024-08-07T03:15:28.502+0000] {logging_mixin.py:188} INFO - Delivered message to GOOGL_Stock [0]
[2024-08-07T03:15:38.502+0000] {logging_mixin.py:188} INFO - Delivered message to GOOGL_Stock [0]
[2024-08-07T03:15:48.504+0000] {logging_mixin.py:188} INFO - Delivered message to GOOGL_Stock [0]
[2024-08-07T03:15:58.505+0000] {logging_mixin.py:188} INFO - Delivered message to MSFT_Stock [0]
[2024-08-07T03:16:08.506+0000] {logging_mixin.py:188} INFO - Delivered message to MSFT_Stock [0]
[2024-08-07T03:16:18.507+0000] {logging_mixin.py:188} INFO - Delivered message to MSFT_Stock [0]
[2024-08-07T03:16:28.509+0000] {logging_mixin.py:188} INFO - Delivered message to MSFT_Stock [0]
[2024-08-07T03:16:38.509+0000] {logging_mixin.py:188} INFO - Delivered message to MSFT_Stock [0]
[2024-08-07T03:16:48.510+0000] {logging_mixin.py:188} INFO - Delivered message to MSFT_Stock [0]
[2024-08-07T03:16:55.081+0000] {local_task_job_runner.py:313} WARNING - State of this instance has been externally set to restarting. Terminating instance.
[2024-08-07T03:16:55.084+0000] {local_task_job_runner.py:222} INFO - ::endgroup::
[2024-08-07T03:16:55.088+0000] {process_utils.py:132} INFO - Sending 15 to group 319. PIDs of all processes in the group: [319]
[2024-08-07T03:16:55.089+0000] {process_utils.py:87} INFO - Sending the signal 15 to group 319
[2024-08-07T03:16:55.090+0000] {taskinstance.py:2611} ERROR - Received SIGTERM. Terminating subprocesses.
[2024-08-07T03:16:55.091+0000] {taskinstance.py:441} INFO - ::group::Post task execution logs
[2024-08-07T03:16:55.106+0000] {taskinstance.py:2905} ERROR - Task failed with exception
Traceback (most recent call last):
  File "/home/airflow/.local/lib/python3.12/site-packages/airflow/models/taskinstance.py", line 465, in _execute_task
    result = _execute_callable(context=context, **execute_callable_kwargs)
             ^^^^^^^^^^^^^^^^^^^^^^^^^^^^^^^^^^^^^^^^^^^^^^^^^^^^^^^^^^^^^
  File "/home/airflow/.local/lib/python3.12/site-packages/airflow/models/taskinstance.py", line 432, in _execute_callable
    return execute_callable(context=context, **execute_callable_kwargs)
           ^^^^^^^^^^^^^^^^^^^^^^^^^^^^^^^^^^^^^^^^^^^^^^^^^^^^^^^^^^^^
  File "/home/airflow/.local/lib/python3.12/site-packages/airflow/models/baseoperator.py", line 401, in wrapper
    return func(self, *args, **kwargs)
           ^^^^^^^^^^^^^^^^^^^^^^^^^^^
  File "/home/airflow/.local/lib/python3.12/site-packages/airflow/operators/python.py", line 235, in execute
    return_value = self.execute_callable()
                   ^^^^^^^^^^^^^^^^^^^^^^^
  File "/home/airflow/.local/lib/python3.12/site-packages/airflow/operators/python.py", line 252, in execute_callable
    return self.python_callable(*self.op_args, **self.op_kwargs)
           ^^^^^^^^^^^^^^^^^^^^^^^^^^^^^^^^^^^^^^^^^^^^^^^^^^^^^
  File "/opt/airflow/dags/airflow_stream.py", line 82, in send_data
    time.sleep(10)
  File "/home/airflow/.local/lib/python3.12/site-packages/airflow/models/taskinstance.py", line 2613, in signal_handler
    raise AirflowTaskTerminated("Task received SIGTERM signal")
airflow.exceptions.AirflowTaskTerminated: Task received SIGTERM signal
[2024-08-07T03:16:55.115+0000] {taskinstance.py:1206} INFO - Marking task as UP_FOR_RETRY. dag_id=send_stock_data, task_id=send_data, run_id=scheduled__2024-08-07T02:30:00+00:00, execution_date=20240807T023000, start_date=20240807T031227, end_date=20240807T031655
[2024-08-07T03:16:55.182+0000] {process_utils.py:80} INFO - Process psutil.Process(pid=319, status='terminated', exitcode=2, started='03:12:26') (319) terminated with exit code 2
