[2024-07-25 17:32:15,743] {taskinstance.py:1179} INFO - Dependencies all met for <TaskInstance: send_stock_data.format_data scheduled__2024-07-25T17:30:00+00:00 [queued]>
[2024-07-25 17:32:15,752] {taskinstance.py:1179} INFO - Dependencies all met for <TaskInstance: send_stock_data.format_data scheduled__2024-07-25T17:30:00+00:00 [queued]>
[2024-07-25 17:32:15,752] {taskinstance.py:1376} INFO - 
--------------------------------------------------------------------------------
[2024-07-25 17:32:15,752] {taskinstance.py:1377} INFO - Starting attempt 1 of 1
[2024-07-25 17:32:15,753] {taskinstance.py:1378} INFO - 
--------------------------------------------------------------------------------
[2024-07-25 17:32:15,766] {taskinstance.py:1397} INFO - Executing <Task(PythonOperator): format_data> on 2024-07-25 17:30:00+00:00
[2024-07-25 17:32:15,770] {standard_task_runner.py:52} INFO - Started process 234 to run task
[2024-07-25 17:32:15,773] {standard_task_runner.py:79} INFO - Running: ['***', 'tasks', 'run', 'send_stock_data', 'format_data', 'scheduled__2024-07-25T17:30:00+00:00', '--job-id', '13', '--raw', '--subdir', 'DAGS_FOLDER/***_stream.py', '--cfg-path', '/tmp/tmptt1e14vp', '--error-file', '/tmp/tmp9e_jjkrr']
[2024-07-25 17:32:15,774] {standard_task_runner.py:80} INFO - Job 13: Subtask format_data
[2024-07-25 17:32:15,786] {logging_mixin.py:115} WARNING - /home/***/.local/lib/python3.10/site-packages/***/configuration.py:528 DeprecationWarning: The sql_alchemy_conn option in [core] has been moved to the sql_alchemy_conn option in [database] - the old setting has been used, but please update your config.
[2024-07-25 17:32:15,824] {task_command.py:371} INFO - Running <TaskInstance: send_stock_data.format_data scheduled__2024-07-25T17:30:00+00:00 [running]> on host 3375e7ece4d4
[2024-07-25 17:32:15,874] {taskinstance.py:1589} INFO - Exporting the following env vars:
AIRFLOW_CTX_DAG_OWNER=***
AIRFLOW_CTX_DAG_ID=send_stock_data
AIRFLOW_CTX_TASK_ID=format_data
AIRFLOW_CTX_EXECUTION_DATE=2024-07-25T17:30:00+00:00
AIRFLOW_CTX_TRY_NUMBER=1
AIRFLOW_CTX_DAG_RUN_ID=scheduled__2024-07-25T17:30:00+00:00
[2024-07-25 17:32:15,883] {python.py:173} INFO - Done. Returned value was: {'date_time': '25/07/2024, 17:31:52', 'open': 217.2, 'high': 220.85, 'low': 214.62, 'current_price': 219.6486, 'previous_close': 218.54, 'change_percent': 0.5073}
[2024-07-25 17:32:15,902] {taskinstance.py:1415} INFO - Marking task as SUCCESS. dag_id=send_stock_data, task_id=format_data, execution_date=20240725T173000, start_date=20240725T173215, end_date=20240725T173215
[2024-07-25 17:32:15,945] {local_task_job.py:156} INFO - Task exited with return code 0
[2024-07-25 17:32:15,969] {local_task_job.py:273} INFO - 1 downstream tasks scheduled from follow-on schedule check
