[2024-07-28 11:42:00,897] {taskinstance.py:1179} INFO - Dependencies all met for <TaskInstance: send_stock_data.get_data scheduled__2024-07-28T11:41:00+00:00 [queued]>
[2024-07-28 11:42:00,906] {taskinstance.py:1179} INFO - Dependencies all met for <TaskInstance: send_stock_data.get_data scheduled__2024-07-28T11:41:00+00:00 [queued]>
[2024-07-28 11:42:00,907] {taskinstance.py:1376} INFO - 
--------------------------------------------------------------------------------
[2024-07-28 11:42:00,907] {taskinstance.py:1377} INFO - Starting attempt 1 of 1
[2024-07-28 11:42:00,907] {taskinstance.py:1378} INFO - 
--------------------------------------------------------------------------------
[2024-07-28 11:42:00,920] {taskinstance.py:1397} INFO - Executing <Task(PythonOperator): get_data> on 2024-07-28 11:41:00+00:00
[2024-07-28 11:42:00,924] {standard_task_runner.py:52} INFO - Started process 308 to run task
[2024-07-28 11:42:00,926] {standard_task_runner.py:79} INFO - Running: ['***', 'tasks', 'run', 'send_stock_data', 'get_data', 'scheduled__2024-07-28T11:41:00+00:00', '--job-id', '5', '--raw', '--subdir', 'DAGS_FOLDER/***_stream.py', '--cfg-path', '/tmp/tmp55fsydgl', '--error-file', '/tmp/tmp7teqxbt4']
[2024-07-28 11:42:00,927] {standard_task_runner.py:80} INFO - Job 5: Subtask get_data
[2024-07-28 11:42:00,942] {logging_mixin.py:115} WARNING - /home/***/.local/lib/python3.10/site-packages/***/configuration.py:528 DeprecationWarning: The sql_alchemy_conn option in [core] has been moved to the sql_alchemy_conn option in [database] - the old setting has been used, but please update your config.
[2024-07-28 11:42:00,983] {task_command.py:371} INFO - Running <TaskInstance: send_stock_data.get_data scheduled__2024-07-28T11:41:00+00:00 [running]> on host 77ea918c6e81
[2024-07-28 11:42:01,039] {taskinstance.py:1589} INFO - Exporting the following env vars:
AIRFLOW_CTX_DAG_OWNER=***
AIRFLOW_CTX_DAG_ID=send_stock_data
AIRFLOW_CTX_TASK_ID=get_data
AIRFLOW_CTX_EXECUTION_DATE=2024-07-28T11:41:00+00:00
AIRFLOW_CTX_TRY_NUMBER=1
AIRFLOW_CTX_DAG_RUN_ID=scheduled__2024-07-28T11:41:00+00:00
[2024-07-28 11:42:02,101] {python.py:173} INFO - Done. Returned value was: {'c': 217.96, 'd': 0.47, 'dp': 0.2161, 'h': 219.49, 'l': 216.01, 'o': 218.85, 'pc': 217.49, 't': 1722024001}
[2024-07-28 11:42:02,127] {taskinstance.py:1415} INFO - Marking task as SUCCESS. dag_id=send_stock_data, task_id=get_data, execution_date=20240728T114100, start_date=20240728T114200, end_date=20240728T114202
[2024-07-28 11:42:02,182] {local_task_job.py:156} INFO - Task exited with return code 0
[2024-07-28 11:42:02,216] {local_task_job.py:273} INFO - 1 downstream tasks scheduled from follow-on schedule check
