[2024-07-25 10:34:31,249] {taskinstance.py:1179} INFO - Dependencies all met for <TaskInstance: send_stock_data.format_data scheduled__2024-07-25T10:33:00+00:00 [queued]>
[2024-07-25 10:34:31,256] {taskinstance.py:1179} INFO - Dependencies all met for <TaskInstance: send_stock_data.format_data scheduled__2024-07-25T10:33:00+00:00 [queued]>
[2024-07-25 10:34:31,256] {taskinstance.py:1376} INFO - 
--------------------------------------------------------------------------------
[2024-07-25 10:34:31,256] {taskinstance.py:1377} INFO - Starting attempt 1 of 1
[2024-07-25 10:34:31,256] {taskinstance.py:1378} INFO - 
--------------------------------------------------------------------------------
[2024-07-25 10:34:31,267] {taskinstance.py:1397} INFO - Executing <Task(PythonOperator): format_data> on 2024-07-25 10:33:00+00:00
[2024-07-25 10:34:31,273] {standard_task_runner.py:52} INFO - Started process 222 to run task
[2024-07-25 10:34:31,275] {standard_task_runner.py:79} INFO - Running: ['***', 'tasks', 'run', 'send_stock_data', 'format_data', 'scheduled__2024-07-25T10:33:00+00:00', '--job-id', '7', '--raw', '--subdir', 'DAGS_FOLDER/***_stream.py', '--cfg-path', '/tmp/tmppda3xa_i', '--error-file', '/tmp/tmpb0p8e4ub']
[2024-07-25 10:34:31,276] {standard_task_runner.py:80} INFO - Job 7: Subtask format_data
[2024-07-25 10:34:31,288] {logging_mixin.py:115} WARNING - /home/***/.local/lib/python3.10/site-packages/***/configuration.py:528 DeprecationWarning: The sql_alchemy_conn option in [core] has been moved to the sql_alchemy_conn option in [database] - the old setting has been used, but please update your config.
[2024-07-25 10:34:31,323] {task_command.py:371} INFO - Running <TaskInstance: send_stock_data.format_data scheduled__2024-07-25T10:33:00+00:00 [running]> on host 3375e7ece4d4
[2024-07-25 10:34:31,369] {taskinstance.py:1589} INFO - Exporting the following env vars:
AIRFLOW_CTX_DAG_OWNER=***
AIRFLOW_CTX_DAG_ID=send_stock_data
AIRFLOW_CTX_TASK_ID=format_data
AIRFLOW_CTX_EXECUTION_DATE=2024-07-25T10:33:00+00:00
AIRFLOW_CTX_TRY_NUMBER=1
AIRFLOW_CTX_DAG_RUN_ID=scheduled__2024-07-25T10:33:00+00:00
[2024-07-25 10:34:31,376] {python.py:173} INFO - Done. Returned value was: {'date_time': '24/07/2024, 20:00:02', 'open': 224, 'high': 224.8, 'low': 217.13, 'current_price': 218.54, 'previous_close': 225.01, 'change_percent': -2.8754}
[2024-07-25 10:34:31,394] {taskinstance.py:1415} INFO - Marking task as SUCCESS. dag_id=send_stock_data, task_id=format_data, execution_date=20240725T103300, start_date=20240725T103431, end_date=20240725T103431
[2024-07-25 10:34:31,447] {local_task_job.py:156} INFO - Task exited with return code 0
[2024-07-25 10:34:31,476] {local_task_job.py:273} INFO - 1 downstream tasks scheduled from follow-on schedule check
