[2024-07-26 07:56:23,972] {taskinstance.py:1179} INFO - Dependencies all met for <TaskInstance: send_stock_data.get_data scheduled__2024-07-26T07:54:00+00:00 [queued]>
[2024-07-26 07:56:23,979] {taskinstance.py:1179} INFO - Dependencies all met for <TaskInstance: send_stock_data.get_data scheduled__2024-07-26T07:54:00+00:00 [queued]>
[2024-07-26 07:56:23,980] {taskinstance.py:1376} INFO - 
--------------------------------------------------------------------------------
[2024-07-26 07:56:23,980] {taskinstance.py:1377} INFO - Starting attempt 1 of 1
[2024-07-26 07:56:23,980] {taskinstance.py:1378} INFO - 
--------------------------------------------------------------------------------
[2024-07-26 07:56:23,992] {taskinstance.py:1397} INFO - Executing <Task(PythonOperator): get_data> on 2024-07-26 07:54:00+00:00
[2024-07-26 07:56:23,996] {standard_task_runner.py:52} INFO - Started process 561 to run task
[2024-07-26 07:56:23,998] {standard_task_runner.py:79} INFO - Running: ['***', 'tasks', 'run', 'send_stock_data', 'get_data', 'scheduled__2024-07-26T07:54:00+00:00', '--job-id', '11', '--raw', '--subdir', 'DAGS_FOLDER/***_stream.py', '--cfg-path', '/tmp/tmpm4ypof9e', '--error-file', '/tmp/tmpt7oez8hw']
[2024-07-26 07:56:23,999] {standard_task_runner.py:80} INFO - Job 11: Subtask get_data
[2024-07-26 07:56:24,013] {logging_mixin.py:115} WARNING - /home/***/.local/lib/python3.10/site-packages/***/configuration.py:528 DeprecationWarning: The sql_alchemy_conn option in [core] has been moved to the sql_alchemy_conn option in [database] - the old setting has been used, but please update your config.
[2024-07-26 07:56:24,055] {task_command.py:371} INFO - Running <TaskInstance: send_stock_data.get_data scheduled__2024-07-26T07:54:00+00:00 [running]> on host a65626265f2c
[2024-07-26 07:56:24,115] {taskinstance.py:1589} INFO - Exporting the following env vars:
AIRFLOW_CTX_DAG_OWNER=***
AIRFLOW_CTX_DAG_ID=send_stock_data
AIRFLOW_CTX_TASK_ID=get_data
AIRFLOW_CTX_EXECUTION_DATE=2024-07-26T07:54:00+00:00
AIRFLOW_CTX_TRY_NUMBER=1
AIRFLOW_CTX_DAG_RUN_ID=scheduled__2024-07-26T07:54:00+00:00
[2024-07-26 07:56:25,115] {python.py:173} INFO - Done. Returned value was: {'c': 217.49, 'd': -1.05, 'dp': -0.4805, 'h': 220.85, 'l': 214.62, 'o': 218.87, 'pc': 218.54, 't': 1721937602}
[2024-07-26 07:56:25,133] {taskinstance.py:1415} INFO - Marking task as SUCCESS. dag_id=send_stock_data, task_id=get_data, execution_date=20240726T075400, start_date=20240726T075623, end_date=20240726T075625
[2024-07-26 07:56:25,172] {local_task_job.py:156} INFO - Task exited with return code 0
[2024-07-26 07:56:25,201] {local_task_job.py:273} INFO - 1 downstream tasks scheduled from follow-on schedule check
