[2024-07-25 17:52:00,896] {taskinstance.py:1179} INFO - Dependencies all met for <TaskInstance: send_stock_data.get_data scheduled__2024-07-25T17:51:00+00:00 [queued]>
[2024-07-25 17:52:00,901] {taskinstance.py:1179} INFO - Dependencies all met for <TaskInstance: send_stock_data.get_data scheduled__2024-07-25T17:51:00+00:00 [queued]>
[2024-07-25 17:52:00,902] {taskinstance.py:1376} INFO - 
--------------------------------------------------------------------------------
[2024-07-25 17:52:00,902] {taskinstance.py:1377} INFO - Starting attempt 1 of 1
[2024-07-25 17:52:00,902] {taskinstance.py:1378} INFO - 
--------------------------------------------------------------------------------
[2024-07-25 17:52:00,914] {taskinstance.py:1397} INFO - Executing <Task(PythonOperator): get_data> on 2024-07-25 17:51:00+00:00
[2024-07-25 17:52:00,918] {standard_task_runner.py:52} INFO - Started process 672 to run task
[2024-07-25 17:52:00,920] {standard_task_runner.py:79} INFO - Running: ['***', 'tasks', 'run', 'send_stock_data', 'get_data', 'scheduled__2024-07-25T17:51:00+00:00', '--job-id', '34', '--raw', '--subdir', 'DAGS_FOLDER/***_stream.py', '--cfg-path', '/tmp/tmprtmd28wu', '--error-file', '/tmp/tmpozd8g7o5']
[2024-07-25 17:52:00,921] {standard_task_runner.py:80} INFO - Job 34: Subtask get_data
[2024-07-25 17:52:00,933] {logging_mixin.py:115} WARNING - /home/***/.local/lib/python3.10/site-packages/***/configuration.py:528 DeprecationWarning: The sql_alchemy_conn option in [core] has been moved to the sql_alchemy_conn option in [database] - the old setting has been used, but please update your config.
[2024-07-25 17:52:00,968] {task_command.py:371} INFO - Running <TaskInstance: send_stock_data.get_data scheduled__2024-07-25T17:51:00+00:00 [running]> on host 3375e7ece4d4
[2024-07-25 17:52:01,016] {taskinstance.py:1589} INFO - Exporting the following env vars:
AIRFLOW_CTX_DAG_OWNER=***
AIRFLOW_CTX_DAG_ID=send_stock_data
AIRFLOW_CTX_TASK_ID=get_data
AIRFLOW_CTX_EXECUTION_DATE=2024-07-25T17:51:00+00:00
AIRFLOW_CTX_TRY_NUMBER=1
AIRFLOW_CTX_DAG_RUN_ID=scheduled__2024-07-25T17:51:00+00:00
[2024-07-25 17:52:01,858] {python.py:173} INFO - Done. Returned value was: {'c': 220.16, 'd': 1.62, 'dp': 0.7413, 'h': 220.85, 'l': 214.62, 'o': 218.87, 'pc': 218.54, 't': 1721929875}
[2024-07-25 17:52:01,878] {taskinstance.py:1415} INFO - Marking task as SUCCESS. dag_id=send_stock_data, task_id=get_data, execution_date=20240725T175100, start_date=20240725T175200, end_date=20240725T175201
[2024-07-25 17:52:01,895] {local_task_job.py:156} INFO - Task exited with return code 0
[2024-07-25 17:52:01,925] {local_task_job.py:273} INFO - 1 downstream tasks scheduled from follow-on schedule check
