[2024-07-26 16:32:33,872] {taskinstance.py:1179} INFO - Dependencies all met for <TaskInstance: send_stock_data.get_data scheduled__2024-07-26T16:31:00+00:00 [queued]>
[2024-07-26 16:32:33,882] {taskinstance.py:1179} INFO - Dependencies all met for <TaskInstance: send_stock_data.get_data scheduled__2024-07-26T16:31:00+00:00 [queued]>
[2024-07-26 16:32:33,883] {taskinstance.py:1376} INFO - 
--------------------------------------------------------------------------------
[2024-07-26 16:32:33,883] {taskinstance.py:1377} INFO - Starting attempt 1 of 1
[2024-07-26 16:32:33,883] {taskinstance.py:1378} INFO - 
--------------------------------------------------------------------------------
[2024-07-26 16:32:33,897] {taskinstance.py:1397} INFO - Executing <Task(PythonOperator): get_data> on 2024-07-26 16:31:00+00:00
[2024-07-26 16:32:33,902] {standard_task_runner.py:52} INFO - Started process 780 to run task
[2024-07-26 16:32:33,905] {standard_task_runner.py:79} INFO - Running: ['***', 'tasks', 'run', 'send_stock_data', 'get_data', 'scheduled__2024-07-26T16:31:00+00:00', '--job-id', '10', '--raw', '--subdir', 'DAGS_FOLDER/***_stream.py', '--cfg-path', '/tmp/tmpgctc3yc0', '--error-file', '/tmp/tmpgmbr8nbx']
[2024-07-26 16:32:33,906] {standard_task_runner.py:80} INFO - Job 10: Subtask get_data
[2024-07-26 16:32:33,921] {logging_mixin.py:115} WARNING - /home/***/.local/lib/python3.10/site-packages/***/configuration.py:528 DeprecationWarning: The sql_alchemy_conn option in [core] has been moved to the sql_alchemy_conn option in [database] - the old setting has been used, but please update your config.
[2024-07-26 16:32:33,968] {task_command.py:371} INFO - Running <TaskInstance: send_stock_data.get_data scheduled__2024-07-26T16:31:00+00:00 [running]> on host e1c0ddb9d8c8
[2024-07-26 16:32:34,037] {taskinstance.py:1589} INFO - Exporting the following env vars:
AIRFLOW_CTX_DAG_OWNER=***
AIRFLOW_CTX_DAG_ID=send_stock_data
AIRFLOW_CTX_TASK_ID=get_data
AIRFLOW_CTX_EXECUTION_DATE=2024-07-26T16:31:00+00:00
AIRFLOW_CTX_TRY_NUMBER=1
AIRFLOW_CTX_DAG_RUN_ID=scheduled__2024-07-26T16:31:00+00:00
[2024-07-26 16:32:35,421] {python.py:173} INFO - Done. Returned value was: {'c': 218.8, 'd': 1.31, 'dp': 0.6023, 'h': 219.3, 'l': 216.01, 'o': 219.3, 'pc': 217.49, 't': 1722011350}
[2024-07-26 16:32:35,449] {taskinstance.py:1415} INFO - Marking task as SUCCESS. dag_id=send_stock_data, task_id=get_data, execution_date=20240726T163100, start_date=20240726T163233, end_date=20240726T163235
[2024-07-26 16:32:35,484] {local_task_job.py:156} INFO - Task exited with return code 0
[2024-07-26 16:32:35,529] {local_task_job.py:273} INFO - 1 downstream tasks scheduled from follow-on schedule check
