[2024-08-07T02:15:07.506+0000] {local_task_job_runner.py:120} INFO - ::group::Pre task execution logs
[2024-08-07T02:15:07.560+0000] {taskinstance.py:2076} INFO - Dependencies all met for dep_context=non-requeueable deps ti=<TaskInstance: send_stock_data.send_data scheduled__2024-08-05T15:15:00+00:00 [queued]>
[2024-08-07T02:15:07.572+0000] {taskinstance.py:2076} INFO - Dependencies all met for dep_context=requeueable deps ti=<TaskInstance: send_stock_data.send_data scheduled__2024-08-05T15:15:00+00:00 [queued]>
[2024-08-07T02:15:07.573+0000] {taskinstance.py:2306} INFO - Starting attempt 2 of 2
[2024-08-07T02:15:07.597+0000] {taskinstance.py:2330} INFO - Executing <Task(PythonOperator): send_data> on 2024-08-05 15:15:00+00:00
[2024-08-07T02:15:07.608+0000] {logging_mixin.py:188} WARNING - /home/***/.local/lib/python3.12/site-packages/***/task/task_runner/standard_task_runner.py:62 DeprecationWarning: This process (pid=418) is multi-threaded, use of fork() may lead to deadlocks in the child.
[2024-08-07T02:15:07.609+0000] {standard_task_runner.py:64} INFO - Started process 424 to run task
[2024-08-07T02:15:07.608+0000] {standard_task_runner.py:90} INFO - Running: ['***', 'tasks', 'run', 'send_stock_data', 'send_data', 'scheduled__2024-08-05T15:15:00+00:00', '--job-id', '49', '--raw', '--subdir', 'DAGS_FOLDER/***_stream.py', '--cfg-path', '/tmp/tmpefmvvu3v']
[2024-08-07T02:15:07.610+0000] {standard_task_runner.py:91} INFO - Job 49: Subtask send_data
[2024-08-07T02:15:07.633+0000] {logging_mixin.py:188} WARNING - /home/***/.local/lib/python3.12/site-packages/***/settings.py:195 DeprecationWarning: The sql_alchemy_conn option in [core] has been moved to the sql_alchemy_conn option in [database] - the old setting has been used, but please update your config.
[2024-08-07T02:15:07.694+0000] {task_command.py:426} INFO - Running <TaskInstance: send_stock_data.send_data scheduled__2024-08-05T15:15:00+00:00 [running]> on host 7290ddab538a
[2024-08-07T02:15:07.849+0000] {taskinstance.py:2648} INFO - Exporting env vars: AIRFLOW_CTX_DAG_OWNER='***' AIRFLOW_CTX_DAG_ID='send_stock_data' AIRFLOW_CTX_TASK_ID='send_data' AIRFLOW_CTX_EXECUTION_DATE='2024-08-05T15:15:00+00:00' AIRFLOW_CTX_TRY_NUMBER='2' AIRFLOW_CTX_DAG_RUN_ID='scheduled__2024-08-05T15:15:00+00:00'
[2024-08-07T02:15:07.851+0000] {taskinstance.py:430} INFO - ::endgroup::
[2024-08-07T02:15:18.541+0000] {logging_mixin.py:188} INFO - Delivered message to AAPL_Stock [0]
[2024-08-07T02:15:28.542+0000] {logging_mixin.py:188} INFO - Delivered message to AAPL_Stock [0]
[2024-08-07T02:15:38.544+0000] {logging_mixin.py:188} INFO - Delivered message to AAPL_Stock [0]
[2024-08-07T02:15:48.543+0000] {logging_mixin.py:188} INFO - Delivered message to AAPL_Stock [0]
[2024-08-07T02:15:58.545+0000] {logging_mixin.py:188} INFO - Delivered message to AAPL_Stock [0]
[2024-08-07T02:16:08.546+0000] {logging_mixin.py:188} INFO - Delivered message to AAPL_Stock [0]
[2024-08-07T02:16:18.546+0000] {logging_mixin.py:188} INFO - Delivered message to AAPL_Stock [0]
[2024-08-07T02:16:28.547+0000] {logging_mixin.py:188} INFO - Delivered message to AAPL_Stock [0]
[2024-08-07T02:16:38.548+0000] {logging_mixin.py:188} INFO - Delivered message to AAPL_Stock [0]
[2024-08-07T02:16:48.548+0000] {logging_mixin.py:188} INFO - Delivered message to AAPL_Stock [0]
[2024-08-07T02:16:58.549+0000] {logging_mixin.py:188} INFO - Delivered message to AAPL_Stock [0]
[2024-08-07T02:17:08.550+0000] {logging_mixin.py:188} INFO - Delivered message to AAPL_Stock [0]
[2024-08-07T02:17:18.550+0000] {logging_mixin.py:188} INFO - Delivered message to AAPL_Stock [0]
[2024-08-07T02:17:28.552+0000] {logging_mixin.py:188} INFO - Delivered message to AAPL_Stock [0]
[2024-08-07T02:17:38.553+0000] {logging_mixin.py:188} INFO - Delivered message to AAPL_Stock [0]
[2024-08-07T02:17:48.553+0000] {logging_mixin.py:188} INFO - Delivered message to AAPL_Stock [0]
[2024-08-07T02:17:58.554+0000] {logging_mixin.py:188} INFO - Delivered message to AAPL_Stock [0]
[2024-08-07T02:18:08.556+0000] {logging_mixin.py:188} INFO - Delivered message to AAPL_Stock [0]
[2024-08-07T02:18:18.556+0000] {logging_mixin.py:188} INFO - Delivered message to AAPL_Stock [0]
[2024-08-07T02:18:28.558+0000] {logging_mixin.py:188} INFO - Delivered message to AAPL_Stock [0]
[2024-08-07T02:18:38.561+0000] {logging_mixin.py:188} INFO - Delivered message to AAPL_Stock [0]
[2024-08-07T02:18:48.561+0000] {logging_mixin.py:188} INFO - Delivered message to AAPL_Stock [0]
[2024-08-07T02:18:58.563+0000] {logging_mixin.py:188} INFO - Delivered message to AAPL_Stock [0]
[2024-08-07T02:19:08.565+0000] {logging_mixin.py:188} INFO - Delivered message to AAPL_Stock [0]
[2024-08-07T02:19:18.565+0000] {logging_mixin.py:188} INFO - Delivered message to AAPL_Stock [0]
[2024-08-07T02:19:28.566+0000] {logging_mixin.py:188} INFO - Delivered message to AAPL_Stock [0]
[2024-08-07T02:19:38.568+0000] {logging_mixin.py:188} INFO - Delivered message to AAPL_Stock [0]
[2024-08-07T02:19:48.568+0000] {logging_mixin.py:188} INFO - Delivered message to AAPL_Stock [0]
[2024-08-07T02:19:58.570+0000] {logging_mixin.py:188} INFO - Delivered message to AAPL_Stock [0]
[2024-08-07T02:20:08.572+0000] {logging_mixin.py:188} INFO - Delivered message to AAPL_Stock [0]
[2024-08-07T02:20:18.572+0000] {logging_mixin.py:188} INFO - Delivered message to AAPL_Stock [0]
[2024-08-07T02:20:28.574+0000] {logging_mixin.py:188} INFO - Delivered message to AAPL_Stock [0]
[2024-08-07T02:20:38.575+0000] {logging_mixin.py:188} INFO - Delivered message to AAPL_Stock [0]
[2024-08-07T02:24:04.158+0000] {logging_mixin.py:188} INFO - Delivered message to AAPL_Stock [0]
[2024-08-07T02:24:14.160+0000] {logging_mixin.py:188} INFO - Delivered message to AAPL_Stock [0]
[2024-08-07T02:24:24.161+0000] {logging_mixin.py:188} INFO - Delivered message to AAPL_Stock [0]
[2024-08-07T02:24:34.162+0000] {logging_mixin.py:188} INFO - Delivered message to AAPL_Stock [0]
[2024-08-07T02:24:44.163+0000] {logging_mixin.py:188} INFO - Delivered message to AAPL_Stock [0]
[2024-08-07T02:24:54.165+0000] {logging_mixin.py:188} INFO - Delivered message to AAPL_Stock [0]
[2024-08-07T02:25:04.165+0000] {logging_mixin.py:188} INFO - Delivered message to AAPL_Stock [0]
[2024-08-07T02:25:14.167+0000] {logging_mixin.py:188} INFO - Delivered message to AAPL_Stock [0]
[2024-08-07T02:25:24.168+0000] {logging_mixin.py:188} INFO - Delivered message to AAPL_Stock [0]
[2024-08-07T02:25:34.169+0000] {logging_mixin.py:188} INFO - Delivered message to AAPL_Stock [0]
[2024-08-07T02:25:44.170+0000] {logging_mixin.py:188} INFO - Delivered message to AAPL_Stock [0]
[2024-08-07T02:25:54.172+0000] {logging_mixin.py:188} INFO - Delivered message to AAPL_Stock [0]
[2024-08-07T02:26:04.172+0000] {logging_mixin.py:188} INFO - Delivered message to AAPL_Stock [0]
[2024-08-07T02:26:14.173+0000] {logging_mixin.py:188} INFO - Delivered message to AAPL_Stock [0]
[2024-08-07T02:26:24.174+0000] {logging_mixin.py:188} INFO - Delivered message to AAPL_Stock [0]
[2024-08-07T02:26:34.174+0000] {logging_mixin.py:188} INFO - Delivered message to AAPL_Stock [0]
[2024-08-07T02:26:44.175+0000] {logging_mixin.py:188} INFO - Delivered message to AAPL_Stock [0]
[2024-08-07T02:26:54.177+0000] {logging_mixin.py:188} INFO - Delivered message to AAPL_Stock [0]
[2024-08-07T02:27:04.177+0000] {logging_mixin.py:188} INFO - Delivered message to AAPL_Stock [0]
[2024-08-07T02:27:14.179+0000] {logging_mixin.py:188} INFO - Delivered message to AAPL_Stock [0]
[2024-08-07T02:27:24.180+0000] {logging_mixin.py:188} INFO - Delivered message to AAPL_Stock [0]
[2024-08-07T02:27:34.181+0000] {logging_mixin.py:188} INFO - Delivered message to AAPL_Stock [0]
[2024-08-07T02:27:44.183+0000] {logging_mixin.py:188} INFO - Delivered message to AAPL_Stock [0]
[2024-08-07T02:27:54.184+0000] {logging_mixin.py:188} INFO - Delivered message to AAPL_Stock [0]
[2024-08-07T02:28:04.185+0000] {logging_mixin.py:188} INFO - Delivered message to AAPL_Stock [0]
[2024-08-07T02:28:14.186+0000] {logging_mixin.py:188} INFO - Delivered message to AAPL_Stock [0]
[2024-08-07T02:28:24.188+0000] {logging_mixin.py:188} INFO - Delivered message to AAPL_Stock [0]
[2024-08-07T02:28:34.189+0000] {logging_mixin.py:188} INFO - Delivered message to AAPL_Stock [0]
[2024-08-07T02:28:44.191+0000] {logging_mixin.py:188} INFO - Delivered message to AAPL_Stock [0]
[2024-08-07T02:28:54.193+0000] {logging_mixin.py:188} INFO - Delivered message to AAPL_Stock [0]
[2024-08-07T02:29:04.193+0000] {logging_mixin.py:188} INFO - Delivered message to AAPL_Stock [0]
[2024-08-07T02:29:13.983+0000] {local_task_job_runner.py:124} ERROR - Received SIGTERM. Terminating subprocesses
[2024-08-07T02:29:14.000+0000] {process_utils.py:132} INFO - Sending 15 to group 424. PIDs of all processes in the group: [424]
[2024-08-07T02:29:14.005+0000] {process_utils.py:87} INFO - Sending the signal 15 to group 424
[2024-08-07T02:29:14.007+0000] {taskinstance.py:2611} ERROR - Received SIGTERM. Terminating subprocesses.
[2024-08-07T02:29:14.009+0000] {taskinstance.py:441} INFO - ::group::Post task execution logs
[2024-08-07T02:29:14.071+0000] {taskinstance.py:2905} ERROR - Task failed with exception
Traceback (most recent call last):
  File "/home/airflow/.local/lib/python3.12/site-packages/airflow/models/taskinstance.py", line 465, in _execute_task
    result = _execute_callable(context=context, **execute_callable_kwargs)
             ^^^^^^^^^^^^^^^^^^^^^^^^^^^^^^^^^^^^^^^^^^^^^^^^^^^^^^^^^^^^^
  File "/home/airflow/.local/lib/python3.12/site-packages/airflow/models/taskinstance.py", line 432, in _execute_callable
    return execute_callable(context=context, **execute_callable_kwargs)
           ^^^^^^^^^^^^^^^^^^^^^^^^^^^^^^^^^^^^^^^^^^^^^^^^^^^^^^^^^^^^
  File "/home/airflow/.local/lib/python3.12/site-packages/airflow/models/baseoperator.py", line 401, in wrapper
    return func(self, *args, **kwargs)
           ^^^^^^^^^^^^^^^^^^^^^^^^^^^
  File "/home/airflow/.local/lib/python3.12/site-packages/airflow/operators/python.py", line 235, in execute
    return_value = self.execute_callable()
                   ^^^^^^^^^^^^^^^^^^^^^^^
  File "/home/airflow/.local/lib/python3.12/site-packages/airflow/operators/python.py", line 252, in execute_callable
    return self.python_callable(*self.op_args, **self.op_kwargs)
           ^^^^^^^^^^^^^^^^^^^^^^^^^^^^^^^^^^^^^^^^^^^^^^^^^^^^^
  File "/opt/airflow/dags/airflow_stream.py", line 82, in send_data
    time.sleep(10)
  File "/home/airflow/.local/lib/python3.12/site-packages/airflow/models/taskinstance.py", line 2613, in signal_handler
    raise AirflowTaskTerminated("Task received SIGTERM signal")
airflow.exceptions.AirflowTaskTerminated: Task received SIGTERM signal
[2024-08-07T02:29:14.126+0000] {taskinstance.py:1206} INFO - Marking task as FAILED. dag_id=send_stock_data, task_id=send_data, run_id=scheduled__2024-08-05T15:15:00+00:00, execution_date=20240805T151500, start_date=20240807T021507, end_date=20240807T022914
[2024-08-07T02:29:14.220+0000] {process_utils.py:80} INFO - Process psutil.Process(pid=424, status='terminated', exitcode=2, started='02:15:06') (424) terminated with exit code 2
[2024-08-07T02:29:14.222+0000] {local_task_job_runner.py:243} INFO - Task exited with return code 143
[2024-08-07T02:29:14.263+0000] {taskinstance.py:3503} INFO - 0 downstream tasks scheduled from follow-on schedule check
[2024-08-07T02:29:14.716+0000] {local_task_job_runner.py:222} INFO - ::endgroup::
