[2024-07-28 11:56:00,418] {taskinstance.py:1179} INFO - Dependencies all met for <TaskInstance: send_stock_data.get_data scheduled__2024-07-28T11:55:00+00:00 [queued]>
[2024-07-28 11:56:00,427] {taskinstance.py:1179} INFO - Dependencies all met for <TaskInstance: send_stock_data.get_data scheduled__2024-07-28T11:55:00+00:00 [queued]>
[2024-07-28 11:56:00,427] {taskinstance.py:1376} INFO - 
--------------------------------------------------------------------------------
[2024-07-28 11:56:00,428] {taskinstance.py:1377} INFO - Starting attempt 1 of 1
[2024-07-28 11:56:00,428] {taskinstance.py:1378} INFO - 
--------------------------------------------------------------------------------
[2024-07-28 11:56:00,441] {taskinstance.py:1397} INFO - Executing <Task(PythonOperator): get_data> on 2024-07-28 11:55:00+00:00
[2024-07-28 11:56:00,445] {standard_task_runner.py:52} INFO - Started process 659 to run task
[2024-07-28 11:56:00,448] {standard_task_runner.py:79} INFO - Running: ['***', 'tasks', 'run', 'send_stock_data', 'get_data', 'scheduled__2024-07-28T11:55:00+00:00', '--job-id', '26', '--raw', '--subdir', 'DAGS_FOLDER/***_stream.py', '--cfg-path', '/tmp/tmp1wi3wqxd', '--error-file', '/tmp/tmpvixm70hw']
[2024-07-28 11:56:00,450] {standard_task_runner.py:80} INFO - Job 26: Subtask get_data
[2024-07-28 11:56:00,470] {logging_mixin.py:115} WARNING - /home/***/.local/lib/python3.10/site-packages/***/configuration.py:528 DeprecationWarning: The sql_alchemy_conn option in [core] has been moved to the sql_alchemy_conn option in [database] - the old setting has been used, but please update your config.
[2024-07-28 11:56:00,515] {task_command.py:371} INFO - Running <TaskInstance: send_stock_data.get_data scheduled__2024-07-28T11:55:00+00:00 [running]> on host 77ea918c6e81
[2024-07-28 11:56:00,574] {taskinstance.py:1589} INFO - Exporting the following env vars:
AIRFLOW_CTX_DAG_OWNER=***
AIRFLOW_CTX_DAG_ID=send_stock_data
AIRFLOW_CTX_TASK_ID=get_data
AIRFLOW_CTX_EXECUTION_DATE=2024-07-28T11:55:00+00:00
AIRFLOW_CTX_TRY_NUMBER=1
AIRFLOW_CTX_DAG_RUN_ID=scheduled__2024-07-28T11:55:00+00:00
[2024-07-28 11:56:01,417] {python.py:173} INFO - Done. Returned value was: {'c': 217.96, 'd': 0.47, 'dp': 0.2161, 'h': 219.49, 'l': 216.01, 'o': 218.85, 'pc': 217.49, 't': 1722024001}
[2024-07-28 11:56:01,442] {taskinstance.py:1415} INFO - Marking task as SUCCESS. dag_id=send_stock_data, task_id=get_data, execution_date=20240728T115500, start_date=20240728T115600, end_date=20240728T115601
[2024-07-28 11:56:01,462] {local_task_job.py:156} INFO - Task exited with return code 0
[2024-07-28 11:56:01,504] {local_task_job.py:273} INFO - 1 downstream tasks scheduled from follow-on schedule check
