[2024-07-30T14:44:12.314+0000] {local_task_job_runner.py:120} INFO - ::group::Pre task execution logs
[2024-07-30T14:44:12.358+0000] {taskinstance.py:2076} INFO - Dependencies all met for dep_context=non-requeueable deps ti=<TaskInstance: send_stock_data.get_data scheduled__2024-07-30T14:43:00+00:00 [queued]>
[2024-07-30T14:44:12.370+0000] {taskinstance.py:2076} INFO - Dependencies all met for dep_context=requeueable deps ti=<TaskInstance: send_stock_data.get_data scheduled__2024-07-30T14:43:00+00:00 [queued]>
[2024-07-30T14:44:12.370+0000] {taskinstance.py:2306} INFO - Starting attempt 1 of 2
[2024-07-30T14:44:12.391+0000] {taskinstance.py:2330} INFO - Executing <Task(PythonOperator): get_data> on 2024-07-30 14:43:00+00:00
[2024-07-30T14:44:12.401+0000] {logging_mixin.py:188} WARNING - /home/***/.local/lib/python3.12/site-packages/***/task/task_runner/standard_task_runner.py:62 DeprecationWarning: This process (pid=472) is multi-threaded, use of fork() may lead to deadlocks in the child.
[2024-07-30T14:44:12.403+0000] {standard_task_runner.py:64} INFO - Started process 474 to run task
[2024-07-30T14:44:12.401+0000] {standard_task_runner.py:90} INFO - Running: ['***', 'tasks', 'run', 'send_stock_data', 'get_data', 'scheduled__2024-07-30T14:43:00+00:00', '--job-id', '50', '--raw', '--subdir', 'DAGS_FOLDER/***_stream.py', '--cfg-path', '/tmp/tmp8mp_r7a3']
[2024-07-30T14:44:12.407+0000] {standard_task_runner.py:91} INFO - Job 50: Subtask get_data
[2024-07-30T14:44:12.429+0000] {logging_mixin.py:188} WARNING - /home/***/.local/lib/python3.12/site-packages/***/settings.py:195 DeprecationWarning: The sql_alchemy_conn option in [core] has been moved to the sql_alchemy_conn option in [database] - the old setting has been used, but please update your config.
[2024-07-30T14:44:12.479+0000] {task_command.py:426} INFO - Running <TaskInstance: send_stock_data.get_data scheduled__2024-07-30T14:43:00+00:00 [running]> on host da3e94a6f80e
[2024-07-30T14:44:12.627+0000] {taskinstance.py:2648} INFO - Exporting env vars: AIRFLOW_CTX_DAG_OWNER='***' AIRFLOW_CTX_DAG_ID='send_stock_data' AIRFLOW_CTX_TASK_ID='get_data' AIRFLOW_CTX_EXECUTION_DATE='2024-07-30T14:43:00+00:00' AIRFLOW_CTX_TRY_NUMBER='1' AIRFLOW_CTX_DAG_RUN_ID='scheduled__2024-07-30T14:43:00+00:00'
[2024-07-30T14:44:12.629+0000] {taskinstance.py:430} INFO - ::endgroup::
[2024-07-30T14:44:13.460+0000] {logging_mixin.py:188} WARNING - [*********************100%%**********************]  1 of 1 completed
[2024-07-30T14:44:13.576+0000] {logging_mixin.py:188} WARNING - [*********************100%%**********************]  1 of 1 completed
[2024-07-30T14:44:13.694+0000] {logging_mixin.py:188} WARNING - [*********************100%%**********************]  1 of 1 completed
[2024-07-30T14:44:13.817+0000] {logging_mixin.py:188} WARNING - [*********************100%%**********************]  1 of 1 completed
[2024-07-30T14:44:13.945+0000] {logging_mixin.py:188} WARNING - [*********************100%%**********************]  1 of 1 completed
[2024-07-30T14:44:14.006+0000] {python.py:237} INFO - Done. Returned value was: [                                 Open        High  ...   Adj Close   Volume
Datetime                                           ...                     
2024-07-30 09:30:00-04:00  219.039993  219.419693  ...  218.669998  1279103
2024-07-30 09:31:00-04:00  218.690002  219.789993  ...  219.535202   231648
2024-07-30 09:32:00-04:00  219.520004  219.565002  ...  219.330002   151211
2024-07-30 09:33:00-04:00  219.410004  219.470001  ...  218.845993   129536
2024-07-30 09:34:00-04:00  218.830002  218.899506  ...  218.759995   144176
...                               ...         ...  ...         ...      ...
2024-07-30 10:40:00-04:00  218.750000  218.860001  ...  218.750000    80982
2024-07-30 10:41:00-04:00  218.744995  218.869995  ...  218.740005    86837
2024-07-30 10:42:00-04:00  218.750000  218.750000  ...  218.660004    63887
2024-07-30 10:43:00-04:00  218.669998  218.739197  ...  218.660095    75005
2024-07-30 10:44:00-04:00  218.699295  218.699295  ...  218.699295        0

[75 rows x 6 columns],                                  Open        High  ...   Adj Close  Volume
Datetime                                           ...                    
2024-07-30 09:30:00-04:00  170.240005  170.419998  ...  170.035004  652964
2024-07-30 09:31:00-04:00  170.009995  170.720001  ...  170.660004   90779
2024-07-30 09:32:00-04:00  170.654999  171.000000  ...  170.945007   90321
2024-07-30 09:33:00-04:00  170.949997  171.000000  ...  170.804993   92980
2024-07-30 09:34:00-04:00  170.809998  171.210999  ...  171.210999   93490
...                               ...         ...  ...         ...     ...
2024-07-30 10:40:00-04:00  169.928207  170.020004  ...  169.800003   32437
2024-07-30 10:41:00-04:00  169.789993  169.860001  ...  169.720001   22463
2024-07-30 10:42:00-04:00  169.720001  169.764999  ...  169.740005   20994
2024-07-30 10:43:00-04:00  169.750000  169.949997  ...  169.929993   29164
2024-07-30 10:44:00-04:00  169.908005  169.908005  ...  169.908005       0

[75 rows x 6 columns],                                  Open        High  ...   Adj Close   Volume
Datetime                                           ...                     
2024-07-30 09:30:00-04:00  184.768997  184.815002  ...  184.409897  3472777
2024-07-30 09:31:00-04:00  184.402695  184.800003  ...  184.710007   151708
2024-07-30 09:32:00-04:00  184.710007  185.199997  ...  184.970001   323569
2024-07-30 09:33:00-04:00  184.940002  185.279999  ...  185.160004   193711
2024-07-30 09:34:00-04:00  185.160004  185.309998  ...  185.309692   168193
...                               ...         ...  ...         ...      ...
2024-07-30 10:40:00-04:00  183.554993  183.639297  ...  183.470001    54739
2024-07-30 10:41:00-04:00  183.459198  183.550003  ...  183.485001    46002
2024-07-30 10:42:00-04:00  183.479996  183.490005  ...  183.449707    45121
2024-07-30 10:43:00-04:00  183.449997  183.500000  ...  183.449997    50775
2024-07-30 10:44:00-04:00  183.583893  183.583893  ...  183.583893        0

[75 rows x 6 columns],                                  Open        High  ...   Adj Close  Volume
Datetime                                           ...                    
2024-07-30 09:30:00-04:00  426.670013  426.670013  ...  426.670013  672076
2024-07-30 09:31:00-04:00  426.760010  427.276794  ...  426.929993  139959
2024-07-30 09:32:00-04:00  426.670013  427.230011  ...  426.475006   80121
2024-07-30 09:33:00-04:00  426.489990  426.779999  ...  426.220001   64090
2024-07-30 09:34:00-04:00  426.350006  426.670013  ...  426.575012   73551
...                               ...         ...  ...         ...     ...
2024-07-30 10:40:00-04:00  425.500000  425.500000  ...  425.315002   60249
2024-07-30 10:41:00-04:00  425.350006  425.500000  ...  425.329987   62858
2024-07-30 10:42:00-04:00  425.334991  425.334991  ...  425.126404   19394
2024-07-30 10:43:00-04:00  425.100006  425.410004  ...  425.359100   33276
2024-07-30 10:44:00-04:00  425.445007  425.445007  ...  425.445007       0

[75 rows x 6 columns],                                  Open        High  ...   Adj Close   Volume
Datetime                                           ...                     
2024-07-30 09:30:00-04:00  232.110001  232.410004  ...  230.929993  3468081
2024-07-30 09:31:00-04:00  230.835007  231.779999  ...  230.434998   568353
2024-07-30 09:32:00-04:00  230.410400  230.490005  ...  229.869995   632878
2024-07-30 09:33:00-04:00  229.899994  230.339905  ...  229.150604   689182
2024-07-30 09:34:00-04:00  229.228195  229.549896  ...  228.899994   588139
...                               ...         ...  ...         ...      ...
2024-07-30 10:40:00-04:00  230.679993  231.300003  ...  231.088806   335709
2024-07-30 10:41:00-04:00  231.080002  231.279999  ...  230.910004   201130
2024-07-30 10:42:00-04:00  230.940002  230.970001  ...  230.429993   169061
2024-07-30 10:43:00-04:00  230.458099  230.473801  ...  230.076401   295795
2024-07-30 10:44:00-04:00  230.520004  230.520004  ...  230.520004        0

[74 rows x 6 columns]]
[2024-07-30T14:44:14.077+0000] {taskinstance.py:441} INFO - ::group::Post task execution logs
[2024-07-30T14:44:14.126+0000] {taskinstance.py:1206} INFO - Marking task as SUCCESS. dag_id=send_stock_data, task_id=get_data, run_id=scheduled__2024-07-30T14:43:00+00:00, execution_date=20240730T144300, start_date=20240730T144412, end_date=20240730T144414
[2024-07-30T14:44:14.185+0000] {local_task_job_runner.py:243} INFO - Task exited with return code 0
[2024-07-30T14:44:14.227+0000] {taskinstance.py:3503} INFO - 1 downstream tasks scheduled from follow-on schedule check
[2024-07-30T14:44:14.232+0000] {local_task_job_runner.py:222} INFO - ::endgroup::
