[2024-08-07T03:12:27.178+0000] {local_task_job_runner.py:120} INFO - ::group::Pre task execution logs
[2024-08-07T03:12:27.239+0000] {taskinstance.py:2076} INFO - Dependencies all met for dep_context=non-requeueable deps ti=<TaskInstance: send_stock_data.send_data scheduled__2024-08-07T02:25:00+00:00 [queued]>
[2024-08-07T03:12:27.259+0000] {taskinstance.py:2076} INFO - Dependencies all met for dep_context=requeueable deps ti=<TaskInstance: send_stock_data.send_data scheduled__2024-08-07T02:25:00+00:00 [queued]>
[2024-08-07T03:12:27.260+0000] {taskinstance.py:2306} INFO - Starting attempt 2 of 2
[2024-08-07T03:12:27.286+0000] {taskinstance.py:2330} INFO - Executing <Task(PythonOperator): send_data> on 2024-08-07 02:25:00+00:00
[2024-08-07T03:12:27.298+0000] {logging_mixin.py:188} WARNING - /home/***/.local/lib/python3.12/site-packages/***/task/task_runner/standard_task_runner.py:62 DeprecationWarning: This process (pid=315) is multi-threaded, use of fork() may lead to deadlocks in the child.
[2024-08-07T03:12:27.298+0000] {standard_task_runner.py:90} INFO - Running: ['***', 'tasks', 'run', 'send_stock_data', 'send_data', 'scheduled__2024-08-07T02:25:00+00:00', '--job-id', '61', '--raw', '--subdir', 'DAGS_FOLDER/***_stream.py', '--cfg-path', '/tmp/tmpwprdqorb']
[2024-08-07T03:12:27.301+0000] {standard_task_runner.py:64} INFO - Started process 318 to run task
[2024-08-07T03:12:27.302+0000] {standard_task_runner.py:91} INFO - Job 61: Subtask send_data
[2024-08-07T03:12:27.332+0000] {logging_mixin.py:188} WARNING - /home/***/.local/lib/python3.12/site-packages/***/settings.py:195 DeprecationWarning: The sql_alchemy_conn option in [core] has been moved to the sql_alchemy_conn option in [database] - the old setting has been used, but please update your config.
[2024-08-07T03:12:27.384+0000] {task_command.py:426} INFO - Running <TaskInstance: send_stock_data.send_data scheduled__2024-08-07T02:25:00+00:00 [running]> on host 4d2f2691ce15
[2024-08-07T03:12:27.536+0000] {taskinstance.py:2648} INFO - Exporting env vars: AIRFLOW_CTX_DAG_OWNER='***' AIRFLOW_CTX_DAG_ID='send_stock_data' AIRFLOW_CTX_TASK_ID='send_data' AIRFLOW_CTX_EXECUTION_DATE='2024-08-07T02:25:00+00:00' AIRFLOW_CTX_TRY_NUMBER='2' AIRFLOW_CTX_DAG_RUN_ID='scheduled__2024-08-07T02:25:00+00:00'
[2024-08-07T03:12:27.538+0000] {taskinstance.py:430} INFO - ::endgroup::
[2024-08-07T03:12:38.514+0000] {logging_mixin.py:188} INFO - Delivered message to AAPL_Stock [0]
[2024-08-07T03:12:48.516+0000] {logging_mixin.py:188} INFO - Delivered message to AAPL_Stock [0]
[2024-08-07T03:12:58.518+0000] {logging_mixin.py:188} INFO - Delivered message to AAPL_Stock [0]
[2024-08-07T03:13:08.518+0000] {logging_mixin.py:188} INFO - Delivered message to AAPL_Stock [0]
[2024-08-07T03:13:18.519+0000] {logging_mixin.py:188} INFO - Delivered message to AAPL_Stock [0]
[2024-08-07T03:13:28.521+0000] {logging_mixin.py:188} INFO - Delivered message to AAPL_Stock [0]
[2024-08-07T03:13:38.521+0000] {logging_mixin.py:188} INFO - Delivered message to AAPL_Stock [0]
[2024-08-07T03:13:48.523+0000] {logging_mixin.py:188} INFO - Delivered message to AAPL_Stock [0]
[2024-08-07T03:13:58.525+0000] {logging_mixin.py:188} INFO - Delivered message to AAPL_Stock [0]
[2024-08-07T03:14:08.525+0000] {logging_mixin.py:188} INFO - Delivered message to AAPL_Stock [0]
[2024-08-07T03:14:18.526+0000] {logging_mixin.py:188} INFO - Delivered message to GOOGL_Stock [0]
[2024-08-07T03:14:28.528+0000] {logging_mixin.py:188} INFO - Delivered message to GOOGL_Stock [0]
[2024-08-07T03:14:38.528+0000] {logging_mixin.py:188} INFO - Delivered message to GOOGL_Stock [0]
[2024-08-07T03:14:48.529+0000] {logging_mixin.py:188} INFO - Delivered message to GOOGL_Stock [0]
[2024-08-07T03:14:58.530+0000] {logging_mixin.py:188} INFO - Delivered message to GOOGL_Stock [0]
[2024-08-07T03:15:08.530+0000] {logging_mixin.py:188} INFO - Delivered message to GOOGL_Stock [0]
[2024-08-07T03:15:18.532+0000] {logging_mixin.py:188} INFO - Delivered message to GOOGL_Stock [0]
[2024-08-07T03:15:28.533+0000] {logging_mixin.py:188} INFO - Delivered message to GOOGL_Stock [0]
[2024-08-07T03:15:38.533+0000] {logging_mixin.py:188} INFO - Delivered message to GOOGL_Stock [0]
[2024-08-07T03:15:48.535+0000] {logging_mixin.py:188} INFO - Delivered message to GOOGL_Stock [0]
[2024-08-07T03:15:58.536+0000] {logging_mixin.py:188} INFO - Delivered message to MSFT_Stock [0]
[2024-08-07T03:16:08.536+0000] {logging_mixin.py:188} INFO - Delivered message to MSFT_Stock [0]
[2024-08-07T03:16:18.538+0000] {logging_mixin.py:188} INFO - Delivered message to MSFT_Stock [0]
[2024-08-07T03:16:28.539+0000] {logging_mixin.py:188} INFO - Delivered message to MSFT_Stock [0]
[2024-08-07T03:16:38.539+0000] {logging_mixin.py:188} INFO - Delivered message to MSFT_Stock [0]
[2024-08-07T03:16:48.540+0000] {logging_mixin.py:188} INFO - Delivered message to MSFT_Stock [0]
[2024-08-07T03:16:58.541+0000] {logging_mixin.py:188} INFO - Delivered message to MSFT_Stock [0]
[2024-08-07T03:17:05.343+0000] {local_task_job_runner.py:313} WARNING - State of this instance has been externally set to restarting. Terminating instance.
[2024-08-07T03:17:05.345+0000] {local_task_job_runner.py:222} INFO - ::endgroup::
[2024-08-07T03:17:05.349+0000] {process_utils.py:132} INFO - Sending 15 to group 318. PIDs of all processes in the group: [318]
[2024-08-07T03:17:05.349+0000] {process_utils.py:87} INFO - Sending the signal 15 to group 318
[2024-08-07T03:17:05.350+0000] {taskinstance.py:2611} ERROR - Received SIGTERM. Terminating subprocesses.
[2024-08-07T03:17:05.351+0000] {taskinstance.py:441} INFO - ::group::Post task execution logs
[2024-08-07T03:17:05.368+0000] {taskinstance.py:2905} ERROR - Task failed with exception
Traceback (most recent call last):
  File "/home/airflow/.local/lib/python3.12/site-packages/airflow/models/taskinstance.py", line 465, in _execute_task
    result = _execute_callable(context=context, **execute_callable_kwargs)
             ^^^^^^^^^^^^^^^^^^^^^^^^^^^^^^^^^^^^^^^^^^^^^^^^^^^^^^^^^^^^^
  File "/home/airflow/.local/lib/python3.12/site-packages/airflow/models/taskinstance.py", line 432, in _execute_callable
    return execute_callable(context=context, **execute_callable_kwargs)
           ^^^^^^^^^^^^^^^^^^^^^^^^^^^^^^^^^^^^^^^^^^^^^^^^^^^^^^^^^^^^
  File "/home/airflow/.local/lib/python3.12/site-packages/airflow/models/baseoperator.py", line 401, in wrapper
    return func(self, *args, **kwargs)
           ^^^^^^^^^^^^^^^^^^^^^^^^^^^
  File "/home/airflow/.local/lib/python3.12/site-packages/airflow/operators/python.py", line 235, in execute
    return_value = self.execute_callable()
                   ^^^^^^^^^^^^^^^^^^^^^^^
  File "/home/airflow/.local/lib/python3.12/site-packages/airflow/operators/python.py", line 252, in execute_callable
    return self.python_callable(*self.op_args, **self.op_kwargs)
           ^^^^^^^^^^^^^^^^^^^^^^^^^^^^^^^^^^^^^^^^^^^^^^^^^^^^^
  File "/opt/airflow/dags/airflow_stream.py", line 82, in send_data
    time.sleep(10)
  File "/home/airflow/.local/lib/python3.12/site-packages/airflow/models/taskinstance.py", line 2613, in signal_handler
    raise AirflowTaskTerminated("Task received SIGTERM signal")
airflow.exceptions.AirflowTaskTerminated: Task received SIGTERM signal
[2024-08-07T03:17:05.379+0000] {taskinstance.py:1206} INFO - Marking task as UP_FOR_RETRY. dag_id=send_stock_data, task_id=send_data, run_id=scheduled__2024-08-07T02:25:00+00:00, execution_date=20240807T022500, start_date=20240807T031227, end_date=20240807T031705
[2024-08-07T03:17:05.443+0000] {process_utils.py:80} INFO - Process psutil.Process(pid=318, status='terminated', exitcode=2, started='03:12:26') (318) terminated with exit code 2
