[2024-08-07T02:35:24.591+0000] {local_task_job_runner.py:120} INFO - ::group::Pre task execution logs
[2024-08-07T02:35:24.649+0000] {taskinstance.py:2076} INFO - Dependencies all met for dep_context=non-requeueable deps ti=<TaskInstance: send_stock_data.send_data scheduled__2024-08-07T02:25:00+00:00 [queued]>
[2024-08-07T02:35:24.663+0000] {taskinstance.py:2076} INFO - Dependencies all met for dep_context=requeueable deps ti=<TaskInstance: send_stock_data.send_data scheduled__2024-08-07T02:25:00+00:00 [queued]>
[2024-08-07T02:35:24.664+0000] {taskinstance.py:2306} INFO - Starting attempt 1 of 2
[2024-08-07T02:35:24.688+0000] {taskinstance.py:2330} INFO - Executing <Task(PythonOperator): send_data> on 2024-08-07 02:25:00+00:00
[2024-08-07T02:35:24.698+0000] {logging_mixin.py:188} WARNING - /home/***/.local/lib/python3.12/site-packages/***/task/task_runner/standard_task_runner.py:62 DeprecationWarning: This process (pid=496) is multi-threaded, use of fork() may lead to deadlocks in the child.
[2024-08-07T02:35:24.700+0000] {standard_task_runner.py:64} INFO - Started process 500 to run task
[2024-08-07T02:35:24.698+0000] {standard_task_runner.py:90} INFO - Running: ['***', 'tasks', 'run', 'send_stock_data', 'send_data', 'scheduled__2024-08-07T02:25:00+00:00', '--job-id', '58', '--raw', '--subdir', 'DAGS_FOLDER/***_stream.py', '--cfg-path', '/tmp/tmpgey9mflz']
[2024-08-07T02:35:24.701+0000] {standard_task_runner.py:91} INFO - Job 58: Subtask send_data
[2024-08-07T02:35:24.723+0000] {logging_mixin.py:188} WARNING - /home/***/.local/lib/python3.12/site-packages/***/settings.py:195 DeprecationWarning: The sql_alchemy_conn option in [core] has been moved to the sql_alchemy_conn option in [database] - the old setting has been used, but please update your config.
[2024-08-07T02:35:24.775+0000] {task_command.py:426} INFO - Running <TaskInstance: send_stock_data.send_data scheduled__2024-08-07T02:25:00+00:00 [running]> on host 358da052bc35
[2024-08-07T02:35:24.916+0000] {taskinstance.py:2648} INFO - Exporting env vars: AIRFLOW_CTX_DAG_OWNER='***' AIRFLOW_CTX_DAG_ID='send_stock_data' AIRFLOW_CTX_TASK_ID='send_data' AIRFLOW_CTX_EXECUTION_DATE='2024-08-07T02:25:00+00:00' AIRFLOW_CTX_TRY_NUMBER='1' AIRFLOW_CTX_DAG_RUN_ID='scheduled__2024-08-07T02:25:00+00:00'
[2024-08-07T02:35:24.918+0000] {taskinstance.py:430} INFO - ::endgroup::
[2024-08-07T02:35:35.793+0000] {logging_mixin.py:188} INFO - Delivered message to AAPL_Stock [0]
[2024-08-07T02:35:45.794+0000] {logging_mixin.py:188} INFO - Delivered message to AAPL_Stock [0]
[2024-08-07T02:35:55.796+0000] {logging_mixin.py:188} INFO - Delivered message to AAPL_Stock [0]
[2024-08-07T02:36:05.797+0000] {logging_mixin.py:188} INFO - Delivered message to AAPL_Stock [0]
[2024-08-07T02:36:15.799+0000] {logging_mixin.py:188} INFO - Delivered message to AAPL_Stock [0]
[2024-08-07T02:36:25.800+0000] {logging_mixin.py:188} INFO - Delivered message to AAPL_Stock [0]
[2024-08-07T02:36:35.801+0000] {logging_mixin.py:188} INFO - Delivered message to AAPL_Stock [0]
[2024-08-07T02:36:45.802+0000] {logging_mixin.py:188} INFO - Delivered message to AAPL_Stock [0]
[2024-08-07T02:36:55.804+0000] {logging_mixin.py:188} INFO - Delivered message to AAPL_Stock [0]
[2024-08-07T02:37:05.804+0000] {logging_mixin.py:188} INFO - Delivered message to AAPL_Stock [0]
[2024-08-07T02:37:15.806+0000] {logging_mixin.py:188} INFO - Delivered message to GOOGL_Stock [0]
[2024-08-07T02:37:25.807+0000] {logging_mixin.py:188} INFO - Delivered message to GOOGL_Stock [0]
[2024-08-07T02:37:35.807+0000] {logging_mixin.py:188} INFO - Delivered message to GOOGL_Stock [0]
[2024-08-07T02:37:45.809+0000] {logging_mixin.py:188} INFO - Delivered message to GOOGL_Stock [0]
[2024-08-07T02:37:55.817+0000] {logging_mixin.py:188} INFO - Delivered message to GOOGL_Stock [0]
[2024-08-07T02:38:05.818+0000] {logging_mixin.py:188} INFO - Delivered message to GOOGL_Stock [0]
[2024-08-07T02:38:15.820+0000] {logging_mixin.py:188} INFO - Delivered message to GOOGL_Stock [0]
[2024-08-07T02:38:25.822+0000] {logging_mixin.py:188} INFO - Delivered message to GOOGL_Stock [0]
[2024-08-07T02:38:35.822+0000] {logging_mixin.py:188} INFO - Delivered message to GOOGL_Stock [0]
[2024-08-07T02:38:45.824+0000] {logging_mixin.py:188} INFO - Delivered message to GOOGL_Stock [0]
[2024-08-07T02:38:55.825+0000] {logging_mixin.py:188} INFO - Delivered message to MSFT_Stock [0]
[2024-08-07T02:39:05.834+0000] {logging_mixin.py:188} INFO - Delivered message to MSFT_Stock [0]
[2024-08-07T02:39:15.835+0000] {logging_mixin.py:188} INFO - Delivered message to MSFT_Stock [0]
[2024-08-07T02:39:25.837+0000] {logging_mixin.py:188} INFO - Delivered message to MSFT_Stock [0]
[2024-08-07T02:39:35.838+0000] {logging_mixin.py:188} INFO - Delivered message to MSFT_Stock [0]
[2024-08-07T02:39:45.840+0000] {logging_mixin.py:188} INFO - Delivered message to MSFT_Stock [0]
[2024-08-07T02:39:55.841+0000] {logging_mixin.py:188} INFO - Delivered message to MSFT_Stock [0]
[2024-08-07T02:40:05.841+0000] {logging_mixin.py:188} INFO - Delivered message to MSFT_Stock [0]
[2024-08-07T02:40:15.843+0000] {logging_mixin.py:188} INFO - Delivered message to MSFT_Stock [0]
[2024-08-07T02:40:25.845+0000] {logging_mixin.py:188} INFO - Delivered message to MSFT_Stock [0]
[2024-08-07T02:40:35.846+0000] {logging_mixin.py:188} INFO - Delivered message to AMZN_Stock [0]
[2024-08-07T02:40:45.847+0000] {logging_mixin.py:188} INFO - Delivered message to AMZN_Stock [0]
[2024-08-07T02:40:55.850+0000] {logging_mixin.py:188} INFO - Delivered message to AMZN_Stock [0]
[2024-08-07T02:41:05.850+0000] {logging_mixin.py:188} INFO - Delivered message to AMZN_Stock [0]
[2024-08-07T02:41:15.852+0000] {logging_mixin.py:188} INFO - Delivered message to AMZN_Stock [0]
[2024-08-07T02:41:25.853+0000] {logging_mixin.py:188} INFO - Delivered message to AMZN_Stock [0]
[2024-08-07T02:41:35.853+0000] {logging_mixin.py:188} INFO - Delivered message to AMZN_Stock [0]
[2024-08-07T02:41:45.855+0000] {logging_mixin.py:188} INFO - Delivered message to AMZN_Stock [0]
[2024-08-07T02:57:00.960+0000] {logging_mixin.py:188} INFO - Delivered message to AMZN_Stock [0]
[2024-08-07T02:57:10.959+0000] {logging_mixin.py:188} INFO - Delivered message to AMZN_Stock [0]
[2024-08-07T02:57:20.960+0000] {logging_mixin.py:188} INFO - Delivered message to FB_Stock [0]
[2024-08-07T02:57:30.962+0000] {logging_mixin.py:188} INFO - Delivered message to FB_Stock [0]
[2024-08-07T02:57:40.962+0000] {logging_mixin.py:188} INFO - Delivered message to FB_Stock [0]
[2024-08-07T02:57:50.963+0000] {logging_mixin.py:188} INFO - Delivered message to FB_Stock [0]
[2024-08-07T02:58:00.965+0000] {logging_mixin.py:188} INFO - Delivered message to FB_Stock [0]
[2024-08-07T02:58:10.965+0000] {logging_mixin.py:188} INFO - Delivered message to FB_Stock [0]
[2024-08-07T02:58:20.967+0000] {logging_mixin.py:188} INFO - Delivered message to FB_Stock [0]
[2024-08-07T02:58:30.968+0000] {logging_mixin.py:188} INFO - Delivered message to FB_Stock [0]
[2024-08-07T02:58:40.968+0000] {logging_mixin.py:188} INFO - Delivered message to FB_Stock [0]
[2024-08-07T02:58:50.969+0000] {logging_mixin.py:188} INFO - Delivered message to FB_Stock [0]
[2024-08-07T02:59:00.970+0000] {logging_mixin.py:188} INFO - Delivered message to TSLA_Stock [0]
[2024-08-07T02:59:10.970+0000] {logging_mixin.py:188} INFO - Delivered message to TSLA_Stock [0]
[2024-08-07T02:59:20.972+0000] {logging_mixin.py:188} INFO - Delivered message to TSLA_Stock [0]
[2024-08-07T02:59:30.209+0000] {local_task_job_runner.py:124} ERROR - Received SIGTERM. Terminating subprocesses
[2024-08-07T02:59:30.222+0000] {process_utils.py:132} INFO - Sending 15 to group 500. PIDs of all processes in the group: [500]
[2024-08-07T02:59:30.235+0000] {process_utils.py:87} INFO - Sending the signal 15 to group 500
[2024-08-07T02:59:30.239+0000] {taskinstance.py:2611} ERROR - Received SIGTERM. Terminating subprocesses.
[2024-08-07T02:59:30.241+0000] {taskinstance.py:441} INFO - ::group::Post task execution logs
[2024-08-07T02:59:30.263+0000] {taskinstance.py:2905} ERROR - Task failed with exception
Traceback (most recent call last):
  File "/home/airflow/.local/lib/python3.12/site-packages/airflow/models/taskinstance.py", line 465, in _execute_task
    result = _execute_callable(context=context, **execute_callable_kwargs)
             ^^^^^^^^^^^^^^^^^^^^^^^^^^^^^^^^^^^^^^^^^^^^^^^^^^^^^^^^^^^^^
  File "/home/airflow/.local/lib/python3.12/site-packages/airflow/models/taskinstance.py", line 432, in _execute_callable
    return execute_callable(context=context, **execute_callable_kwargs)
           ^^^^^^^^^^^^^^^^^^^^^^^^^^^^^^^^^^^^^^^^^^^^^^^^^^^^^^^^^^^^
  File "/home/airflow/.local/lib/python3.12/site-packages/airflow/models/baseoperator.py", line 401, in wrapper
    return func(self, *args, **kwargs)
           ^^^^^^^^^^^^^^^^^^^^^^^^^^^
  File "/home/airflow/.local/lib/python3.12/site-packages/airflow/operators/python.py", line 235, in execute
    return_value = self.execute_callable()
                   ^^^^^^^^^^^^^^^^^^^^^^^
  File "/home/airflow/.local/lib/python3.12/site-packages/airflow/operators/python.py", line 252, in execute_callable
    return self.python_callable(*self.op_args, **self.op_kwargs)
           ^^^^^^^^^^^^^^^^^^^^^^^^^^^^^^^^^^^^^^^^^^^^^^^^^^^^^
  File "/opt/airflow/dags/airflow_stream.py", line 82, in send_data
    time.sleep(10)
  File "/home/airflow/.local/lib/python3.12/site-packages/airflow/models/taskinstance.py", line 2613, in signal_handler
    raise AirflowTaskTerminated("Task received SIGTERM signal")
airflow.exceptions.AirflowTaskTerminated: Task received SIGTERM signal
[2024-08-07T02:59:30.277+0000] {taskinstance.py:1206} INFO - Marking task as UP_FOR_RETRY. dag_id=send_stock_data, task_id=send_data, run_id=scheduled__2024-08-07T02:25:00+00:00, execution_date=20240807T022500, start_date=20240807T023524, end_date=20240807T025930
[2024-08-07T02:59:30.395+0000] {process_utils.py:80} INFO - Process psutil.Process(pid=500, status='terminated', exitcode=2, started='02:35:24') (500) terminated with exit code 2
[2024-08-07T02:59:30.397+0000] {local_task_job_runner.py:243} INFO - Task exited with return code 143
[2024-08-07T02:59:30.437+0000] {taskinstance.py:3503} INFO - 0 downstream tasks scheduled from follow-on schedule check
