[2024-08-01T07:48:37.409+0000] {local_task_job_runner.py:120} INFO - ::group::Pre task execution logs
[2024-08-01T07:48:37.435+0000] {taskinstance.py:2076} INFO - Dependencies all met for dep_context=non-requeueable deps ti=<TaskInstance: send_stock_data.get_data scheduled__2024-07-31T05:00:00+00:00 [queued]>
[2024-08-01T07:48:37.441+0000] {taskinstance.py:2076} INFO - Dependencies all met for dep_context=requeueable deps ti=<TaskInstance: send_stock_data.get_data scheduled__2024-07-31T05:00:00+00:00 [queued]>
[2024-08-01T07:48:37.442+0000] {taskinstance.py:2306} INFO - Starting attempt 1 of 2
[2024-08-01T07:48:37.455+0000] {taskinstance.py:2330} INFO - Executing <Task(PythonOperator): get_data> on 2024-07-31 05:00:00+00:00
[2024-08-01T07:48:37.463+0000] {standard_task_runner.py:90} INFO - Running: ['***', 'tasks', 'run', 'send_stock_data', 'get_data', 'scheduled__2024-07-31T05:00:00+00:00', '--job-id', '54', '--raw', '--subdir', 'DAGS_FOLDER/***_stream.py', '--cfg-path', '/tmp/tmpzxmr6rwl']
[2024-08-01T07:48:37.463+0000] {logging_mixin.py:188} WARNING - /home/***/.local/lib/python3.12/site-packages/***/task/task_runner/standard_task_runner.py:62 DeprecationWarning: This process (pid=215) is multi-threaded, use of fork() may lead to deadlocks in the child.
[2024-08-01T07:48:37.464+0000] {standard_task_runner.py:91} INFO - Job 54: Subtask get_data
[2024-08-01T07:48:37.465+0000] {standard_task_runner.py:64} INFO - Started process 221 to run task
[2024-08-01T07:48:37.476+0000] {logging_mixin.py:188} WARNING - /home/***/.local/lib/python3.12/site-packages/***/settings.py:195 DeprecationWarning: The sql_alchemy_conn option in [core] has been moved to the sql_alchemy_conn option in [database] - the old setting has been used, but please update your config.
[2024-08-01T07:48:37.506+0000] {task_command.py:426} INFO - Running <TaskInstance: send_stock_data.get_data scheduled__2024-07-31T05:00:00+00:00 [running]> on host da3e94a6f80e
[2024-08-01T07:48:37.583+0000] {taskinstance.py:2648} INFO - Exporting env vars: AIRFLOW_CTX_DAG_OWNER='***' AIRFLOW_CTX_DAG_ID='send_stock_data' AIRFLOW_CTX_TASK_ID='get_data' AIRFLOW_CTX_EXECUTION_DATE='2024-07-31T05:00:00+00:00' AIRFLOW_CTX_TRY_NUMBER='1' AIRFLOW_CTX_DAG_RUN_ID='scheduled__2024-07-31T05:00:00+00:00'
[2024-08-01T07:48:37.584+0000] {taskinstance.py:430} INFO - ::endgroup::
[2024-08-01T07:48:39.064+0000] {logging_mixin.py:188} WARNING - [*********************100%%**********************]  1 of 1 completed
[2024-08-01T07:48:39.148+0000] {logging_mixin.py:188} WARNING - [*********************100%%**********************]  1 of 1 completed
[2024-08-01T07:48:39.231+0000] {logging_mixin.py:188} WARNING - [*********************100%%**********************]  1 of 1 completed
[2024-08-01T07:48:39.305+0000] {logging_mixin.py:188} WARNING - [*********************100%%**********************]  1 of 1 completed
[2024-08-01T07:48:39.378+0000] {logging_mixin.py:188} WARNING - [*********************100%%**********************]  1 of 1 completed
[2024-08-01T07:48:39.445+0000] {python.py:237} INFO - Done. Returned value was: [                                 Open        High  ...   Adj Close   Volume
Datetime                                           ...                     
2024-07-31 09:30:00-04:00  221.529999  221.826004  ...  221.729996  1946925
2024-07-31 09:31:00-04:00  221.699997  222.350006  ...  222.119995   330548
2024-07-31 09:32:00-04:00  222.115005  222.115005  ...  221.520004   200904
2024-07-31 09:33:00-04:00  221.610001  222.000000  ...  221.960007   210006
2024-07-31 09:34:00-04:00  221.929993  222.089996  ...  221.589996   182659
...                               ...         ...  ...         ...      ...
2024-07-31 15:55:00-04:00  222.419998  222.825806  ...  222.550003   370368
2024-07-31 15:56:00-04:00  222.584000  222.584000  ...  222.119995   240939
2024-07-31 15:57:00-04:00  222.139999  222.240005  ...  222.169998   297153
2024-07-31 15:58:00-04:00  222.149994  222.270004  ...  222.179993   337206
2024-07-31 15:59:00-04:00  222.190002  222.339996  ...  221.990005   958152

[389 rows x 6 columns],                                  Open        High  ...   Adj Close   Volume
Datetime                                           ...                     
2024-07-31 09:30:00-04:00  173.559998  173.559998  ...  173.559998  1164546
2024-07-31 09:31:00-04:00  173.539993  174.009995  ...  173.960007   197409
2024-07-31 09:32:00-04:00  173.970001  174.244995  ...  173.445007   194781
2024-07-31 09:33:00-04:00  173.419998  173.449997  ...  173.205002   140410
2024-07-31 09:34:00-04:00  173.190002  173.190002  ...  172.630005   113976
...                               ...         ...  ...         ...      ...
2024-07-31 15:55:00-04:00  171.369003  171.904999  ...  171.809998   438190
2024-07-31 15:56:00-04:00  171.800003  171.830002  ...  171.539993   189377
2024-07-31 15:57:00-04:00  171.539993  171.660004  ...  171.570007   179928
2024-07-31 15:58:00-04:00  171.570007  171.779999  ...  171.669998   243131
2024-07-31 15:59:00-04:00  171.669998  171.779999  ...  171.520004   612805

[388 rows x 6 columns],                                  Open        High  ...   Adj Close   Volume
Datetime                                           ...                     
2024-07-31 09:30:00-04:00  185.289993  185.289993  ...  185.289993  2425158
2024-07-31 09:31:00-04:00  185.270004  185.380005  ...  185.380005   259784
2024-07-31 09:32:00-04:00  185.381805  185.520004  ...  184.945007   214389
2024-07-31 09:33:00-04:00  184.919998  185.289993  ...  184.866806   309525
2024-07-31 09:34:00-04:00  184.899994  184.990005  ...  184.494995   158953
...                               ...         ...  ...         ...      ...
2024-07-31 15:55:00-04:00  187.259995  187.440002  ...  187.250000   249583
2024-07-31 15:56:00-04:00  187.300003  187.460007  ...  187.070007   195380
2024-07-31 15:57:00-04:00  187.080002  187.149994  ...  187.020004   200018
2024-07-31 15:58:00-04:00  187.009995  187.190002  ...  187.082306   252808
2024-07-31 15:59:00-04:00  187.100006  187.250000  ...  186.990005   702993

[387 rows x 6 columns],                                  Open        High  ...   Adj Close   Volume
Datetime                                           ...                     
2024-07-31 09:30:00-04:00  420.589996  421.019989  ...  419.834991  3123673
2024-07-31 09:31:00-04:00  419.829987  421.774994  ...  420.904999   512698
2024-07-31 09:32:00-04:00  420.880005  421.040009  ...  418.670013   371297
2024-07-31 09:33:00-04:00  418.730011  419.639893  ...  417.524994   395371
2024-07-31 09:34:00-04:00  417.309998  417.565186  ...  416.255005   448434
...                               ...         ...  ...         ...      ...
2024-07-31 15:55:00-04:00  417.519989  418.600006  ...  418.380005   369918
2024-07-31 15:56:00-04:00  418.399994  418.739990  ...  418.049988   192649
2024-07-31 15:57:00-04:00  418.049988  418.299988  ...  417.959991   242105
2024-07-31 15:58:00-04:00  417.959991  418.690002  ...  418.602203   265939
2024-07-31 15:59:00-04:00  418.570007  419.000000  ...  418.279999   640654

[385 rows x 6 columns],                                  Open        High  ...   Adj Close   Volume
Datetime                                           ...                     
2024-07-31 09:30:00-04:00  227.919998  228.380005  ...  227.856598  2931918
2024-07-31 09:31:00-04:00  227.889999  229.300003  ...  228.982101   581064
2024-07-31 09:32:00-04:00  228.890106  229.589996  ...  229.190002   550829
2024-07-31 09:33:00-04:00  229.236099  229.750000  ...  229.699997   507435
2024-07-31 09:34:00-04:00  229.684799  229.990005  ...  229.585693   630721
...                               ...         ...  ...         ...      ...
2024-07-31 15:55:00-04:00  232.279999  232.289993  ...  231.785004   271441
2024-07-31 15:56:00-04:00  231.770004  231.979996  ...  231.490005   162116
2024-07-31 15:57:00-04:00  231.520004  231.639999  ...  231.350006   184803
2024-07-31 15:58:00-04:00  231.360001  231.869995  ...  231.860001   264342
2024-07-31 15:59:00-04:00  231.869995  232.179993  ...  232.100006   620669

[388 rows x 6 columns]]
[2024-08-01T07:48:39.488+0000] {taskinstance.py:441} INFO - ::group::Post task execution logs
[2024-08-01T07:48:39.524+0000] {taskinstance.py:1206} INFO - Marking task as SUCCESS. dag_id=send_stock_data, task_id=get_data, run_id=scheduled__2024-07-31T05:00:00+00:00, execution_date=20240731T050000, start_date=20240801T074837, end_date=20240801T074839
[2024-08-01T07:48:39.564+0000] {local_task_job_runner.py:243} INFO - Task exited with return code 0
[2024-08-01T07:48:39.587+0000] {taskinstance.py:3503} INFO - 1 downstream tasks scheduled from follow-on schedule check
[2024-08-01T07:48:39.589+0000] {local_task_job_runner.py:222} INFO - ::endgroup::
