[2024-07-26 08:30:52,519] {taskinstance.py:1179} INFO - Dependencies all met for <TaskInstance: send_stock_data.get_data scheduled__2024-07-26T08:29:00+00:00 [queued]>
[2024-07-26 08:30:52,526] {taskinstance.py:1179} INFO - Dependencies all met for <TaskInstance: send_stock_data.get_data scheduled__2024-07-26T08:29:00+00:00 [queued]>
[2024-07-26 08:30:52,527] {taskinstance.py:1376} INFO - 
--------------------------------------------------------------------------------
[2024-07-26 08:30:52,527] {taskinstance.py:1377} INFO - Starting attempt 1 of 1
[2024-07-26 08:30:52,527] {taskinstance.py:1378} INFO - 
--------------------------------------------------------------------------------
[2024-07-26 08:30:52,538] {taskinstance.py:1397} INFO - Executing <Task(PythonOperator): get_data> on 2024-07-26 08:29:00+00:00
[2024-07-26 08:30:52,541] {standard_task_runner.py:52} INFO - Started process 179 to run task
[2024-07-26 08:30:52,543] {standard_task_runner.py:79} INFO - Running: ['***', 'tasks', 'run', 'send_stock_data', 'get_data', 'scheduled__2024-07-26T08:29:00+00:00', '--job-id', '2', '--raw', '--subdir', 'DAGS_FOLDER/***_stream.py', '--cfg-path', '/tmp/tmp60d1dnvq', '--error-file', '/tmp/tmpj9ojrh7b']
[2024-07-26 08:30:52,545] {standard_task_runner.py:80} INFO - Job 2: Subtask get_data
[2024-07-26 08:30:52,556] {logging_mixin.py:115} WARNING - /home/***/.local/lib/python3.10/site-packages/***/configuration.py:528 DeprecationWarning: The sql_alchemy_conn option in [core] has been moved to the sql_alchemy_conn option in [database] - the old setting has been used, but please update your config.
[2024-07-26 08:30:52,591] {task_command.py:371} INFO - Running <TaskInstance: send_stock_data.get_data scheduled__2024-07-26T08:29:00+00:00 [running]> on host e1c0ddb9d8c8
[2024-07-26 08:30:52,650] {taskinstance.py:1589} INFO - Exporting the following env vars:
AIRFLOW_CTX_DAG_OWNER=***
AIRFLOW_CTX_DAG_ID=send_stock_data
AIRFLOW_CTX_TASK_ID=get_data
AIRFLOW_CTX_EXECUTION_DATE=2024-07-26T08:29:00+00:00
AIRFLOW_CTX_TRY_NUMBER=1
AIRFLOW_CTX_DAG_RUN_ID=scheduled__2024-07-26T08:29:00+00:00
[2024-07-26 08:30:53,585] {python.py:173} INFO - Done. Returned value was: {'c': 217.49, 'd': -1.05, 'dp': -0.4805, 'h': 220.85, 'l': 214.62, 'o': 218.87, 'pc': 218.54, 't': 1721937602}
[2024-07-26 08:30:53,605] {taskinstance.py:1415} INFO - Marking task as SUCCESS. dag_id=send_stock_data, task_id=get_data, execution_date=20240726T082900, start_date=20240726T083052, end_date=20240726T083053
[2024-07-26 08:30:53,639] {local_task_job.py:156} INFO - Task exited with return code 0
[2024-07-26 08:30:53,670] {local_task_job.py:273} INFO - 1 downstream tasks scheduled from follow-on schedule check
