[2024-07-26 08:16:25,215] {taskinstance.py:1179} INFO - Dependencies all met for <TaskInstance: send_stock_data.send_data scheduled__2024-07-26T08:15:00+00:00 [queued]>
[2024-07-26 08:16:25,222] {taskinstance.py:1179} INFO - Dependencies all met for <TaskInstance: send_stock_data.send_data scheduled__2024-07-26T08:15:00+00:00 [queued]>
[2024-07-26 08:16:25,223] {taskinstance.py:1376} INFO - 
--------------------------------------------------------------------------------
[2024-07-26 08:16:25,223] {taskinstance.py:1377} INFO - Starting attempt 1 of 1
[2024-07-26 08:16:25,223] {taskinstance.py:1378} INFO - 
--------------------------------------------------------------------------------
[2024-07-26 08:16:25,234] {taskinstance.py:1397} INFO - Executing <Task(PythonOperator): send_data> on 2024-07-26 08:15:00+00:00
[2024-07-26 08:16:25,237] {standard_task_runner.py:52} INFO - Started process 1057 to run task
[2024-07-26 08:16:25,240] {standard_task_runner.py:79} INFO - Running: ['***', 'tasks', 'run', 'send_stock_data', 'send_data', 'scheduled__2024-07-26T08:15:00+00:00', '--job-id', '49', '--raw', '--subdir', 'DAGS_FOLDER/***_stream.py', '--cfg-path', '/tmp/tmp0c6djdg6', '--error-file', '/tmp/tmp9480au9x']
[2024-07-26 08:16:25,240] {standard_task_runner.py:80} INFO - Job 49: Subtask send_data
[2024-07-26 08:16:25,253] {logging_mixin.py:115} WARNING - /home/***/.local/lib/python3.10/site-packages/***/configuration.py:528 DeprecationWarning: The sql_alchemy_conn option in [core] has been moved to the sql_alchemy_conn option in [database] - the old setting has been used, but please update your config.
[2024-07-26 08:16:25,288] {task_command.py:371} INFO - Running <TaskInstance: send_stock_data.send_data scheduled__2024-07-26T08:15:00+00:00 [running]> on host a65626265f2c
[2024-07-26 08:16:25,339] {taskinstance.py:1589} INFO - Exporting the following env vars:
AIRFLOW_CTX_DAG_OWNER=***
AIRFLOW_CTX_DAG_ID=send_stock_data
AIRFLOW_CTX_TASK_ID=send_data
AIRFLOW_CTX_EXECUTION_DATE=2024-07-26T08:15:00+00:00
AIRFLOW_CTX_TRY_NUMBER=1
AIRFLOW_CTX_DAG_RUN_ID=scheduled__2024-07-26T08:15:00+00:00
[2024-07-26 08:16:29,063] {conn.py:1527} WARNING - DNS lookup failed for broker:29092, exception was [Errno -2] Name or service not known. Is your advertised.listeners (called advertised.host.name before Kafka 9) correct and resolvable?
[2024-07-26 08:16:29,063] {conn.py:315} ERROR - DNS lookup failed for broker:29092 (AddressFamily.AF_UNSPEC)
[2024-07-26 08:16:29,064] {conn.py:1205} INFO - Probing node bootstrap-0 broker version
[2024-07-26 08:16:32,739] {conn.py:1527} WARNING - DNS lookup failed for broker:29092, exception was [Errno -2] Name or service not known. Is your advertised.listeners (called advertised.host.name before Kafka 9) correct and resolvable?
[2024-07-26 08:16:32,739] {conn.py:315} ERROR - DNS lookup failed for broker:29092 (AddressFamily.AF_UNSPEC)
[2024-07-26 08:16:32,739] {taskinstance.py:1909} ERROR - Task failed with exception
Traceback (most recent call last):
  File "/home/airflow/.local/lib/python3.10/site-packages/airflow/operators/python.py", line 171, in execute
    return_value = self.execute_callable()
  File "/home/airflow/.local/lib/python3.10/site-packages/airflow/operators/python.py", line 189, in execute_callable
    return self.python_callable(*self.op_args, **self.op_kwargs)
  File "/opt/airflow/dags/airflow_stream.py", line 38, in send_data
    producer = KafkaProducer(
  File "/home/airflow/.local/lib/python3.10/site-packages/kafka/producer/kafka.py", line 381, in __init__
    client = KafkaClient(metrics=self._metrics, metric_group_prefix='producer',
  File "/home/airflow/.local/lib/python3.10/site-packages/kafka/client_async.py", line 244, in __init__
    self.config['api_version'] = self.check_version(timeout=check_timeout)
  File "/home/airflow/.local/lib/python3.10/site-packages/kafka/client_async.py", line 927, in check_version
    raise Errors.NoBrokersAvailable()
kafka.errors.NoBrokersAvailable: NoBrokersAvailable
[2024-07-26 08:16:32,748] {taskinstance.py:1415} INFO - Marking task as FAILED. dag_id=send_stock_data, task_id=send_data, execution_date=20240726T081500, start_date=20240726T081625, end_date=20240726T081632
[2024-07-26 08:16:32,757] {standard_task_runner.py:92} ERROR - Failed to execute job 49 for task send_data (NoBrokersAvailable; 1057)
[2024-07-26 08:16:32,793] {local_task_job.py:156} INFO - Task exited with return code 1
[2024-07-26 08:16:32,811] {local_task_job.py:273} INFO - 0 downstream tasks scheduled from follow-on schedule check
