[2024-07-28 11:57:02,100] {taskinstance.py:1179} INFO - Dependencies all met for <TaskInstance: send_stock_data.format_data scheduled__2024-07-28T11:56:00+00:00 [queued]>
[2024-07-28 11:57:02,115] {taskinstance.py:1179} INFO - Dependencies all met for <TaskInstance: send_stock_data.format_data scheduled__2024-07-28T11:56:00+00:00 [queued]>
[2024-07-28 11:57:02,115] {taskinstance.py:1376} INFO - 
--------------------------------------------------------------------------------
[2024-07-28 11:57:02,116] {taskinstance.py:1377} INFO - Starting attempt 1 of 1
[2024-07-28 11:57:02,116] {taskinstance.py:1378} INFO - 
--------------------------------------------------------------------------------
[2024-07-28 11:57:02,132] {taskinstance.py:1397} INFO - Executing <Task(PythonOperator): format_data> on 2024-07-28 11:56:00+00:00
[2024-07-28 11:57:02,137] {standard_task_runner.py:52} INFO - Started process 692 to run task
[2024-07-28 11:57:02,140] {standard_task_runner.py:79} INFO - Running: ['***', 'tasks', 'run', 'send_stock_data', 'format_data', 'scheduled__2024-07-28T11:56:00+00:00', '--job-id', '30', '--raw', '--subdir', 'DAGS_FOLDER/***_stream.py', '--cfg-path', '/tmp/tmp_88n4h5r', '--error-file', '/tmp/tmpxeuzq4b1']
[2024-07-28 11:57:02,141] {standard_task_runner.py:80} INFO - Job 30: Subtask format_data
[2024-07-28 11:57:02,157] {logging_mixin.py:115} WARNING - /home/***/.local/lib/python3.10/site-packages/***/configuration.py:528 DeprecationWarning: The sql_alchemy_conn option in [core] has been moved to the sql_alchemy_conn option in [database] - the old setting has been used, but please update your config.
[2024-07-28 11:57:02,204] {task_command.py:371} INFO - Running <TaskInstance: send_stock_data.format_data scheduled__2024-07-28T11:56:00+00:00 [running]> on host 77ea918c6e81
[2024-07-28 11:57:02,268] {taskinstance.py:1589} INFO - Exporting the following env vars:
AIRFLOW_CTX_DAG_OWNER=***
AIRFLOW_CTX_DAG_ID=send_stock_data
AIRFLOW_CTX_TASK_ID=format_data
AIRFLOW_CTX_EXECUTION_DATE=2024-07-28T11:56:00+00:00
AIRFLOW_CTX_TRY_NUMBER=1
AIRFLOW_CTX_DAG_RUN_ID=scheduled__2024-07-28T11:56:00+00:00
[2024-07-28 11:57:02,278] {python.py:173} INFO - Done. Returned value was: {'date_time': '26/07/2024, 20:00:01', 'open': 218.85, 'high': 219.49, 'low': 216.01, 'current_price': 217.96, 'previous_close': 217.49, 'change_percent': 0.2161}
[2024-07-28 11:57:02,304] {taskinstance.py:1415} INFO - Marking task as SUCCESS. dag_id=send_stock_data, task_id=format_data, execution_date=20240728T115600, start_date=20240728T115702, end_date=20240728T115702
[2024-07-28 11:57:02,352] {local_task_job.py:156} INFO - Task exited with return code 0
[2024-07-28 11:57:02,386] {local_task_job.py:273} INFO - 1 downstream tasks scheduled from follow-on schedule check
