[2024-08-07T02:35:01.378+0000] {local_task_job_runner.py:120} INFO - ::group::Pre task execution logs
[2024-08-07T02:35:01.424+0000] {taskinstance.py:2076} INFO - Dependencies all met for dep_context=non-requeueable deps ti=<TaskInstance: send_stock_data.get_data scheduled__2024-08-07T02:30:00+00:00 [queued]>
[2024-08-07T02:35:01.435+0000] {taskinstance.py:2076} INFO - Dependencies all met for dep_context=requeueable deps ti=<TaskInstance: send_stock_data.get_data scheduled__2024-08-07T02:30:00+00:00 [queued]>
[2024-08-07T02:35:01.436+0000] {taskinstance.py:2306} INFO - Starting attempt 1 of 2
[2024-08-07T02:35:01.460+0000] {taskinstance.py:2330} INFO - Executing <Task(PythonOperator): get_data> on 2024-08-07 02:30:00+00:00
[2024-08-07T02:35:01.471+0000] {logging_mixin.py:188} WARNING - /home/***/.local/lib/python3.12/site-packages/***/task/task_runner/standard_task_runner.py:62 DeprecationWarning: This process (pid=321) is multi-threaded, use of fork() may lead to deadlocks in the child.
[2024-08-07T02:35:01.472+0000] {standard_task_runner.py:64} INFO - Started process 325 to run task
[2024-08-07T02:35:01.470+0000] {standard_task_runner.py:90} INFO - Running: ['***', 'tasks', 'run', 'send_stock_data', 'get_data', 'scheduled__2024-08-07T02:30:00+00:00', '--job-id', '55', '--raw', '--subdir', 'DAGS_FOLDER/***_stream.py', '--cfg-path', '/tmp/tmps1o6uj56']
[2024-08-07T02:35:01.473+0000] {standard_task_runner.py:91} INFO - Job 55: Subtask get_data
[2024-08-07T02:35:01.496+0000] {logging_mixin.py:188} WARNING - /home/***/.local/lib/python3.12/site-packages/***/settings.py:195 DeprecationWarning: The sql_alchemy_conn option in [core] has been moved to the sql_alchemy_conn option in [database] - the old setting has been used, but please update your config.
[2024-08-07T02:35:01.547+0000] {task_command.py:426} INFO - Running <TaskInstance: send_stock_data.get_data scheduled__2024-08-07T02:30:00+00:00 [running]> on host 358da052bc35
[2024-08-07T02:35:01.688+0000] {taskinstance.py:2648} INFO - Exporting env vars: AIRFLOW_CTX_DAG_OWNER='***' AIRFLOW_CTX_DAG_ID='send_stock_data' AIRFLOW_CTX_TASK_ID='get_data' AIRFLOW_CTX_EXECUTION_DATE='2024-08-07T02:30:00+00:00' AIRFLOW_CTX_TRY_NUMBER='1' AIRFLOW_CTX_DAG_RUN_ID='scheduled__2024-08-07T02:30:00+00:00'
[2024-08-07T02:35:01.690+0000] {taskinstance.py:430} INFO - ::endgroup::
[2024-08-07T02:35:03.388+0000] {logging_mixin.py:188} WARNING - [*********************100%%**********************]  1 of 1 completed
[2024-08-07T02:35:03.789+0000] {logging_mixin.py:188} WARNING - [*********************100%%**********************]  1 of 1 completed
[2024-08-07T02:35:04.406+0000] {logging_mixin.py:188} WARNING - [*********************100%%**********************]  1 of 1 completed
[2024-08-07T02:35:04.846+0000] {logging_mixin.py:188} WARNING - [*********************100%%**********************]  1 of 1 completed
[2024-08-07T02:35:06.311+0000] {logging_mixin.py:188} WARNING - [*********************100%%**********************]  1 of 1 completed
[2024-08-07T02:35:06.312+0000] {multi.py:171} ERROR - 
1 Failed download:
[2024-08-07T02:35:06.312+0000] {multi.py:184} ERROR - ['FB']: YFTzMissingError('$%ticker%: possibly delisted; No timezone found')
[2024-08-07T02:35:06.824+0000] {logging_mixin.py:188} WARNING - [*********************100%%**********************]  1 of 1 completed
[2024-08-07T02:35:07.358+0000] {logging_mixin.py:188} WARNING - [*********************100%%**********************]  1 of 1 completed
[2024-08-07T02:35:07.646+0000] {logging_mixin.py:188} WARNING - [*********************100%%**********************]  1 of 1 completed
[2024-08-07T02:35:08.099+0000] {logging_mixin.py:188} WARNING - [*********************100%%**********************]  1 of 1 completed
[2024-08-07T02:35:08.634+0000] {logging_mixin.py:188} WARNING - [*********************100%%**********************]  1 of 1 completed
[2024-08-07T02:35:09.235+0000] {python.py:237} INFO - Done. Returned value was: [                  Open        High  ...   Adj Close     Volume
Date                                ...                       
2000-01-03    0.936384    1.004464  ...    0.844981  535796800
2000-01-04    0.966518    0.987723  ...    0.773741  512377600
2000-01-05    0.926339    0.987165  ...    0.785063  778321600
2000-01-06    0.947545    0.955357  ...    0.717125  767972800
2000-01-07    0.861607    0.901786  ...    0.751094  460734400
...                ...         ...  ...         ...        ...
2024-07-31  221.440002  223.820007  ...  222.080002   50036300
2024-08-01  224.369995  224.479996  ...  218.360001   62501000
2024-08-02  219.149994  225.600006  ...  219.860001  105568600
2024-08-05  199.089996  213.500000  ...  209.270004  119548600
2024-08-06  205.300003  209.990005  ...  207.229996   69548700

[6187 rows x 6 columns],                   Open        High  ...   Adj Close     Volume
Date                                ...                       
2004-08-19    2.502503    2.604104  ...    2.508132  893181924
2004-08-20    2.527778    2.729730  ...    2.707353  456686856
2004-08-23    2.771522    2.839840  ...    2.734599  365122512
2004-08-24    2.783784    2.792793  ...    2.621365  304946748
2004-08-25    2.626627    2.702703  ...    2.649612  183772044
...                ...         ...  ...         ...        ...
2024-07-31  173.240005  174.250000  ...  171.539993   25729100
2024-08-01  170.250000  174.050003  ...  170.759995   24531400
2024-08-02  166.440002  168.509995  ...  166.660004   29130100
2024-08-05  155.500000  164.429993  ...  159.250000   53630700
2024-08-06  159.330002  160.570007  ...  158.289993   48928900

[5025 rows x 6 columns],                   Open        High  ...   Adj Close    Volume
Date                                ...                      
2000-01-03   58.687500   59.312500  ...   36.000626  53228400
2000-01-04   56.781250   58.562500  ...   34.784534  54119000
2000-01-05   55.562500   58.187500  ...   35.151291  64059600
2000-01-06   56.093750   56.937500  ...   33.973782  54976600
2000-01-07   54.312500   56.125000  ...   34.417770  62013600
...                ...         ...  ...         ...       ...
2024-07-31  420.500000  421.779999  ...  418.350006  42891400
2024-08-01  420.790009  427.459991  ...  417.109985  30296400
2024-08-02  412.489990  415.000000  ...  408.489990  29437900
2024-08-05  389.170013  401.040009  ...  395.149994  40709200
2024-08-06  400.000000  405.670013  ...  399.609985  24896800

[6187 rows x 6 columns],                   Open        High  ...   Adj Close     Volume
Date                                ...                       
2000-01-03    4.075000    4.478125  ...    4.468750  322352000
2000-01-04    4.268750    4.575000  ...    4.096875  349748000
2000-01-05    3.525000    3.756250  ...    3.487500  769148000
2000-01-06    3.565625    3.634375  ...    3.278125  375040000
2000-01-07    3.350000    3.525000  ...    3.478125  210108000
...                ...         ...  ...         ...        ...
2024-07-31  185.050003  187.940002  ...  186.979996   41667300
2024-08-01  189.289993  190.600006  ...  184.070007   70435600
2024-08-02  166.750000  168.770004  ...  167.899994  141448400
2024-08-05  154.210007  162.960007  ...  161.020004   83149400
2024-08-06  161.710007  165.080002  ...  161.929993   59858500

[6187 rows x 6 columns], Empty DataFrame
Columns: [Open, High, Low, Close, Adj Close, Volume]
Index: [],                   Open        High  ...   Adj Close     Volume
Date                                ...                       
2010-06-29    1.266667    1.666667  ...    1.592667  281494500
2010-06-30    1.719333    2.028000  ...    1.588667  257806500
2010-07-01    1.666667    1.728000  ...    1.464000  123282000
2010-07-02    1.533333    1.540000  ...    1.280000   77097000
2010-07-06    1.333333    1.333333  ...    1.074000  103003500
...                ...         ...  ...         ...        ...
2024-07-31  227.899994  234.679993  ...  232.070007   67497000
2024-08-01  227.690002  231.869995  ...  216.860001   83861900
2024-08-02  214.880005  216.130005  ...  207.669998   82880100
2024-08-05  185.220001  203.880005  ...  198.880005  100308800
2024-08-06  200.750000  202.899994  ...  200.639999   73353900

[3550 rows x 6 columns],                   Open        High  ...   Adj Close     Volume
Date                                ...                       
2000-01-03    0.098438    0.099219  ...    0.089453  300912000
2000-01-04    0.095833    0.096094  ...    0.087065  300480000
2000-01-05    0.092188    0.093750  ...    0.084199  188352000
2000-01-06    0.091797    0.091797  ...    0.078704  120480000
2000-01-07    0.085417    0.088151  ...    0.080019   71184000
...                ...         ...  ...         ...        ...
2024-07-31  112.900002  118.339996  ...  117.019997  473174200
2024-08-01  117.529999  120.160004  ...  109.209999  523462300
2024-08-02  103.760002  108.720001  ...  107.269997  482027500
2024-08-05   92.059998  103.410004  ...  100.449997  552842400
2024-08-06  103.839996  107.709999  ...  104.250000  405830900

[6187 rows x 6 columns],                  Open       High        Low      Close  Adj Close    Volume
Date                                                                       
2015-07-06  38.000000  39.750000  36.000000  36.709999  36.709999   5866600
2015-07-07  37.720001  37.810001  36.000000  36.619999  36.619999   7359000
2015-07-08  36.340000  36.360001  34.529999  34.700001  34.700001   5387700
2015-07-09  35.099998  35.520000  33.990002  34.500000  34.500000   3760100
2015-07-10  34.660000  35.189999  33.980000  34.689999  34.689999   4472800
...               ...        ...        ...        ...        ...       ...
2024-07-31  65.000000  66.989998  64.169998  65.779999  65.779999  25825900
2024-08-01  65.779999  67.300003  65.019997  65.309998  65.309998  19086400
2024-08-02  64.000000  64.040001  60.889999  61.980000  61.980000  23117100
2024-08-05  60.700001  61.055000  58.650002  60.459999  60.459999  17445400
2024-08-06  60.599998  63.580002  60.299999  62.750000  62.750000  14349100

[2288 rows x 6 columns],                  Open       High        Low      Close  Adj Close    Volume
Date                                                                       
2000-01-03  54.968750  55.125000  51.781250  54.031250  36.330006  53076000
2000-01-04  52.750000  53.500000  50.875000  51.000000  34.291828  50805600
2000-01-05  50.031250  52.250000  48.625000  50.843750  34.186768  68524000
2000-01-06  50.406250  50.937500  49.312500  50.000000  33.619442  48242600
2000-01-07  49.687500  53.000000  49.687500  52.937500  35.594597  62260600
...               ...        ...        ...        ...        ...       ...
2024-07-31  48.410000  48.770000  48.240002  48.450001  48.450001  19953600
2024-08-01  48.619999  48.720001  47.200001  47.389999  47.389999  18837500
2024-08-02  47.680000  47.750000  46.349998  46.660000  46.660000  24000200
2024-08-05  46.549999  46.680000  44.689999  44.740002  44.740002  29669600
2024-08-06  44.750000  45.740002  44.639999  45.160000  45.160000  20522100

[6187 rows x 6 columns],                   Open        High  ...   Adj Close     Volume
Date                                ...                       
2000-01-03   14.968750   15.593750  ...   15.500000    7843200
2000-01-04   15.125000   15.500000  ...   14.625000    6290200
2000-01-05   14.531250   15.062500  ...   15.000000    8204600
2000-01-06   15.500000   16.000000  ...   16.000000   11489400
2000-01-07   15.406250   16.406250  ...   16.250000    8543400
...                ...         ...  ...         ...        ...
2024-07-31  150.729996  153.600006  ...  144.479996  114306800
2024-08-01  145.000000  147.289993  ...  132.539993   94731900
2024-08-02  133.500000  137.100006  ...  132.500000   78562000
2024-08-05  122.160004  139.139999  ...  134.820007   76089400
2024-08-06  135.149994  136.440002  ...  130.179993   64279300

[6187 rows x 6 columns]]
[2024-08-07T02:35:09.364+0000] {taskinstance.py:441} INFO - ::group::Post task execution logs
[2024-08-07T02:35:09.942+0000] {taskinstance.py:1206} INFO - Marking task as SUCCESS. dag_id=send_stock_data, task_id=get_data, run_id=scheduled__2024-08-07T02:30:00+00:00, execution_date=20240807T023000, start_date=20240807T023501, end_date=20240807T023509
[2024-08-07T02:35:10.015+0000] {local_task_job_runner.py:243} INFO - Task exited with return code 0
[2024-08-07T02:35:10.052+0000] {taskinstance.py:3503} INFO - 1 downstream tasks scheduled from follow-on schedule check
[2024-08-07T02:35:10.057+0000] {local_task_job_runner.py:222} INFO - ::endgroup::
