[2024-07-28 11:44:35,297] {taskinstance.py:1179} INFO - Dependencies all met for <TaskInstance: send_stock_data.send_data scheduled__2024-07-28T11:43:00+00:00 [queued]>
[2024-07-28 11:44:35,305] {taskinstance.py:1179} INFO - Dependencies all met for <TaskInstance: send_stock_data.send_data scheduled__2024-07-28T11:43:00+00:00 [queued]>
[2024-07-28 11:44:35,305] {taskinstance.py:1376} INFO - 
--------------------------------------------------------------------------------
[2024-07-28 11:44:35,306] {taskinstance.py:1377} INFO - Starting attempt 1 of 1
[2024-07-28 11:44:35,306] {taskinstance.py:1378} INFO - 
--------------------------------------------------------------------------------
[2024-07-28 11:44:35,319] {taskinstance.py:1397} INFO - Executing <Task(PythonOperator): send_data> on 2024-07-28 11:43:00+00:00
[2024-07-28 11:44:35,324] {standard_task_runner.py:52} INFO - Started process 385 to run task
[2024-07-28 11:44:35,326] {standard_task_runner.py:79} INFO - Running: ['***', 'tasks', 'run', 'send_stock_data', 'send_data', 'scheduled__2024-07-28T11:43:00+00:00', '--job-id', '13', '--raw', '--subdir', 'DAGS_FOLDER/***_stream.py', '--cfg-path', '/tmp/tmpj24mx578', '--error-file', '/tmp/tmpr__d_td6']
[2024-07-28 11:44:35,327] {standard_task_runner.py:80} INFO - Job 13: Subtask send_data
[2024-07-28 11:44:35,341] {logging_mixin.py:115} WARNING - /home/***/.local/lib/python3.10/site-packages/***/configuration.py:528 DeprecationWarning: The sql_alchemy_conn option in [core] has been moved to the sql_alchemy_conn option in [database] - the old setting has been used, but please update your config.
[2024-07-28 11:44:35,382] {task_command.py:371} INFO - Running <TaskInstance: send_stock_data.send_data scheduled__2024-07-28T11:43:00+00:00 [running]> on host 77ea918c6e81
[2024-07-28 11:44:35,439] {taskinstance.py:1589} INFO - Exporting the following env vars:
AIRFLOW_CTX_DAG_OWNER=***
AIRFLOW_CTX_DAG_ID=send_stock_data
AIRFLOW_CTX_TASK_ID=send_data
AIRFLOW_CTX_EXECUTION_DATE=2024-07-28T11:43:00+00:00
AIRFLOW_CTX_TRY_NUMBER=1
AIRFLOW_CTX_DAG_RUN_ID=scheduled__2024-07-28T11:43:00+00:00
[2024-07-28 11:49:35,481] {logging_mixin.py:115} INFO - Sent: {'date_time': '26/07/2024, 20:00:01', 'open': 218.85, 'high': 219.49, 'low': 216.01, 'current_price': 217.96, 'previous_close': 217.49, 'change_percent': 0.2161}
[2024-07-28 11:49:38,733] {python.py:173} INFO - Done. Returned value was: None
[2024-07-28 11:49:38,746] {taskinstance.py:1415} INFO - Marking task as SUCCESS. dag_id=send_stock_data, task_id=send_data, execution_date=20240728T114300, start_date=20240728T114435, end_date=20240728T114938
[2024-07-28 11:49:38,784] {local_task_job.py:156} INFO - Task exited with return code 0
[2024-07-28 11:49:38,807] {local_task_job.py:273} INFO - 0 downstream tasks scheduled from follow-on schedule check
[2024-07-28 11:49:38,823] {dagrun.py:564} INFO - Marking run <DagRun send_stock_data @ 2024-07-28 11:43:00+00:00: scheduled__2024-07-28T11:43:00+00:00, externally triggered: False> successful
[2024-07-28 11:49:38,823] {dagrun.py:609} INFO - DagRun Finished: dag_id=send_stock_data, execution_date=2024-07-28 11:43:00+00:00, run_id=scheduled__2024-07-28T11:43:00+00:00, run_start_date=2024-07-28 11:44:32.158904+00:00, run_end_date=2024-07-28 11:49:38.823834+00:00, run_duration=306.66493, state=success, external_trigger=False, run_type=scheduled, data_interval_start=2024-07-28 11:43:00+00:00, data_interval_end=2024-07-28 11:44:00+00:00, dag_hash=0dd8dee774410ef67658687eadd5a515
