[2024-07-28 11:43:03,839] {taskinstance.py:1179} INFO - Dependencies all met for <TaskInstance: send_stock_data.send_data scheduled__2024-07-28T11:42:00+00:00 [queued]>
[2024-07-28 11:43:03,850] {taskinstance.py:1179} INFO - Dependencies all met for <TaskInstance: send_stock_data.send_data scheduled__2024-07-28T11:42:00+00:00 [queued]>
[2024-07-28 11:43:03,851] {taskinstance.py:1376} INFO - 
--------------------------------------------------------------------------------
[2024-07-28 11:43:03,851] {taskinstance.py:1377} INFO - Starting attempt 1 of 1
[2024-07-28 11:43:03,852] {taskinstance.py:1378} INFO - 
--------------------------------------------------------------------------------
[2024-07-28 11:43:03,868] {taskinstance.py:1397} INFO - Executing <Task(PythonOperator): send_data> on 2024-07-28 11:42:00+00:00
[2024-07-28 11:43:03,874] {standard_task_runner.py:52} INFO - Started process 341 to run task
[2024-07-28 11:43:03,877] {standard_task_runner.py:79} INFO - Running: ['***', 'tasks', 'run', 'send_stock_data', 'send_data', 'scheduled__2024-07-28T11:42:00+00:00', '--job-id', '10', '--raw', '--subdir', 'DAGS_FOLDER/***_stream.py', '--cfg-path', '/tmp/tmp3sfmqxwr', '--error-file', '/tmp/tmpkhfl_g24']
[2024-07-28 11:43:03,878] {standard_task_runner.py:80} INFO - Job 10: Subtask send_data
[2024-07-28 11:43:03,898] {logging_mixin.py:115} WARNING - /home/***/.local/lib/python3.10/site-packages/***/configuration.py:528 DeprecationWarning: The sql_alchemy_conn option in [core] has been moved to the sql_alchemy_conn option in [database] - the old setting has been used, but please update your config.
[2024-07-28 11:43:03,948] {task_command.py:371} INFO - Running <TaskInstance: send_stock_data.send_data scheduled__2024-07-28T11:42:00+00:00 [running]> on host 77ea918c6e81
[2024-07-28 11:43:04,004] {taskinstance.py:1589} INFO - Exporting the following env vars:
AIRFLOW_CTX_DAG_OWNER=***
AIRFLOW_CTX_DAG_ID=send_stock_data
AIRFLOW_CTX_TASK_ID=send_data
AIRFLOW_CTX_EXECUTION_DATE=2024-07-28T11:42:00+00:00
AIRFLOW_CTX_TRY_NUMBER=1
AIRFLOW_CTX_DAG_RUN_ID=scheduled__2024-07-28T11:42:00+00:00
[2024-07-28 11:48:04,042] {logging_mixin.py:115} INFO - Data sent to Kafka
[2024-07-28 11:48:07,283] {python.py:173} INFO - Done. Returned value was: None
[2024-07-28 11:48:07,294] {taskinstance.py:1415} INFO - Marking task as SUCCESS. dag_id=send_stock_data, task_id=send_data, execution_date=20240728T114200, start_date=20240728T114303, end_date=20240728T114807
[2024-07-28 11:48:07,340] {local_task_job.py:156} INFO - Task exited with return code 0
[2024-07-28 11:48:07,363] {local_task_job.py:273} INFO - 0 downstream tasks scheduled from follow-on schedule check
[2024-07-28 11:48:07,380] {dagrun.py:564} INFO - Marking run <DagRun send_stock_data @ 2024-07-28 11:42:00+00:00: scheduled__2024-07-28T11:42:00+00:00, externally triggered: False> successful
[2024-07-28 11:48:07,381] {dagrun.py:609} INFO - DagRun Finished: dag_id=send_stock_data, execution_date=2024-07-28 11:42:00+00:00, run_id=scheduled__2024-07-28T11:42:00+00:00, run_start_date=2024-07-28 11:43:00.305801+00:00, run_end_date=2024-07-28 11:48:07.381382+00:00, run_duration=307.075581, state=success, external_trigger=False, run_type=scheduled, data_interval_start=2024-07-28 11:42:00+00:00, data_interval_end=2024-07-28 11:43:00+00:00, dag_hash=0dd8dee774410ef67658687eadd5a515
