[2024-07-28 12:15:02,343] {taskinstance.py:1179} INFO - Dependencies all met for <TaskInstance: send_stock_data.format_data scheduled__2024-07-28T12:10:00+00:00 [queued]>
[2024-07-28 12:15:02,350] {taskinstance.py:1179} INFO - Dependencies all met for <TaskInstance: send_stock_data.format_data scheduled__2024-07-28T12:10:00+00:00 [queued]>
[2024-07-28 12:15:02,350] {taskinstance.py:1376} INFO - 
--------------------------------------------------------------------------------
[2024-07-28 12:15:02,350] {taskinstance.py:1377} INFO - Starting attempt 1 of 1
[2024-07-28 12:15:02,351] {taskinstance.py:1378} INFO - 
--------------------------------------------------------------------------------
[2024-07-28 12:15:02,362] {taskinstance.py:1397} INFO - Executing <Task(PythonOperator): format_data> on 2024-07-28 12:10:00+00:00
[2024-07-28 12:15:02,366] {standard_task_runner.py:52} INFO - Started process 1089 to run task
[2024-07-28 12:15:02,369] {standard_task_runner.py:79} INFO - Running: ['***', 'tasks', 'run', 'send_stock_data', 'format_data', 'scheduled__2024-07-28T12:10:00+00:00', '--job-id', '39', '--raw', '--subdir', 'DAGS_FOLDER/***_stream.py', '--cfg-path', '/tmp/tmpcn6la6cp', '--error-file', '/tmp/tmpah8r0tyd']
[2024-07-28 12:15:02,370] {standard_task_runner.py:80} INFO - Job 39: Subtask format_data
[2024-07-28 12:15:02,385] {logging_mixin.py:115} WARNING - /home/***/.local/lib/python3.10/site-packages/***/configuration.py:528 DeprecationWarning: The sql_alchemy_conn option in [core] has been moved to the sql_alchemy_conn option in [database] - the old setting has been used, but please update your config.
[2024-07-28 12:15:02,429] {task_command.py:371} INFO - Running <TaskInstance: send_stock_data.format_data scheduled__2024-07-28T12:10:00+00:00 [running]> on host 77ea918c6e81
[2024-07-28 12:15:02,488] {taskinstance.py:1589} INFO - Exporting the following env vars:
AIRFLOW_CTX_DAG_OWNER=***
AIRFLOW_CTX_DAG_ID=send_stock_data
AIRFLOW_CTX_TASK_ID=format_data
AIRFLOW_CTX_EXECUTION_DATE=2024-07-28T12:10:00+00:00
AIRFLOW_CTX_TRY_NUMBER=1
AIRFLOW_CTX_DAG_RUN_ID=scheduled__2024-07-28T12:10:00+00:00
[2024-07-28 12:15:02,497] {python.py:173} INFO - Done. Returned value was: {'date_time': '26/07/2024, 20:00:01', 'open': 218.85, 'high': 219.49, 'low': 216.01, 'current_price': 217.96, 'previous_close': 217.49, 'change_percent': 0.2161}
[2024-07-28 12:15:02,521] {taskinstance.py:1415} INFO - Marking task as SUCCESS. dag_id=send_stock_data, task_id=format_data, execution_date=20240728T121000, start_date=20240728T121502, end_date=20240728T121502
[2024-07-28 12:15:02,540] {local_task_job.py:156} INFO - Task exited with return code 0
[2024-07-28 12:15:02,573] {local_task_job.py:273} INFO - 1 downstream tasks scheduled from follow-on schedule check
