[2024-08-07T03:48:38.144+0000] {local_task_job_runner.py:120} INFO - ::group::Pre task execution logs
[2024-08-07T03:48:38.191+0000] {taskinstance.py:2076} INFO - Dependencies all met for dep_context=non-requeueable deps ti=<TaskInstance: send_AAPL.get_data scheduled__2024-07-15T00:00:00+00:00 [queued]>
[2024-08-07T03:48:38.203+0000] {taskinstance.py:2076} INFO - Dependencies all met for dep_context=requeueable deps ti=<TaskInstance: send_AAPL.get_data scheduled__2024-07-15T00:00:00+00:00 [queued]>
[2024-08-07T03:48:38.204+0000] {taskinstance.py:2306} INFO - Starting attempt 1 of 2
[2024-08-07T03:48:38.227+0000] {taskinstance.py:2330} INFO - Executing <Task(PythonOperator): get_data> on 2024-07-15 00:00:00+00:00
[2024-08-07T03:48:38.238+0000] {logging_mixin.py:188} WARNING - /home/***/.local/lib/python3.12/site-packages/***/task/task_runner/standard_task_runner.py:62 DeprecationWarning: This process (pid=270) is multi-threaded, use of fork() may lead to deadlocks in the child.
[2024-08-07T03:48:38.240+0000] {standard_task_runner.py:64} INFO - Started process 272 to run task
[2024-08-07T03:48:38.238+0000] {standard_task_runner.py:90} INFO - Running: ['***', 'tasks', 'run', 'send_AAPL', 'get_data', 'scheduled__2024-07-15T00:00:00+00:00', '--job-id', '68', '--raw', '--subdir', 'DAGS_FOLDER/***_stream.py', '--cfg-path', '/tmp/tmp2ei3rksu']
[2024-08-07T03:48:38.242+0000] {standard_task_runner.py:91} INFO - Job 68: Subtask get_data
[2024-08-07T03:48:38.262+0000] {logging_mixin.py:188} WARNING - /home/***/.local/lib/python3.12/site-packages/***/settings.py:195 DeprecationWarning: The sql_alchemy_conn option in [core] has been moved to the sql_alchemy_conn option in [database] - the old setting has been used, but please update your config.
[2024-08-07T03:48:38.309+0000] {task_command.py:426} INFO - Running <TaskInstance: send_AAPL.get_data scheduled__2024-07-15T00:00:00+00:00 [running]> on host ccdfdaad05bd
[2024-08-07T03:48:38.460+0000] {taskinstance.py:2648} INFO - Exporting env vars: AIRFLOW_CTX_DAG_OWNER='***' AIRFLOW_CTX_DAG_ID='send_AAPL' AIRFLOW_CTX_TASK_ID='get_data' AIRFLOW_CTX_EXECUTION_DATE='2024-07-15T00:00:00+00:00' AIRFLOW_CTX_TRY_NUMBER='1' AIRFLOW_CTX_DAG_RUN_ID='scheduled__2024-07-15T00:00:00+00:00'
[2024-08-07T03:48:38.468+0000] {taskinstance.py:430} INFO - ::endgroup::
[2024-08-07T03:48:40.282+0000] {logging_mixin.py:188} WARNING - [*********************100%%**********************]  1 of 1 completed
[2024-08-07T03:48:40.492+0000] {python.py:237} INFO - Done. Returned value was: [                  Open        High  ...   Adj Close     Volume
Date                                ...                       
2000-01-03    0.936384    1.004464  ...    0.844981  535796800
2000-01-04    0.966518    0.987723  ...    0.773740  512377600
2000-01-05    0.926339    0.987165  ...    0.785063  778321600
2000-01-06    0.947545    0.955357  ...    0.717125  767972800
2000-01-07    0.861607    0.901786  ...    0.751094  460734400
...                ...         ...  ...         ...        ...
2024-07-31  221.440002  223.820007  ...  222.080002   50036300
2024-08-01  224.369995  224.479996  ...  218.360001   62501000
2024-08-02  219.149994  225.600006  ...  219.860001  105568600
2024-08-05  199.089996  213.500000  ...  209.270004  119548600
2024-08-06  205.300003  209.990005  ...  207.229996   69548700

[6187 rows x 6 columns]]
[2024-08-07T03:48:40.522+0000] {taskinstance.py:441} INFO - ::group::Post task execution logs
[2024-08-07T03:48:40.639+0000] {taskinstance.py:1206} INFO - Marking task as SUCCESS. dag_id=send_AAPL, task_id=get_data, run_id=scheduled__2024-07-15T00:00:00+00:00, execution_date=20240715T000000, start_date=20240807T034838, end_date=20240807T034840
[2024-08-07T03:48:40.708+0000] {local_task_job_runner.py:243} INFO - Task exited with return code 0
[2024-08-07T03:48:40.740+0000] {taskinstance.py:3503} INFO - 1 downstream tasks scheduled from follow-on schedule check
[2024-08-07T03:48:40.745+0000] {local_task_job_runner.py:222} INFO - ::endgroup::
[2024-08-07T03:53:35.496+0000] {local_task_job_runner.py:120} INFO - ::group::Pre task execution logs
[2024-08-07T03:53:35.544+0000] {taskinstance.py:2076} INFO - Dependencies all met for dep_context=non-requeueable deps ti=<TaskInstance: send_AAPL.get_data scheduled__2024-07-15T00:00:00+00:00 [queued]>
[2024-08-07T03:53:35.558+0000] {taskinstance.py:2076} INFO - Dependencies all met for dep_context=requeueable deps ti=<TaskInstance: send_AAPL.get_data scheduled__2024-07-15T00:00:00+00:00 [queued]>
[2024-08-07T03:53:35.559+0000] {taskinstance.py:2306} INFO - Starting attempt 1 of 2
[2024-08-07T03:53:35.583+0000] {taskinstance.py:2330} INFO - Executing <Task(PythonOperator): get_data> on 2024-07-15 00:00:00+00:00
[2024-08-07T03:53:35.593+0000] {logging_mixin.py:188} WARNING - /home/***/.local/lib/python3.12/site-packages/***/task/task_runner/standard_task_runner.py:62 DeprecationWarning: This process (pid=398) is multi-threaded, use of fork() may lead to deadlocks in the child.
[2024-08-07T03:53:35.595+0000] {standard_task_runner.py:64} INFO - Started process 400 to run task
[2024-08-07T03:53:35.593+0000] {standard_task_runner.py:90} INFO - Running: ['***', 'tasks', 'run', 'send_AAPL', 'get_data', 'scheduled__2024-07-15T00:00:00+00:00', '--job-id', '70', '--raw', '--subdir', 'DAGS_FOLDER/***_stream.py', '--cfg-path', '/tmp/tmpowcrxko4']
[2024-08-07T03:53:35.596+0000] {standard_task_runner.py:91} INFO - Job 70: Subtask get_data
[2024-08-07T03:53:35.618+0000] {logging_mixin.py:188} WARNING - /home/***/.local/lib/python3.12/site-packages/***/settings.py:195 DeprecationWarning: The sql_alchemy_conn option in [core] has been moved to the sql_alchemy_conn option in [database] - the old setting has been used, but please update your config.
[2024-08-07T03:53:35.666+0000] {task_command.py:426} INFO - Running <TaskInstance: send_AAPL.get_data scheduled__2024-07-15T00:00:00+00:00 [running]> on host ccdfdaad05bd
[2024-08-07T03:53:35.805+0000] {taskinstance.py:2648} INFO - Exporting env vars: AIRFLOW_CTX_DAG_OWNER='***' AIRFLOW_CTX_DAG_ID='send_AAPL' AIRFLOW_CTX_TASK_ID='get_data' AIRFLOW_CTX_EXECUTION_DATE='2024-07-15T00:00:00+00:00' AIRFLOW_CTX_TRY_NUMBER='1' AIRFLOW_CTX_DAG_RUN_ID='scheduled__2024-07-15T00:00:00+00:00'
[2024-08-07T03:53:35.807+0000] {taskinstance.py:430} INFO - ::endgroup::
[2024-08-07T03:53:36.777+0000] {logging_mixin.py:188} WARNING - [*********************100%%**********************]  1 of 1 completed
[2024-08-07T03:53:36.898+0000] {python.py:237} INFO - Done. Returned value was: [                  Open        High  ...   Adj Close     Volume
Date                                ...                       
2000-01-03    0.936384    1.004464  ...    0.844981  535796800
2000-01-04    0.966518    0.987723  ...    0.773741  512377600
2000-01-05    0.926339    0.987165  ...    0.785063  778321600
2000-01-06    0.947545    0.955357  ...    0.717125  767972800
2000-01-07    0.861607    0.901786  ...    0.751094  460734400
...                ...         ...  ...         ...        ...
2024-07-31  221.440002  223.820007  ...  222.080002   50036300
2024-08-01  224.369995  224.479996  ...  218.360001   62501000
2024-08-02  219.149994  225.600006  ...  219.860001  105568600
2024-08-05  199.089996  213.500000  ...  209.270004  119548600
2024-08-06  205.300003  209.990005  ...  207.229996   69548700

[6187 rows x 6 columns]]
[2024-08-07T03:53:36.916+0000] {taskinstance.py:441} INFO - ::group::Post task execution logs
[2024-08-07T03:53:37.023+0000] {taskinstance.py:1206} INFO - Marking task as SUCCESS. dag_id=send_AAPL, task_id=get_data, run_id=scheduled__2024-07-15T00:00:00+00:00, execution_date=20240715T000000, start_date=20240807T035335, end_date=20240807T035337
[2024-08-07T03:53:37.056+0000] {local_task_job_runner.py:243} INFO - Task exited with return code 0
[2024-08-07T03:53:37.087+0000] {taskinstance.py:3503} INFO - 1 downstream tasks scheduled from follow-on schedule check
[2024-08-07T03:53:37.093+0000] {local_task_job_runner.py:222} INFO - ::endgroup::
[2024-08-07T03:56:29.044+0000] {local_task_job_runner.py:120} INFO - ::group::Pre task execution logs
[2024-08-07T03:56:29.092+0000] {taskinstance.py:2076} INFO - Dependencies all met for dep_context=non-requeueable deps ti=<TaskInstance: send_AAPL.get_data scheduled__2024-07-15T00:00:00+00:00 [queued]>
[2024-08-07T03:56:29.105+0000] {taskinstance.py:2076} INFO - Dependencies all met for dep_context=requeueable deps ti=<TaskInstance: send_AAPL.get_data scheduled__2024-07-15T00:00:00+00:00 [queued]>
[2024-08-07T03:56:29.106+0000] {taskinstance.py:2306} INFO - Starting attempt 1 of 2
[2024-08-07T03:56:29.133+0000] {taskinstance.py:2330} INFO - Executing <Task(PythonOperator): get_data> on 2024-07-15 00:00:00+00:00
[2024-08-07T03:56:29.144+0000] {logging_mixin.py:188} WARNING - /home/***/.local/lib/python3.12/site-packages/***/task/task_runner/standard_task_runner.py:62 DeprecationWarning: This process (pid=491) is multi-threaded, use of fork() may lead to deadlocks in the child.
[2024-08-07T03:56:29.145+0000] {standard_task_runner.py:64} INFO - Started process 493 to run task
[2024-08-07T03:56:29.144+0000] {standard_task_runner.py:90} INFO - Running: ['***', 'tasks', 'run', 'send_AAPL', 'get_data', 'scheduled__2024-07-15T00:00:00+00:00', '--job-id', '72', '--raw', '--subdir', 'DAGS_FOLDER/***_stream.py', '--cfg-path', '/tmp/tmp8j63qrjy']
[2024-08-07T03:56:29.146+0000] {standard_task_runner.py:91} INFO - Job 72: Subtask get_data
[2024-08-07T03:56:29.168+0000] {logging_mixin.py:188} WARNING - /home/***/.local/lib/python3.12/site-packages/***/settings.py:195 DeprecationWarning: The sql_alchemy_conn option in [core] has been moved to the sql_alchemy_conn option in [database] - the old setting has been used, but please update your config.
[2024-08-07T03:56:29.220+0000] {task_command.py:426} INFO - Running <TaskInstance: send_AAPL.get_data scheduled__2024-07-15T00:00:00+00:00 [running]> on host ccdfdaad05bd
[2024-08-07T03:56:29.350+0000] {taskinstance.py:2648} INFO - Exporting env vars: AIRFLOW_CTX_DAG_OWNER='***' AIRFLOW_CTX_DAG_ID='send_AAPL' AIRFLOW_CTX_TASK_ID='get_data' AIRFLOW_CTX_EXECUTION_DATE='2024-07-15T00:00:00+00:00' AIRFLOW_CTX_TRY_NUMBER='1' AIRFLOW_CTX_DAG_RUN_ID='scheduled__2024-07-15T00:00:00+00:00'
[2024-08-07T03:56:29.352+0000] {taskinstance.py:430} INFO - ::endgroup::
[2024-08-07T03:56:30.435+0000] {logging_mixin.py:188} WARNING - [*********************100%%**********************]  1 of 1 completed
[2024-08-07T03:56:30.556+0000] {python.py:237} INFO - Done. Returned value was: [                  Open        High  ...   Adj Close     Volume
Date                                ...                       
2000-01-03    0.936384    1.004464  ...    0.844981  535796800
2000-01-04    0.966518    0.987723  ...    0.773740  512377600
2000-01-05    0.926339    0.987165  ...    0.785063  778321600
2000-01-06    0.947545    0.955357  ...    0.717125  767972800
2000-01-07    0.861607    0.901786  ...    0.751094  460734400
...                ...         ...  ...         ...        ...
2024-07-31  221.440002  223.820007  ...  222.080002   50036300
2024-08-01  224.369995  224.479996  ...  218.360001   62501000
2024-08-02  219.149994  225.600006  ...  219.860001  105568600
2024-08-05  199.089996  213.500000  ...  209.270004  119548600
2024-08-06  205.300003  209.990005  ...  207.229996   69548700

[6187 rows x 6 columns]]
[2024-08-07T03:56:30.572+0000] {taskinstance.py:441} INFO - ::group::Post task execution logs
[2024-08-07T03:56:30.686+0000] {taskinstance.py:1206} INFO - Marking task as SUCCESS. dag_id=send_AAPL, task_id=get_data, run_id=scheduled__2024-07-15T00:00:00+00:00, execution_date=20240715T000000, start_date=20240807T035629, end_date=20240807T035630
[2024-08-07T03:56:30.727+0000] {local_task_job_runner.py:243} INFO - Task exited with return code 0
[2024-08-07T03:56:30.758+0000] {taskinstance.py:3503} INFO - 1 downstream tasks scheduled from follow-on schedule check
[2024-08-07T03:56:30.764+0000] {local_task_job_runner.py:222} INFO - ::endgroup::
