[2024-07-28 11:43:02,668] {taskinstance.py:1179} INFO - Dependencies all met for <TaskInstance: send_stock_data.format_data scheduled__2024-07-28T11:42:00+00:00 [queued]>
[2024-07-28 11:43:02,675] {taskinstance.py:1179} INFO - Dependencies all met for <TaskInstance: send_stock_data.format_data scheduled__2024-07-28T11:42:00+00:00 [queued]>
[2024-07-28 11:43:02,675] {taskinstance.py:1376} INFO - 
--------------------------------------------------------------------------------
[2024-07-28 11:43:02,675] {taskinstance.py:1377} INFO - Starting attempt 1 of 1
[2024-07-28 11:43:02,676] {taskinstance.py:1378} INFO - 
--------------------------------------------------------------------------------
[2024-07-28 11:43:02,686] {taskinstance.py:1397} INFO - Executing <Task(PythonOperator): format_data> on 2024-07-28 11:42:00+00:00
[2024-07-28 11:43:02,690] {standard_task_runner.py:52} INFO - Started process 339 to run task
[2024-07-28 11:43:02,693] {standard_task_runner.py:79} INFO - Running: ['***', 'tasks', 'run', 'send_stock_data', 'format_data', 'scheduled__2024-07-28T11:42:00+00:00', '--job-id', '9', '--raw', '--subdir', 'DAGS_FOLDER/***_stream.py', '--cfg-path', '/tmp/tmpgb7eol7g', '--error-file', '/tmp/tmpusy7_g7_']
[2024-07-28 11:43:02,694] {standard_task_runner.py:80} INFO - Job 9: Subtask format_data
[2024-07-28 11:43:02,707] {logging_mixin.py:115} WARNING - /home/***/.local/lib/python3.10/site-packages/***/configuration.py:528 DeprecationWarning: The sql_alchemy_conn option in [core] has been moved to the sql_alchemy_conn option in [database] - the old setting has been used, but please update your config.
[2024-07-28 11:43:02,745] {task_command.py:371} INFO - Running <TaskInstance: send_stock_data.format_data scheduled__2024-07-28T11:42:00+00:00 [running]> on host 77ea918c6e81
[2024-07-28 11:43:02,798] {taskinstance.py:1589} INFO - Exporting the following env vars:
AIRFLOW_CTX_DAG_OWNER=***
AIRFLOW_CTX_DAG_ID=send_stock_data
AIRFLOW_CTX_TASK_ID=format_data
AIRFLOW_CTX_EXECUTION_DATE=2024-07-28T11:42:00+00:00
AIRFLOW_CTX_TRY_NUMBER=1
AIRFLOW_CTX_DAG_RUN_ID=scheduled__2024-07-28T11:42:00+00:00
[2024-07-28 11:43:02,809] {python.py:173} INFO - Done. Returned value was: {'date_time': '26/07/2024, 20:00:01', 'open': 218.85, 'high': 219.49, 'low': 216.01, 'current_price': 217.96, 'previous_close': 217.49, 'change_percent': 0.2161}
[2024-07-28 11:43:02,831] {taskinstance.py:1415} INFO - Marking task as SUCCESS. dag_id=send_stock_data, task_id=format_data, execution_date=20240728T114200, start_date=20240728T114302, end_date=20240728T114302
[2024-07-28 11:43:02,864] {local_task_job.py:156} INFO - Task exited with return code 0
[2024-07-28 11:43:02,895] {local_task_job.py:273} INFO - 1 downstream tasks scheduled from follow-on schedule check
