[2024-07-25 10:34:29,334] {taskinstance.py:1179} INFO - Dependencies all met for <TaskInstance: send_stock_data.get_data scheduled__2024-07-25T10:33:00+00:00 [queued]>
[2024-07-25 10:34:29,340] {taskinstance.py:1179} INFO - Dependencies all met for <TaskInstance: send_stock_data.get_data scheduled__2024-07-25T10:33:00+00:00 [queued]>
[2024-07-25 10:34:29,340] {taskinstance.py:1376} INFO - 
--------------------------------------------------------------------------------
[2024-07-25 10:34:29,340] {taskinstance.py:1377} INFO - Starting attempt 1 of 1
[2024-07-25 10:34:29,340] {taskinstance.py:1378} INFO - 
--------------------------------------------------------------------------------
[2024-07-25 10:34:29,350] {taskinstance.py:1397} INFO - Executing <Task(PythonOperator): get_data> on 2024-07-25 10:33:00+00:00
[2024-07-25 10:34:29,355] {standard_task_runner.py:52} INFO - Started process 210 to run task
[2024-07-25 10:34:29,357] {standard_task_runner.py:79} INFO - Running: ['***', 'tasks', 'run', 'send_stock_data', 'get_data', 'scheduled__2024-07-25T10:33:00+00:00', '--job-id', '6', '--raw', '--subdir', 'DAGS_FOLDER/***_stream.py', '--cfg-path', '/tmp/tmp1ebogsfo', '--error-file', '/tmp/tmpz7j2jvhp']
[2024-07-25 10:34:29,358] {standard_task_runner.py:80} INFO - Job 6: Subtask get_data
[2024-07-25 10:34:29,369] {logging_mixin.py:115} WARNING - /home/***/.local/lib/python3.10/site-packages/***/configuration.py:528 DeprecationWarning: The sql_alchemy_conn option in [core] has been moved to the sql_alchemy_conn option in [database] - the old setting has been used, but please update your config.
[2024-07-25 10:34:29,403] {task_command.py:371} INFO - Running <TaskInstance: send_stock_data.get_data scheduled__2024-07-25T10:33:00+00:00 [running]> on host 3375e7ece4d4
[2024-07-25 10:34:29,457] {taskinstance.py:1589} INFO - Exporting the following env vars:
AIRFLOW_CTX_DAG_OWNER=***
AIRFLOW_CTX_DAG_ID=send_stock_data
AIRFLOW_CTX_TASK_ID=get_data
AIRFLOW_CTX_EXECUTION_DATE=2024-07-25T10:33:00+00:00
AIRFLOW_CTX_TRY_NUMBER=1
AIRFLOW_CTX_DAG_RUN_ID=scheduled__2024-07-25T10:33:00+00:00
[2024-07-25 10:34:30,639] {python.py:173} INFO - Done. Returned value was: {'c': 218.54, 'd': -6.47, 'dp': -2.8754, 'h': 224.8, 'l': 217.13, 'o': 224, 'pc': 225.01, 't': 1721851202}
[2024-07-25 10:34:30,659] {taskinstance.py:1415} INFO - Marking task as SUCCESS. dag_id=send_stock_data, task_id=get_data, execution_date=20240725T103300, start_date=20240725T103429, end_date=20240725T103430
[2024-07-25 10:34:30,694] {local_task_job.py:156} INFO - Task exited with return code 0
[2024-07-25 10:34:30,722] {local_task_job.py:273} INFO - 1 downstream tasks scheduled from follow-on schedule check
