[2024-08-03T15:57:13.444+0000] {processor.py:161} INFO - Started process (PID=209) to work on /opt/airflow/dags/airflow_stream.py
[2024-08-03T15:57:13.444+0000] {processor.py:830} INFO - Processing file /opt/airflow/dags/airflow_stream.py for tasks to queue
[2024-08-03T15:57:13.446+0000] {logging_mixin.py:188} INFO - [2024-08-03T15:57:13.445+0000] {dagbag.py:545} INFO - Filling up the DagBag from /opt/airflow/dags/airflow_stream.py
[2024-08-03T15:57:14.023+0000] {processor.py:840} INFO - DAG(s) 'send_stock_data' retrieved from /opt/airflow/dags/airflow_stream.py
[2024-08-03T15:57:14.046+0000] {logging_mixin.py:188} INFO - [2024-08-03T15:57:14.045+0000] {dag.py:3089} INFO - Sync 1 DAGs
[2024-08-03T15:57:14.064+0000] {logging_mixin.py:188} INFO - [2024-08-03T15:57:14.064+0000] {dag.py:3947} INFO - Setting next_dagrun for send_stock_data to 2024-08-02 05:00:00+00:00, run_after=2024-08-03 05:00:00+00:00
[2024-08-03T15:57:14.080+0000] {processor.py:183} INFO - Processing /opt/airflow/dags/airflow_stream.py took 0.641 seconds
[2024-08-03T15:57:44.698+0000] {processor.py:161} INFO - Started process (PID=225) to work on /opt/airflow/dags/airflow_stream.py
[2024-08-03T15:57:44.699+0000] {processor.py:830} INFO - Processing file /opt/airflow/dags/airflow_stream.py for tasks to queue
[2024-08-03T15:57:44.700+0000] {logging_mixin.py:188} INFO - [2024-08-03T15:57:44.700+0000] {dagbag.py:545} INFO - Filling up the DagBag from /opt/airflow/dags/airflow_stream.py
[2024-08-03T15:57:45.217+0000] {processor.py:840} INFO - DAG(s) 'send_stock_data' retrieved from /opt/airflow/dags/airflow_stream.py
[2024-08-03T15:57:45.304+0000] {logging_mixin.py:188} INFO - [2024-08-03T15:57:45.304+0000] {dag.py:3089} INFO - Sync 1 DAGs
[2024-08-03T15:57:45.319+0000] {logging_mixin.py:188} INFO - [2024-08-03T15:57:45.318+0000] {dag.py:3947} INFO - Setting next_dagrun for send_stock_data to 2024-08-02 05:00:00+00:00, run_after=2024-08-03 05:00:00+00:00
[2024-08-03T15:57:45.333+0000] {processor.py:183} INFO - Processing /opt/airflow/dags/airflow_stream.py took 0.639 seconds
[2024-08-03T15:58:16.014+0000] {processor.py:161} INFO - Started process (PID=236) to work on /opt/airflow/dags/airflow_stream.py
[2024-08-03T15:58:16.014+0000] {processor.py:830} INFO - Processing file /opt/airflow/dags/airflow_stream.py for tasks to queue
[2024-08-03T15:58:16.016+0000] {logging_mixin.py:188} INFO - [2024-08-03T15:58:16.016+0000] {dagbag.py:545} INFO - Filling up the DagBag from /opt/airflow/dags/airflow_stream.py
[2024-08-03T15:58:16.705+0000] {processor.py:840} INFO - DAG(s) 'send_stock_data' retrieved from /opt/airflow/dags/airflow_stream.py
[2024-08-03T15:58:16.733+0000] {logging_mixin.py:188} INFO - [2024-08-03T15:58:16.733+0000] {dag.py:3089} INFO - Sync 1 DAGs
[2024-08-03T15:58:16.759+0000] {logging_mixin.py:188} INFO - [2024-08-03T15:58:16.758+0000] {dag.py:3947} INFO - Setting next_dagrun for send_stock_data to 2024-08-02 05:00:00+00:00, run_after=2024-08-03 05:00:00+00:00
[2024-08-03T15:58:16.779+0000] {processor.py:183} INFO - Processing /opt/airflow/dags/airflow_stream.py took 0.770 seconds
[2024-08-03T15:58:47.303+0000] {processor.py:161} INFO - Started process (PID=247) to work on /opt/airflow/dags/airflow_stream.py
[2024-08-03T15:58:47.304+0000] {processor.py:830} INFO - Processing file /opt/airflow/dags/airflow_stream.py for tasks to queue
[2024-08-03T15:58:47.305+0000] {logging_mixin.py:188} INFO - [2024-08-03T15:58:47.305+0000] {dagbag.py:545} INFO - Filling up the DagBag from /opt/airflow/dags/airflow_stream.py
[2024-08-03T15:58:47.940+0000] {processor.py:840} INFO - DAG(s) 'send_stock_data' retrieved from /opt/airflow/dags/airflow_stream.py
[2024-08-03T15:58:47.965+0000] {logging_mixin.py:188} INFO - [2024-08-03T15:58:47.965+0000] {dag.py:3089} INFO - Sync 1 DAGs
[2024-08-03T15:58:47.986+0000] {logging_mixin.py:188} INFO - [2024-08-03T15:58:47.986+0000] {dag.py:3947} INFO - Setting next_dagrun for send_stock_data to 2024-08-02 05:00:00+00:00, run_after=2024-08-03 05:00:00+00:00
[2024-08-03T15:58:48.005+0000] {processor.py:183} INFO - Processing /opt/airflow/dags/airflow_stream.py took 0.707 seconds
[2024-08-03T15:59:18.557+0000] {processor.py:161} INFO - Started process (PID=258) to work on /opt/airflow/dags/airflow_stream.py
[2024-08-03T15:59:18.558+0000] {processor.py:830} INFO - Processing file /opt/airflow/dags/airflow_stream.py for tasks to queue
[2024-08-03T15:59:18.559+0000] {logging_mixin.py:188} INFO - [2024-08-03T15:59:18.559+0000] {dagbag.py:545} INFO - Filling up the DagBag from /opt/airflow/dags/airflow_stream.py
[2024-08-03T15:59:19.120+0000] {processor.py:840} INFO - DAG(s) 'send_stock_data' retrieved from /opt/airflow/dags/airflow_stream.py
[2024-08-03T15:59:19.142+0000] {logging_mixin.py:188} INFO - [2024-08-03T15:59:19.142+0000] {dag.py:3089} INFO - Sync 1 DAGs
[2024-08-03T15:59:19.163+0000] {logging_mixin.py:188} INFO - [2024-08-03T15:59:19.163+0000] {dag.py:3947} INFO - Setting next_dagrun for send_stock_data to 2024-08-02 05:00:00+00:00, run_after=2024-08-03 05:00:00+00:00
[2024-08-03T15:59:19.185+0000] {processor.py:183} INFO - Processing /opt/airflow/dags/airflow_stream.py took 0.632 seconds
[2024-08-03T15:59:49.798+0000] {processor.py:161} INFO - Started process (PID=269) to work on /opt/airflow/dags/airflow_stream.py
[2024-08-03T15:59:49.798+0000] {processor.py:830} INFO - Processing file /opt/airflow/dags/airflow_stream.py for tasks to queue
[2024-08-03T15:59:49.800+0000] {logging_mixin.py:188} INFO - [2024-08-03T15:59:49.799+0000] {dagbag.py:545} INFO - Filling up the DagBag from /opt/airflow/dags/airflow_stream.py
[2024-08-03T15:59:50.335+0000] {processor.py:840} INFO - DAG(s) 'send_stock_data' retrieved from /opt/airflow/dags/airflow_stream.py
[2024-08-03T15:59:50.357+0000] {logging_mixin.py:188} INFO - [2024-08-03T15:59:50.357+0000] {dag.py:3089} INFO - Sync 1 DAGs
[2024-08-03T15:59:50.376+0000] {logging_mixin.py:188} INFO - [2024-08-03T15:59:50.376+0000] {dag.py:3947} INFO - Setting next_dagrun for send_stock_data to 2024-08-02 05:00:00+00:00, run_after=2024-08-03 05:00:00+00:00
[2024-08-03T15:59:50.395+0000] {processor.py:183} INFO - Processing /opt/airflow/dags/airflow_stream.py took 0.602 seconds
[2024-08-03T16:00:21.029+0000] {processor.py:161} INFO - Started process (PID=280) to work on /opt/airflow/dags/airflow_stream.py
[2024-08-03T16:00:21.029+0000] {processor.py:830} INFO - Processing file /opt/airflow/dags/airflow_stream.py for tasks to queue
[2024-08-03T16:00:21.030+0000] {logging_mixin.py:188} INFO - [2024-08-03T16:00:21.030+0000] {dagbag.py:545} INFO - Filling up the DagBag from /opt/airflow/dags/airflow_stream.py
[2024-08-03T16:00:21.631+0000] {processor.py:840} INFO - DAG(s) 'send_stock_data' retrieved from /opt/airflow/dags/airflow_stream.py
[2024-08-03T16:00:21.667+0000] {logging_mixin.py:188} INFO - [2024-08-03T16:00:21.666+0000] {dag.py:3089} INFO - Sync 1 DAGs
[2024-08-03T16:00:21.700+0000] {logging_mixin.py:188} INFO - [2024-08-03T16:00:21.700+0000] {dag.py:3947} INFO - Setting next_dagrun for send_stock_data to 2024-08-02 05:00:00+00:00, run_after=2024-08-03 05:00:00+00:00
[2024-08-03T16:00:21.724+0000] {processor.py:183} INFO - Processing /opt/airflow/dags/airflow_stream.py took 0.699 seconds
[2024-08-03T16:00:52.266+0000] {processor.py:161} INFO - Started process (PID=291) to work on /opt/airflow/dags/airflow_stream.py
[2024-08-03T16:00:52.267+0000] {processor.py:830} INFO - Processing file /opt/airflow/dags/airflow_stream.py for tasks to queue
[2024-08-03T16:00:52.268+0000] {logging_mixin.py:188} INFO - [2024-08-03T16:00:52.268+0000] {dagbag.py:545} INFO - Filling up the DagBag from /opt/airflow/dags/airflow_stream.py
[2024-08-03T16:00:52.830+0000] {processor.py:840} INFO - DAG(s) 'send_stock_data' retrieved from /opt/airflow/dags/airflow_stream.py
[2024-08-03T16:00:52.855+0000] {logging_mixin.py:188} INFO - [2024-08-03T16:00:52.854+0000] {dag.py:3089} INFO - Sync 1 DAGs
[2024-08-03T16:00:52.876+0000] {logging_mixin.py:188} INFO - [2024-08-03T16:00:52.875+0000] {dag.py:3947} INFO - Setting next_dagrun for send_stock_data to 2024-08-02 05:00:00+00:00, run_after=2024-08-03 05:00:00+00:00
[2024-08-03T16:00:52.893+0000] {processor.py:183} INFO - Processing /opt/airflow/dags/airflow_stream.py took 0.632 seconds
[2024-08-03T16:01:23.524+0000] {processor.py:161} INFO - Started process (PID=302) to work on /opt/airflow/dags/airflow_stream.py
[2024-08-03T16:01:23.525+0000] {processor.py:830} INFO - Processing file /opt/airflow/dags/airflow_stream.py for tasks to queue
[2024-08-03T16:01:23.526+0000] {logging_mixin.py:188} INFO - [2024-08-03T16:01:23.526+0000] {dagbag.py:545} INFO - Filling up the DagBag from /opt/airflow/dags/airflow_stream.py
[2024-08-03T16:01:24.108+0000] {processor.py:840} INFO - DAG(s) 'send_stock_data' retrieved from /opt/airflow/dags/airflow_stream.py
[2024-08-03T16:01:24.133+0000] {logging_mixin.py:188} INFO - [2024-08-03T16:01:24.132+0000] {dag.py:3089} INFO - Sync 1 DAGs
[2024-08-03T16:01:24.149+0000] {logging_mixin.py:188} INFO - [2024-08-03T16:01:24.149+0000] {dag.py:3947} INFO - Setting next_dagrun for send_stock_data to 2024-08-02 05:00:00+00:00, run_after=2024-08-03 05:00:00+00:00
[2024-08-03T16:01:24.165+0000] {processor.py:183} INFO - Processing /opt/airflow/dags/airflow_stream.py took 0.647 seconds
[2024-08-03T16:01:54.775+0000] {processor.py:161} INFO - Started process (PID=313) to work on /opt/airflow/dags/airflow_stream.py
[2024-08-03T16:01:54.776+0000] {processor.py:830} INFO - Processing file /opt/airflow/dags/airflow_stream.py for tasks to queue
[2024-08-03T16:01:54.778+0000] {logging_mixin.py:188} INFO - [2024-08-03T16:01:54.778+0000] {dagbag.py:545} INFO - Filling up the DagBag from /opt/airflow/dags/airflow_stream.py
[2024-08-03T16:01:55.425+0000] {processor.py:840} INFO - DAG(s) 'send_stock_data' retrieved from /opt/airflow/dags/airflow_stream.py
[2024-08-03T16:01:55.450+0000] {logging_mixin.py:188} INFO - [2024-08-03T16:01:55.450+0000] {dag.py:3089} INFO - Sync 1 DAGs
[2024-08-03T16:01:55.471+0000] {logging_mixin.py:188} INFO - [2024-08-03T16:01:55.470+0000] {dag.py:3947} INFO - Setting next_dagrun for send_stock_data to 2024-08-02 05:00:00+00:00, run_after=2024-08-03 05:00:00+00:00
[2024-08-03T16:01:55.494+0000] {processor.py:183} INFO - Processing /opt/airflow/dags/airflow_stream.py took 0.724 seconds
[2024-08-03T16:02:26.025+0000] {processor.py:161} INFO - Started process (PID=324) to work on /opt/airflow/dags/airflow_stream.py
[2024-08-03T16:02:26.026+0000] {processor.py:830} INFO - Processing file /opt/airflow/dags/airflow_stream.py for tasks to queue
[2024-08-03T16:02:26.028+0000] {logging_mixin.py:188} INFO - [2024-08-03T16:02:26.028+0000] {dagbag.py:545} INFO - Filling up the DagBag from /opt/airflow/dags/airflow_stream.py
[2024-08-03T16:02:26.600+0000] {processor.py:840} INFO - DAG(s) 'send_stock_data' retrieved from /opt/airflow/dags/airflow_stream.py
[2024-08-03T16:02:26.622+0000] {logging_mixin.py:188} INFO - [2024-08-03T16:02:26.622+0000] {dag.py:3089} INFO - Sync 1 DAGs
[2024-08-03T16:02:26.640+0000] {logging_mixin.py:188} INFO - [2024-08-03T16:02:26.640+0000] {dag.py:3947} INFO - Setting next_dagrun for send_stock_data to 2024-08-02 05:00:00+00:00, run_after=2024-08-03 05:00:00+00:00
[2024-08-03T16:02:26.658+0000] {processor.py:183} INFO - Processing /opt/airflow/dags/airflow_stream.py took 0.637 seconds
[2024-08-03T16:02:57.250+0000] {processor.py:161} INFO - Started process (PID=335) to work on /opt/airflow/dags/airflow_stream.py
[2024-08-03T16:02:57.251+0000] {processor.py:830} INFO - Processing file /opt/airflow/dags/airflow_stream.py for tasks to queue
[2024-08-03T16:02:57.252+0000] {logging_mixin.py:188} INFO - [2024-08-03T16:02:57.252+0000] {dagbag.py:545} INFO - Filling up the DagBag from /opt/airflow/dags/airflow_stream.py
[2024-08-03T16:02:57.852+0000] {processor.py:840} INFO - DAG(s) 'send_stock_data' retrieved from /opt/airflow/dags/airflow_stream.py
[2024-08-03T16:02:57.880+0000] {logging_mixin.py:188} INFO - [2024-08-03T16:02:57.879+0000] {dag.py:3089} INFO - Sync 1 DAGs
[2024-08-03T16:02:57.903+0000] {logging_mixin.py:188} INFO - [2024-08-03T16:02:57.903+0000] {dag.py:3947} INFO - Setting next_dagrun for send_stock_data to 2024-08-02 05:00:00+00:00, run_after=2024-08-03 05:00:00+00:00
[2024-08-03T16:02:57.924+0000] {processor.py:183} INFO - Processing /opt/airflow/dags/airflow_stream.py took 0.679 seconds
[2024-08-03T16:03:28.490+0000] {processor.py:161} INFO - Started process (PID=346) to work on /opt/airflow/dags/airflow_stream.py
[2024-08-03T16:03:28.491+0000] {processor.py:830} INFO - Processing file /opt/airflow/dags/airflow_stream.py for tasks to queue
[2024-08-03T16:03:28.493+0000] {logging_mixin.py:188} INFO - [2024-08-03T16:03:28.493+0000] {dagbag.py:545} INFO - Filling up the DagBag from /opt/airflow/dags/airflow_stream.py
[2024-08-03T16:03:29.046+0000] {processor.py:840} INFO - DAG(s) 'send_stock_data' retrieved from /opt/airflow/dags/airflow_stream.py
[2024-08-03T16:03:29.070+0000] {logging_mixin.py:188} INFO - [2024-08-03T16:03:29.069+0000] {dag.py:3089} INFO - Sync 1 DAGs
[2024-08-03T16:03:29.089+0000] {logging_mixin.py:188} INFO - [2024-08-03T16:03:29.088+0000] {dag.py:3947} INFO - Setting next_dagrun for send_stock_data to 2024-08-02 05:00:00+00:00, run_after=2024-08-03 05:00:00+00:00
[2024-08-03T16:03:29.104+0000] {processor.py:183} INFO - Processing /opt/airflow/dags/airflow_stream.py took 0.619 seconds
[2024-08-03T16:03:59.721+0000] {processor.py:161} INFO - Started process (PID=357) to work on /opt/airflow/dags/airflow_stream.py
[2024-08-03T16:03:59.721+0000] {processor.py:830} INFO - Processing file /opt/airflow/dags/airflow_stream.py for tasks to queue
[2024-08-03T16:03:59.722+0000] {logging_mixin.py:188} INFO - [2024-08-03T16:03:59.722+0000] {dagbag.py:545} INFO - Filling up the DagBag from /opt/airflow/dags/airflow_stream.py
[2024-08-03T16:04:00.241+0000] {processor.py:840} INFO - DAG(s) 'send_stock_data' retrieved from /opt/airflow/dags/airflow_stream.py
[2024-08-03T16:04:00.265+0000] {logging_mixin.py:188} INFO - [2024-08-03T16:04:00.264+0000] {dag.py:3089} INFO - Sync 1 DAGs
[2024-08-03T16:04:00.285+0000] {logging_mixin.py:188} INFO - [2024-08-03T16:04:00.284+0000] {dag.py:3947} INFO - Setting next_dagrun for send_stock_data to 2024-08-02 05:00:00+00:00, run_after=2024-08-03 05:00:00+00:00
[2024-08-03T16:04:00.300+0000] {processor.py:183} INFO - Processing /opt/airflow/dags/airflow_stream.py took 0.583 seconds
[2024-08-03T16:04:30.944+0000] {processor.py:161} INFO - Started process (PID=368) to work on /opt/airflow/dags/airflow_stream.py
[2024-08-03T16:04:30.945+0000] {processor.py:830} INFO - Processing file /opt/airflow/dags/airflow_stream.py for tasks to queue
[2024-08-03T16:04:30.946+0000] {logging_mixin.py:188} INFO - [2024-08-03T16:04:30.946+0000] {dagbag.py:545} INFO - Filling up the DagBag from /opt/airflow/dags/airflow_stream.py
[2024-08-03T16:04:31.481+0000] {processor.py:840} INFO - DAG(s) 'send_stock_data' retrieved from /opt/airflow/dags/airflow_stream.py
[2024-08-03T16:04:31.503+0000] {logging_mixin.py:188} INFO - [2024-08-03T16:04:31.503+0000] {dag.py:3089} INFO - Sync 1 DAGs
[2024-08-03T16:04:31.521+0000] {logging_mixin.py:188} INFO - [2024-08-03T16:04:31.521+0000] {dag.py:3947} INFO - Setting next_dagrun for send_stock_data to 2024-08-02 05:00:00+00:00, run_after=2024-08-03 05:00:00+00:00
[2024-08-03T16:04:31.538+0000] {processor.py:183} INFO - Processing /opt/airflow/dags/airflow_stream.py took 0.599 seconds
[2024-08-03T16:05:02.185+0000] {processor.py:161} INFO - Started process (PID=379) to work on /opt/airflow/dags/airflow_stream.py
[2024-08-03T16:05:02.186+0000] {processor.py:830} INFO - Processing file /opt/airflow/dags/airflow_stream.py for tasks to queue
[2024-08-03T16:05:02.187+0000] {logging_mixin.py:188} INFO - [2024-08-03T16:05:02.187+0000] {dagbag.py:545} INFO - Filling up the DagBag from /opt/airflow/dags/airflow_stream.py
[2024-08-03T16:05:02.778+0000] {processor.py:840} INFO - DAG(s) 'send_stock_data' retrieved from /opt/airflow/dags/airflow_stream.py
[2024-08-03T16:05:02.802+0000] {logging_mixin.py:188} INFO - [2024-08-03T16:05:02.802+0000] {dag.py:3089} INFO - Sync 1 DAGs
[2024-08-03T16:05:02.823+0000] {logging_mixin.py:188} INFO - [2024-08-03T16:05:02.823+0000] {dag.py:3947} INFO - Setting next_dagrun for send_stock_data to 2024-08-02 05:00:00+00:00, run_after=2024-08-03 05:00:00+00:00
[2024-08-03T16:05:02.840+0000] {processor.py:183} INFO - Processing /opt/airflow/dags/airflow_stream.py took 0.660 seconds
[2024-08-03T16:05:33.418+0000] {processor.py:161} INFO - Started process (PID=390) to work on /opt/airflow/dags/airflow_stream.py
[2024-08-03T16:05:33.419+0000] {processor.py:830} INFO - Processing file /opt/airflow/dags/airflow_stream.py for tasks to queue
[2024-08-03T16:05:33.420+0000] {logging_mixin.py:188} INFO - [2024-08-03T16:05:33.420+0000] {dagbag.py:545} INFO - Filling up the DagBag from /opt/airflow/dags/airflow_stream.py
[2024-08-03T16:05:34.040+0000] {processor.py:840} INFO - DAG(s) 'send_stock_data' retrieved from /opt/airflow/dags/airflow_stream.py
[2024-08-03T16:05:34.074+0000] {logging_mixin.py:188} INFO - [2024-08-03T16:05:34.073+0000] {dag.py:3089} INFO - Sync 1 DAGs
[2024-08-03T16:05:34.112+0000] {logging_mixin.py:188} INFO - [2024-08-03T16:05:34.111+0000] {dag.py:3947} INFO - Setting next_dagrun for send_stock_data to 2024-08-02 05:00:00+00:00, run_after=2024-08-03 05:00:00+00:00
[2024-08-03T16:05:34.141+0000] {processor.py:183} INFO - Processing /opt/airflow/dags/airflow_stream.py took 0.728 seconds
[2024-08-03T16:06:04.661+0000] {processor.py:161} INFO - Started process (PID=401) to work on /opt/airflow/dags/airflow_stream.py
[2024-08-03T16:06:04.661+0000] {processor.py:830} INFO - Processing file /opt/airflow/dags/airflow_stream.py for tasks to queue
[2024-08-03T16:06:04.663+0000] {logging_mixin.py:188} INFO - [2024-08-03T16:06:04.662+0000] {dagbag.py:545} INFO - Filling up the DagBag from /opt/airflow/dags/airflow_stream.py
[2024-08-03T16:06:05.241+0000] {processor.py:840} INFO - DAG(s) 'send_stock_data' retrieved from /opt/airflow/dags/airflow_stream.py
[2024-08-03T16:06:05.264+0000] {logging_mixin.py:188} INFO - [2024-08-03T16:06:05.263+0000] {dag.py:3089} INFO - Sync 1 DAGs
[2024-08-03T16:06:05.283+0000] {logging_mixin.py:188} INFO - [2024-08-03T16:06:05.282+0000] {dag.py:3947} INFO - Setting next_dagrun for send_stock_data to 2024-08-02 05:00:00+00:00, run_after=2024-08-03 05:00:00+00:00
[2024-08-03T16:06:05.299+0000] {processor.py:183} INFO - Processing /opt/airflow/dags/airflow_stream.py took 0.642 seconds
[2024-08-03T16:06:35.890+0000] {processor.py:161} INFO - Started process (PID=412) to work on /opt/airflow/dags/airflow_stream.py
[2024-08-03T16:06:35.891+0000] {processor.py:830} INFO - Processing file /opt/airflow/dags/airflow_stream.py for tasks to queue
[2024-08-03T16:06:35.893+0000] {logging_mixin.py:188} INFO - [2024-08-03T16:06:35.893+0000] {dagbag.py:545} INFO - Filling up the DagBag from /opt/airflow/dags/airflow_stream.py
[2024-08-03T16:06:36.442+0000] {processor.py:840} INFO - DAG(s) 'send_stock_data' retrieved from /opt/airflow/dags/airflow_stream.py
[2024-08-03T16:06:36.467+0000] {logging_mixin.py:188} INFO - [2024-08-03T16:06:36.466+0000] {dag.py:3089} INFO - Sync 1 DAGs
[2024-08-03T16:06:36.490+0000] {logging_mixin.py:188} INFO - [2024-08-03T16:06:36.490+0000] {dag.py:3947} INFO - Setting next_dagrun for send_stock_data to 2024-08-02 05:00:00+00:00, run_after=2024-08-03 05:00:00+00:00
[2024-08-03T16:06:36.508+0000] {processor.py:183} INFO - Processing /opt/airflow/dags/airflow_stream.py took 0.622 seconds
[2024-08-03T16:07:07.110+0000] {processor.py:161} INFO - Started process (PID=423) to work on /opt/airflow/dags/airflow_stream.py
[2024-08-03T16:07:07.111+0000] {processor.py:830} INFO - Processing file /opt/airflow/dags/airflow_stream.py for tasks to queue
[2024-08-03T16:07:07.112+0000] {logging_mixin.py:188} INFO - [2024-08-03T16:07:07.112+0000] {dagbag.py:545} INFO - Filling up the DagBag from /opt/airflow/dags/airflow_stream.py
[2024-08-03T16:07:07.648+0000] {processor.py:840} INFO - DAG(s) 'send_stock_data' retrieved from /opt/airflow/dags/airflow_stream.py
[2024-08-03T16:07:07.673+0000] {logging_mixin.py:188} INFO - [2024-08-03T16:07:07.672+0000] {dag.py:3089} INFO - Sync 1 DAGs
[2024-08-03T16:07:07.692+0000] {logging_mixin.py:188} INFO - [2024-08-03T16:07:07.692+0000] {dag.py:3947} INFO - Setting next_dagrun for send_stock_data to 2024-08-02 05:00:00+00:00, run_after=2024-08-03 05:00:00+00:00
[2024-08-03T16:07:07.708+0000] {processor.py:183} INFO - Processing /opt/airflow/dags/airflow_stream.py took 0.603 seconds
[2024-08-03T16:07:38.338+0000] {processor.py:161} INFO - Started process (PID=434) to work on /opt/airflow/dags/airflow_stream.py
[2024-08-03T16:07:38.339+0000] {processor.py:830} INFO - Processing file /opt/airflow/dags/airflow_stream.py for tasks to queue
[2024-08-03T16:07:38.340+0000] {logging_mixin.py:188} INFO - [2024-08-03T16:07:38.340+0000] {dagbag.py:545} INFO - Filling up the DagBag from /opt/airflow/dags/airflow_stream.py
[2024-08-03T16:07:38.883+0000] {processor.py:840} INFO - DAG(s) 'send_stock_data' retrieved from /opt/airflow/dags/airflow_stream.py
[2024-08-03T16:07:38.907+0000] {logging_mixin.py:188} INFO - [2024-08-03T16:07:38.907+0000] {dag.py:3089} INFO - Sync 1 DAGs
[2024-08-03T16:07:38.927+0000] {logging_mixin.py:188} INFO - [2024-08-03T16:07:38.927+0000] {dag.py:3947} INFO - Setting next_dagrun for send_stock_data to 2024-08-02 05:00:00+00:00, run_after=2024-08-03 05:00:00+00:00
[2024-08-03T16:07:38.943+0000] {processor.py:183} INFO - Processing /opt/airflow/dags/airflow_stream.py took 0.611 seconds
[2024-08-03T16:08:09.594+0000] {processor.py:161} INFO - Started process (PID=445) to work on /opt/airflow/dags/airflow_stream.py
[2024-08-03T16:08:09.595+0000] {processor.py:830} INFO - Processing file /opt/airflow/dags/airflow_stream.py for tasks to queue
[2024-08-03T16:08:09.599+0000] {logging_mixin.py:188} INFO - [2024-08-03T16:08:09.598+0000] {dagbag.py:545} INFO - Filling up the DagBag from /opt/airflow/dags/airflow_stream.py
[2024-08-03T16:08:10.163+0000] {processor.py:840} INFO - DAG(s) 'send_stock_data' retrieved from /opt/airflow/dags/airflow_stream.py
[2024-08-03T16:08:10.188+0000] {logging_mixin.py:188} INFO - [2024-08-03T16:08:10.188+0000] {dag.py:3089} INFO - Sync 1 DAGs
[2024-08-03T16:08:10.213+0000] {logging_mixin.py:188} INFO - [2024-08-03T16:08:10.212+0000] {dag.py:3947} INFO - Setting next_dagrun for send_stock_data to 2024-08-02 05:00:00+00:00, run_after=2024-08-03 05:00:00+00:00
[2024-08-03T16:08:10.232+0000] {processor.py:183} INFO - Processing /opt/airflow/dags/airflow_stream.py took 0.646 seconds
[2024-08-03T16:08:40.828+0000] {processor.py:161} INFO - Started process (PID=456) to work on /opt/airflow/dags/airflow_stream.py
[2024-08-03T16:08:40.829+0000] {processor.py:830} INFO - Processing file /opt/airflow/dags/airflow_stream.py for tasks to queue
[2024-08-03T16:08:40.830+0000] {logging_mixin.py:188} INFO - [2024-08-03T16:08:40.830+0000] {dagbag.py:545} INFO - Filling up the DagBag from /opt/airflow/dags/airflow_stream.py
[2024-08-03T16:08:41.406+0000] {processor.py:840} INFO - DAG(s) 'send_stock_data' retrieved from /opt/airflow/dags/airflow_stream.py
[2024-08-03T16:08:41.430+0000] {logging_mixin.py:188} INFO - [2024-08-03T16:08:41.430+0000] {dag.py:3089} INFO - Sync 1 DAGs
[2024-08-03T16:08:41.451+0000] {logging_mixin.py:188} INFO - [2024-08-03T16:08:41.451+0000] {dag.py:3947} INFO - Setting next_dagrun for send_stock_data to 2024-08-02 05:00:00+00:00, run_after=2024-08-03 05:00:00+00:00
[2024-08-03T16:08:41.469+0000] {processor.py:183} INFO - Processing /opt/airflow/dags/airflow_stream.py took 0.645 seconds
[2024-08-03T16:09:12.082+0000] {processor.py:161} INFO - Started process (PID=467) to work on /opt/airflow/dags/airflow_stream.py
[2024-08-03T16:09:12.083+0000] {processor.py:830} INFO - Processing file /opt/airflow/dags/airflow_stream.py for tasks to queue
[2024-08-03T16:09:12.084+0000] {logging_mixin.py:188} INFO - [2024-08-03T16:09:12.084+0000] {dagbag.py:545} INFO - Filling up the DagBag from /opt/airflow/dags/airflow_stream.py
[2024-08-03T16:09:12.646+0000] {processor.py:840} INFO - DAG(s) 'send_stock_data' retrieved from /opt/airflow/dags/airflow_stream.py
[2024-08-03T16:09:12.669+0000] {logging_mixin.py:188} INFO - [2024-08-03T16:09:12.669+0000] {dag.py:3089} INFO - Sync 1 DAGs
[2024-08-03T16:09:12.689+0000] {logging_mixin.py:188} INFO - [2024-08-03T16:09:12.689+0000] {dag.py:3947} INFO - Setting next_dagrun for send_stock_data to 2024-08-02 05:00:00+00:00, run_after=2024-08-03 05:00:00+00:00
[2024-08-03T16:09:12.707+0000] {processor.py:183} INFO - Processing /opt/airflow/dags/airflow_stream.py took 0.629 seconds
[2024-08-03T16:09:43.330+0000] {processor.py:161} INFO - Started process (PID=478) to work on /opt/airflow/dags/airflow_stream.py
[2024-08-03T16:09:43.331+0000] {processor.py:830} INFO - Processing file /opt/airflow/dags/airflow_stream.py for tasks to queue
[2024-08-03T16:09:43.333+0000] {logging_mixin.py:188} INFO - [2024-08-03T16:09:43.332+0000] {dagbag.py:545} INFO - Filling up the DagBag from /opt/airflow/dags/airflow_stream.py
[2024-08-03T16:09:43.964+0000] {processor.py:840} INFO - DAG(s) 'send_stock_data' retrieved from /opt/airflow/dags/airflow_stream.py
[2024-08-03T16:09:43.988+0000] {logging_mixin.py:188} INFO - [2024-08-03T16:09:43.987+0000] {dag.py:3089} INFO - Sync 1 DAGs
[2024-08-03T16:09:44.008+0000] {logging_mixin.py:188} INFO - [2024-08-03T16:09:44.007+0000] {dag.py:3947} INFO - Setting next_dagrun for send_stock_data to 2024-08-02 05:00:00+00:00, run_after=2024-08-03 05:00:00+00:00
[2024-08-03T16:09:44.025+0000] {processor.py:183} INFO - Processing /opt/airflow/dags/airflow_stream.py took 0.701 seconds
[2024-08-03T16:10:14.577+0000] {processor.py:161} INFO - Started process (PID=489) to work on /opt/airflow/dags/airflow_stream.py
[2024-08-03T16:10:14.578+0000] {processor.py:830} INFO - Processing file /opt/airflow/dags/airflow_stream.py for tasks to queue
[2024-08-03T16:10:14.579+0000] {logging_mixin.py:188} INFO - [2024-08-03T16:10:14.579+0000] {dagbag.py:545} INFO - Filling up the DagBag from /opt/airflow/dags/airflow_stream.py
[2024-08-03T16:10:15.165+0000] {processor.py:840} INFO - DAG(s) 'send_stock_data' retrieved from /opt/airflow/dags/airflow_stream.py
[2024-08-03T16:10:15.190+0000] {logging_mixin.py:188} INFO - [2024-08-03T16:10:15.189+0000] {dag.py:3089} INFO - Sync 1 DAGs
[2024-08-03T16:10:15.210+0000] {logging_mixin.py:188} INFO - [2024-08-03T16:10:15.210+0000] {dag.py:3947} INFO - Setting next_dagrun for send_stock_data to 2024-08-02 05:00:00+00:00, run_after=2024-08-03 05:00:00+00:00
[2024-08-03T16:10:15.228+0000] {processor.py:183} INFO - Processing /opt/airflow/dags/airflow_stream.py took 0.656 seconds
[2024-08-03T16:10:45.835+0000] {processor.py:161} INFO - Started process (PID=500) to work on /opt/airflow/dags/airflow_stream.py
[2024-08-03T16:10:45.835+0000] {processor.py:830} INFO - Processing file /opt/airflow/dags/airflow_stream.py for tasks to queue
[2024-08-03T16:10:45.837+0000] {logging_mixin.py:188} INFO - [2024-08-03T16:10:45.837+0000] {dagbag.py:545} INFO - Filling up the DagBag from /opt/airflow/dags/airflow_stream.py
[2024-08-03T16:10:46.366+0000] {processor.py:840} INFO - DAG(s) 'send_stock_data' retrieved from /opt/airflow/dags/airflow_stream.py
[2024-08-03T16:10:46.387+0000] {logging_mixin.py:188} INFO - [2024-08-03T16:10:46.386+0000] {dag.py:3089} INFO - Sync 1 DAGs
[2024-08-03T16:10:46.405+0000] {logging_mixin.py:188} INFO - [2024-08-03T16:10:46.405+0000] {dag.py:3947} INFO - Setting next_dagrun for send_stock_data to 2024-08-02 05:00:00+00:00, run_after=2024-08-03 05:00:00+00:00
[2024-08-03T16:10:46.419+0000] {processor.py:183} INFO - Processing /opt/airflow/dags/airflow_stream.py took 0.589 seconds
[2024-08-03T16:11:17.077+0000] {processor.py:161} INFO - Started process (PID=511) to work on /opt/airflow/dags/airflow_stream.py
[2024-08-03T16:11:17.078+0000] {processor.py:830} INFO - Processing file /opt/airflow/dags/airflow_stream.py for tasks to queue
[2024-08-03T16:11:17.079+0000] {logging_mixin.py:188} INFO - [2024-08-03T16:11:17.079+0000] {dagbag.py:545} INFO - Filling up the DagBag from /opt/airflow/dags/airflow_stream.py
[2024-08-03T16:11:17.599+0000] {processor.py:840} INFO - DAG(s) 'send_stock_data' retrieved from /opt/airflow/dags/airflow_stream.py
[2024-08-03T16:11:17.624+0000] {logging_mixin.py:188} INFO - [2024-08-03T16:11:17.623+0000] {dag.py:3089} INFO - Sync 1 DAGs
[2024-08-03T16:11:17.642+0000] {logging_mixin.py:188} INFO - [2024-08-03T16:11:17.642+0000] {dag.py:3947} INFO - Setting next_dagrun for send_stock_data to 2024-08-02 05:00:00+00:00, run_after=2024-08-03 05:00:00+00:00
[2024-08-03T16:11:17.658+0000] {processor.py:183} INFO - Processing /opt/airflow/dags/airflow_stream.py took 0.584 seconds
[2024-08-03T16:11:48.324+0000] {processor.py:161} INFO - Started process (PID=522) to work on /opt/airflow/dags/airflow_stream.py
[2024-08-03T16:11:48.325+0000] {processor.py:830} INFO - Processing file /opt/airflow/dags/airflow_stream.py for tasks to queue
[2024-08-03T16:11:48.326+0000] {logging_mixin.py:188} INFO - [2024-08-03T16:11:48.326+0000] {dagbag.py:545} INFO - Filling up the DagBag from /opt/airflow/dags/airflow_stream.py
[2024-08-03T16:11:48.860+0000] {processor.py:840} INFO - DAG(s) 'send_stock_data' retrieved from /opt/airflow/dags/airflow_stream.py
[2024-08-03T16:11:48.884+0000] {logging_mixin.py:188} INFO - [2024-08-03T16:11:48.884+0000] {dag.py:3089} INFO - Sync 1 DAGs
[2024-08-03T16:11:48.905+0000] {logging_mixin.py:188} INFO - [2024-08-03T16:11:48.905+0000] {dag.py:3947} INFO - Setting next_dagrun for send_stock_data to 2024-08-02 05:00:00+00:00, run_after=2024-08-03 05:00:00+00:00
[2024-08-03T16:11:48.923+0000] {processor.py:183} INFO - Processing /opt/airflow/dags/airflow_stream.py took 0.603 seconds
[2024-08-03T16:12:19.592+0000] {processor.py:161} INFO - Started process (PID=533) to work on /opt/airflow/dags/airflow_stream.py
[2024-08-03T16:12:19.592+0000] {processor.py:830} INFO - Processing file /opt/airflow/dags/airflow_stream.py for tasks to queue
[2024-08-03T16:12:19.593+0000] {logging_mixin.py:188} INFO - [2024-08-03T16:12:19.593+0000] {dagbag.py:545} INFO - Filling up the DagBag from /opt/airflow/dags/airflow_stream.py
[2024-08-03T16:12:20.125+0000] {processor.py:840} INFO - DAG(s) 'send_stock_data' retrieved from /opt/airflow/dags/airflow_stream.py
[2024-08-03T16:12:20.148+0000] {logging_mixin.py:188} INFO - [2024-08-03T16:12:20.148+0000] {dag.py:3089} INFO - Sync 1 DAGs
[2024-08-03T16:12:20.166+0000] {logging_mixin.py:188} INFO - [2024-08-03T16:12:20.166+0000] {dag.py:3947} INFO - Setting next_dagrun for send_stock_data to 2024-08-02 05:00:00+00:00, run_after=2024-08-03 05:00:00+00:00
[2024-08-03T16:12:20.183+0000] {processor.py:183} INFO - Processing /opt/airflow/dags/airflow_stream.py took 0.595 seconds
[2024-08-03T16:12:50.797+0000] {processor.py:161} INFO - Started process (PID=544) to work on /opt/airflow/dags/airflow_stream.py
[2024-08-03T16:12:50.798+0000] {processor.py:830} INFO - Processing file /opt/airflow/dags/airflow_stream.py for tasks to queue
[2024-08-03T16:12:50.799+0000] {logging_mixin.py:188} INFO - [2024-08-03T16:12:50.799+0000] {dagbag.py:545} INFO - Filling up the DagBag from /opt/airflow/dags/airflow_stream.py
[2024-08-03T16:12:51.352+0000] {processor.py:840} INFO - DAG(s) 'send_stock_data' retrieved from /opt/airflow/dags/airflow_stream.py
[2024-08-03T16:12:51.373+0000] {logging_mixin.py:188} INFO - [2024-08-03T16:12:51.373+0000] {dag.py:3089} INFO - Sync 1 DAGs
[2024-08-03T16:12:51.392+0000] {logging_mixin.py:188} INFO - [2024-08-03T16:12:51.392+0000] {dag.py:3947} INFO - Setting next_dagrun for send_stock_data to 2024-08-02 05:00:00+00:00, run_after=2024-08-03 05:00:00+00:00
[2024-08-03T16:12:51.410+0000] {processor.py:183} INFO - Processing /opt/airflow/dags/airflow_stream.py took 0.617 seconds
[2024-08-03T16:13:22.066+0000] {processor.py:161} INFO - Started process (PID=560) to work on /opt/airflow/dags/airflow_stream.py
[2024-08-03T16:13:22.067+0000] {processor.py:830} INFO - Processing file /opt/airflow/dags/airflow_stream.py for tasks to queue
[2024-08-03T16:13:22.068+0000] {logging_mixin.py:188} INFO - [2024-08-03T16:13:22.068+0000] {dagbag.py:545} INFO - Filling up the DagBag from /opt/airflow/dags/airflow_stream.py
[2024-08-03T16:13:22.594+0000] {processor.py:840} INFO - DAG(s) 'send_stock_data' retrieved from /opt/airflow/dags/airflow_stream.py
[2024-08-03T16:13:22.618+0000] {logging_mixin.py:188} INFO - [2024-08-03T16:13:22.617+0000] {dag.py:3089} INFO - Sync 1 DAGs
[2024-08-03T16:13:22.635+0000] {logging_mixin.py:188} INFO - [2024-08-03T16:13:22.635+0000] {dag.py:3947} INFO - Setting next_dagrun for send_stock_data to 2024-08-02 05:00:00+00:00, run_after=2024-08-03 05:00:00+00:00
[2024-08-03T16:13:22.650+0000] {processor.py:183} INFO - Processing /opt/airflow/dags/airflow_stream.py took 0.588 seconds
[2024-08-03T16:13:53.304+0000] {processor.py:161} INFO - Started process (PID=571) to work on /opt/airflow/dags/airflow_stream.py
[2024-08-03T16:13:53.305+0000] {processor.py:830} INFO - Processing file /opt/airflow/dags/airflow_stream.py for tasks to queue
[2024-08-03T16:13:53.306+0000] {logging_mixin.py:188} INFO - [2024-08-03T16:13:53.306+0000] {dagbag.py:545} INFO - Filling up the DagBag from /opt/airflow/dags/airflow_stream.py
[2024-08-03T16:13:53.804+0000] {processor.py:840} INFO - DAG(s) 'send_stock_data' retrieved from /opt/airflow/dags/airflow_stream.py
[2024-08-03T16:13:53.827+0000] {logging_mixin.py:188} INFO - [2024-08-03T16:13:53.826+0000] {dag.py:3089} INFO - Sync 1 DAGs
[2024-08-03T16:13:53.845+0000] {logging_mixin.py:188} INFO - [2024-08-03T16:13:53.845+0000] {dag.py:3947} INFO - Setting next_dagrun for send_stock_data to 2024-08-02 05:00:00+00:00, run_after=2024-08-03 05:00:00+00:00
[2024-08-03T16:13:53.862+0000] {processor.py:183} INFO - Processing /opt/airflow/dags/airflow_stream.py took 0.562 seconds
[2024-08-03T16:14:24.544+0000] {processor.py:161} INFO - Started process (PID=582) to work on /opt/airflow/dags/airflow_stream.py
[2024-08-03T16:14:24.545+0000] {processor.py:830} INFO - Processing file /opt/airflow/dags/airflow_stream.py for tasks to queue
[2024-08-03T16:14:24.546+0000] {logging_mixin.py:188} INFO - [2024-08-03T16:14:24.546+0000] {dagbag.py:545} INFO - Filling up the DagBag from /opt/airflow/dags/airflow_stream.py
[2024-08-03T16:14:25.048+0000] {processor.py:840} INFO - DAG(s) 'send_stock_data' retrieved from /opt/airflow/dags/airflow_stream.py
[2024-08-03T16:14:25.069+0000] {logging_mixin.py:188} INFO - [2024-08-03T16:14:25.068+0000] {dag.py:3089} INFO - Sync 1 DAGs
[2024-08-03T16:14:25.088+0000] {logging_mixin.py:188} INFO - [2024-08-03T16:14:25.088+0000] {dag.py:3947} INFO - Setting next_dagrun for send_stock_data to 2024-08-02 05:00:00+00:00, run_after=2024-08-03 05:00:00+00:00
[2024-08-03T16:14:25.103+0000] {processor.py:183} INFO - Processing /opt/airflow/dags/airflow_stream.py took 0.563 seconds
[2024-08-03T16:14:55.800+0000] {processor.py:161} INFO - Started process (PID=593) to work on /opt/airflow/dags/airflow_stream.py
[2024-08-03T16:14:55.800+0000] {processor.py:830} INFO - Processing file /opt/airflow/dags/airflow_stream.py for tasks to queue
[2024-08-03T16:14:55.802+0000] {logging_mixin.py:188} INFO - [2024-08-03T16:14:55.802+0000] {dagbag.py:545} INFO - Filling up the DagBag from /opt/airflow/dags/airflow_stream.py
[2024-08-03T16:14:56.334+0000] {processor.py:840} INFO - DAG(s) 'send_stock_data' retrieved from /opt/airflow/dags/airflow_stream.py
[2024-08-03T16:14:56.358+0000] {logging_mixin.py:188} INFO - [2024-08-03T16:14:56.358+0000] {dag.py:3089} INFO - Sync 1 DAGs
[2024-08-03T16:14:56.377+0000] {logging_mixin.py:188} INFO - [2024-08-03T16:14:56.377+0000] {dag.py:3947} INFO - Setting next_dagrun for send_stock_data to 2024-08-02 05:00:00+00:00, run_after=2024-08-03 05:00:00+00:00
[2024-08-03T16:14:56.392+0000] {processor.py:183} INFO - Processing /opt/airflow/dags/airflow_stream.py took 0.597 seconds
[2024-08-03T16:15:27.071+0000] {processor.py:161} INFO - Started process (PID=604) to work on /opt/airflow/dags/airflow_stream.py
[2024-08-03T16:15:27.072+0000] {processor.py:830} INFO - Processing file /opt/airflow/dags/airflow_stream.py for tasks to queue
[2024-08-03T16:15:27.074+0000] {logging_mixin.py:188} INFO - [2024-08-03T16:15:27.073+0000] {dagbag.py:545} INFO - Filling up the DagBag from /opt/airflow/dags/airflow_stream.py
[2024-08-03T16:15:27.784+0000] {processor.py:840} INFO - DAG(s) 'send_stock_data' retrieved from /opt/airflow/dags/airflow_stream.py
[2024-08-03T16:15:27.823+0000] {logging_mixin.py:188} INFO - [2024-08-03T16:15:27.823+0000] {dag.py:3089} INFO - Sync 1 DAGs
[2024-08-03T16:15:27.865+0000] {logging_mixin.py:188} INFO - [2024-08-03T16:15:27.864+0000] {dag.py:3947} INFO - Setting next_dagrun for send_stock_data to 2024-08-02 05:00:00+00:00, run_after=2024-08-03 05:00:00+00:00
[2024-08-03T16:15:27.901+0000] {processor.py:183} INFO - Processing /opt/airflow/dags/airflow_stream.py took 0.834 seconds
