[2024-08-07T04:30:45.424+0000] {local_task_job_runner.py:120} INFO - ::group::Pre task execution logs
[2024-08-07T04:30:45.470+0000] {taskinstance.py:2076} INFO - Dependencies all met for dep_context=non-requeueable deps ti=<TaskInstance: INTC_streaming_data.get_data scheduled__2024-07-15T00:00:00+00:00 [queued]>
[2024-08-07T04:30:45.481+0000] {taskinstance.py:2076} INFO - Dependencies all met for dep_context=requeueable deps ti=<TaskInstance: INTC_streaming_data.get_data scheduled__2024-07-15T00:00:00+00:00 [queued]>
[2024-08-07T04:30:45.482+0000] {taskinstance.py:2306} INFO - Starting attempt 1 of 2
[2024-08-07T04:30:45.505+0000] {taskinstance.py:2330} INFO - Executing <Task(PythonOperator): get_data> on 2024-07-15 00:00:00+00:00
[2024-08-07T04:30:45.516+0000] {logging_mixin.py:188} WARNING - /home/***/.local/lib/python3.12/site-packages/***/task/task_runner/standard_task_runner.py:62 DeprecationWarning: This process (pid=1087) is multi-threaded, use of fork() may lead to deadlocks in the child.
[2024-08-07T04:30:45.517+0000] {standard_task_runner.py:64} INFO - Started process 1089 to run task
[2024-08-07T04:30:45.516+0000] {standard_task_runner.py:90} INFO - Running: ['***', 'tasks', 'run', 'INTC_streaming_data', 'get_data', 'scheduled__2024-07-15T00:00:00+00:00', '--job-id', '99', '--raw', '--subdir', 'DAGS_FOLDER/***_stream.py', '--cfg-path', '/tmp/tmpx6yvw7i8']
[2024-08-07T04:30:45.518+0000] {standard_task_runner.py:91} INFO - Job 99: Subtask get_data
[2024-08-07T04:30:45.540+0000] {logging_mixin.py:188} WARNING - /home/***/.local/lib/python3.12/site-packages/***/settings.py:195 DeprecationWarning: The sql_alchemy_conn option in [core] has been moved to the sql_alchemy_conn option in [database] - the old setting has been used, but please update your config.
[2024-08-07T04:30:45.592+0000] {task_command.py:426} INFO - Running <TaskInstance: INTC_streaming_data.get_data scheduled__2024-07-15T00:00:00+00:00 [running]> on host 8b57410c2c11
[2024-08-07T04:30:45.723+0000] {taskinstance.py:2648} INFO - Exporting env vars: AIRFLOW_CTX_DAG_OWNER='***' AIRFLOW_CTX_DAG_ID='INTC_streaming_data' AIRFLOW_CTX_TASK_ID='get_data' AIRFLOW_CTX_EXECUTION_DATE='2024-07-15T00:00:00+00:00' AIRFLOW_CTX_TRY_NUMBER='1' AIRFLOW_CTX_DAG_RUN_ID='scheduled__2024-07-15T00:00:00+00:00'
[2024-08-07T04:30:45.726+0000] {taskinstance.py:430} INFO - ::endgroup::
[2024-08-07T04:30:47.052+0000] {logging_mixin.py:188} WARNING - [*********************100%%**********************]  1 of 1 completed
[2024-08-07T04:30:47.159+0000] {python.py:237} INFO - Done. Returned value was: [                 Open       High        Low      Close  Adj Close     Volume
Date                                                                        
2000-01-03  41.632812  43.687500  41.625000  43.500000  24.867405   57710200
2000-01-04  42.718750  43.937500  41.125000  41.468750  23.706215   51019600
2000-01-05  41.500000  42.937500  40.250000  41.812500  23.902735   52389000
2000-01-06  40.875000  41.687500  39.093750  39.375000  22.509289   55171200
2000-01-07  38.750000  41.000000  38.687500  41.000000  23.438251   41096400
...               ...        ...        ...        ...        ...        ...
2024-07-31  30.540001  30.870001  30.280001  30.740000  30.740000   56110600
2024-08-01  30.430000  30.709999  28.889999  29.049999  29.049999  107672500
2024-08-02  21.940001  21.980000  20.420000  21.480000  21.480000  300895900
2024-08-05  20.200001  20.389999  19.290001  20.110001  20.110001  147385700
2024-08-06  20.320000  20.629999  19.750000  19.830000  19.830000  106467100

[6187 rows x 6 columns]]
[2024-08-07T04:30:47.176+0000] {taskinstance.py:441} INFO - ::group::Post task execution logs
[2024-08-07T04:30:47.277+0000] {taskinstance.py:1206} INFO - Marking task as SUCCESS. dag_id=INTC_streaming_data, task_id=get_data, run_id=scheduled__2024-07-15T00:00:00+00:00, execution_date=20240715T000000, start_date=20240807T043045, end_date=20240807T043047
[2024-08-07T04:30:47.342+0000] {local_task_job_runner.py:243} INFO - Task exited with return code 0
[2024-08-07T04:30:47.381+0000] {taskinstance.py:3503} INFO - 1 downstream tasks scheduled from follow-on schedule check
[2024-08-07T04:30:47.386+0000] {local_task_job_runner.py:222} INFO - ::endgroup::
