[2024-07-30T14:40:56.160+0000] {local_task_job_runner.py:120} INFO - ::group::Pre task execution logs
[2024-07-30T14:40:56.208+0000] {taskinstance.py:2076} INFO - Dependencies all met for dep_context=non-requeueable deps ti=<TaskInstance: send_stock_data.get_data scheduled__2024-07-30T14:35:00+00:00 [queued]>
[2024-07-30T14:40:56.222+0000] {taskinstance.py:2076} INFO - Dependencies all met for dep_context=requeueable deps ti=<TaskInstance: send_stock_data.get_data scheduled__2024-07-30T14:35:00+00:00 [queued]>
[2024-07-30T14:40:56.223+0000] {taskinstance.py:2306} INFO - Starting attempt 1 of 1
[2024-07-30T14:40:56.244+0000] {taskinstance.py:2330} INFO - Executing <Task(PythonOperator): get_data> on 2024-07-30 14:35:00+00:00
[2024-07-30T14:40:56.255+0000] {logging_mixin.py:188} WARNING - /home/***/.local/lib/python3.12/site-packages/***/task/task_runner/standard_task_runner.py:62 DeprecationWarning: This process (pid=369) is multi-threaded, use of fork() may lead to deadlocks in the child.
[2024-07-30T14:40:56.257+0000] {standard_task_runner.py:64} INFO - Started process 371 to run task
[2024-07-30T14:40:56.255+0000] {standard_task_runner.py:90} INFO - Running: ['***', 'tasks', 'run', 'send_stock_data', 'get_data', 'scheduled__2024-07-30T14:35:00+00:00', '--job-id', '48', '--raw', '--subdir', 'DAGS_FOLDER/***_stream.py', '--cfg-path', '/tmp/tmp1up_hpow']
[2024-07-30T14:40:56.261+0000] {standard_task_runner.py:91} INFO - Job 48: Subtask get_data
[2024-07-30T14:40:56.286+0000] {logging_mixin.py:188} WARNING - /home/***/.local/lib/python3.12/site-packages/***/settings.py:195 DeprecationWarning: The sql_alchemy_conn option in [core] has been moved to the sql_alchemy_conn option in [database] - the old setting has been used, but please update your config.
[2024-07-30T14:40:56.343+0000] {task_command.py:426} INFO - Running <TaskInstance: send_stock_data.get_data scheduled__2024-07-30T14:35:00+00:00 [running]> on host da3e94a6f80e
[2024-07-30T14:40:56.493+0000] {taskinstance.py:2648} INFO - Exporting env vars: AIRFLOW_CTX_DAG_OWNER='***' AIRFLOW_CTX_DAG_ID='send_stock_data' AIRFLOW_CTX_TASK_ID='get_data' AIRFLOW_CTX_EXECUTION_DATE='2024-07-30T14:35:00+00:00' AIRFLOW_CTX_TRY_NUMBER='1' AIRFLOW_CTX_DAG_RUN_ID='scheduled__2024-07-30T14:35:00+00:00'
[2024-07-30T14:40:56.495+0000] {taskinstance.py:430} INFO - ::endgroup::
[2024-07-30T14:40:57.594+0000] {logging_mixin.py:188} WARNING - [*********************100%%**********************]  1 of 1 completed
[2024-07-30T14:40:57.839+0000] {logging_mixin.py:188} WARNING - [*********************100%%**********************]  1 of 1 completed
[2024-07-30T14:40:58.073+0000] {logging_mixin.py:188} WARNING - [*********************100%%**********************]  1 of 1 completed
[2024-07-30T14:40:58.356+0000] {logging_mixin.py:188} WARNING - [*********************100%%**********************]  1 of 1 completed
[2024-07-30T14:40:58.589+0000] {logging_mixin.py:188} WARNING - [*********************100%%**********************]  1 of 1 completed
[2024-07-30T14:40:58.738+0000] {python.py:237} INFO - Done. Returned value was: [                                 Open        High  ...   Adj Close   Volume
Datetime                                           ...                     
2024-07-30 09:30:00-04:00  219.039993  219.419693  ...  218.669998  1279103
2024-07-30 09:31:00-04:00  218.690002  219.789993  ...  219.535202   231648
2024-07-30 09:32:00-04:00  219.520004  219.565002  ...  219.330002   151211
2024-07-30 09:33:00-04:00  219.410004  219.470001  ...  218.845993   129536
2024-07-30 09:34:00-04:00  218.830002  218.899506  ...  218.759995   144176
...                               ...         ...  ...         ...      ...
2024-07-30 10:36:00-04:00  218.449997  218.479996  ...  218.257996   133341
2024-07-30 10:37:00-04:00  218.250000  218.309998  ...  218.289993   113163
2024-07-30 10:38:00-04:00  218.279999  218.460007  ...  218.460007   120896
2024-07-30 10:39:00-04:00  218.449997  218.789993  ...  218.750000   158364
2024-07-30 10:40:00-04:00  218.761993  218.761993  ...  218.761993        0

[71 rows x 6 columns],                                  Open        High  ...   Adj Close  Volume
Datetime                                           ...                    
2024-07-30 09:30:00-04:00  170.240005  170.419998  ...  170.035004  652964
2024-07-30 09:31:00-04:00  170.009995  170.720001  ...  170.660004   90779
2024-07-30 09:32:00-04:00  170.654999  171.000000  ...  170.945007   90321
2024-07-30 09:33:00-04:00  170.949997  171.000000  ...  170.804993   92980
2024-07-30 09:34:00-04:00  170.809998  171.210999  ...  171.210999   93490
...                               ...         ...  ...         ...     ...
2024-07-30 10:36:00-04:00  169.729996  169.820007  ...  169.679993   27327
2024-07-30 10:37:00-04:00  169.675003  169.710007  ...  169.649994   23380
2024-07-30 10:38:00-04:00  169.639999  169.750000  ...  169.694199   35111
2024-07-30 10:39:00-04:00  169.699997  169.929993  ...  169.919998   29106
2024-07-30 10:40:00-04:00  169.820007  169.820007  ...  169.820007       0

[71 rows x 6 columns],                                  Open        High  ...   Adj Close   Volume
Datetime                                           ...                     
2024-07-30 09:30:00-04:00  184.768997  184.815002  ...  184.409897  3472777
2024-07-30 09:31:00-04:00  184.402695  184.800003  ...  184.710007   151708
2024-07-30 09:32:00-04:00  184.710007  185.199997  ...  184.970001   323569
2024-07-30 09:33:00-04:00  184.940002  185.279999  ...  185.160004   193711
2024-07-30 09:34:00-04:00  185.160004  185.309998  ...  185.309692   168193
...                               ...         ...  ...         ...      ...
2024-07-30 10:36:00-04:00  183.261993  183.330002  ...  183.179993    72226
2024-07-30 10:37:00-04:00  183.179993  183.279999  ...  183.214996   100474
2024-07-30 10:38:00-04:00  183.240005  183.350006  ...  183.324600    41597
2024-07-30 10:39:00-04:00  183.340103  183.610001  ...  183.535004    64159
2024-07-30 10:40:00-04:00  183.470001  183.470001  ...  183.470001        0

[71 rows x 6 columns],                                  Open        High  ...   Adj Close  Volume
Datetime                                           ...                    
2024-07-30 09:30:00-04:00  426.670013  426.670013  ...  426.670013  672076
2024-07-30 09:31:00-04:00  426.760010  427.276794  ...  426.929993  139959
2024-07-30 09:32:00-04:00  426.670013  427.230011  ...  426.475006   80121
2024-07-30 09:33:00-04:00  426.489990  426.779999  ...  426.220001   64090
2024-07-30 09:34:00-04:00  426.350006  426.670013  ...  426.575012   73551
...                               ...         ...  ...         ...     ...
2024-07-30 10:36:00-04:00  425.820007  425.915009  ...  425.725006   41763
2024-07-30 10:37:00-04:00  425.703186  425.749908  ...  425.660004   22782
2024-07-30 10:38:00-04:00  425.670013  425.739990  ...  425.440002   26593
2024-07-30 10:39:00-04:00  425.380096  425.820007  ...  425.470001   74767
2024-07-30 10:40:00-04:00  425.359985  425.359985  ...  425.359985       0

[71 rows x 6 columns],                                  Open        High  ...   Adj Close   Volume
Datetime                                           ...                     
2024-07-30 09:30:00-04:00  232.110001  232.410004  ...  230.929993  3468081
2024-07-30 09:31:00-04:00  230.835007  231.779999  ...  230.434998   568353
2024-07-30 09:32:00-04:00  230.410400  230.490005  ...  229.869995   632878
2024-07-30 09:33:00-04:00  229.899994  230.339905  ...  229.150604   689182
2024-07-30 09:34:00-04:00  229.228195  229.549896  ...  228.899994   588139
...                               ...         ...  ...         ...      ...
2024-07-30 10:36:00-04:00  230.024994  230.134995  ...  229.639999   287945
2024-07-30 10:37:00-04:00  229.634995  229.989807  ...  229.970001   259694
2024-07-30 10:38:00-04:00  229.940002  230.039993  ...  229.830002   206075
2024-07-30 10:39:00-04:00  229.857407  230.789993  ...  230.610001   397404
2024-07-30 10:40:00-04:00  231.095001  231.095001  ...  231.095001        0

[70 rows x 6 columns]]
[2024-07-30T14:40:58.813+0000] {taskinstance.py:441} INFO - ::group::Post task execution logs
[2024-07-30T14:40:58.864+0000] {taskinstance.py:1206} INFO - Marking task as SUCCESS. dag_id=send_stock_data, task_id=get_data, run_id=scheduled__2024-07-30T14:35:00+00:00, execution_date=20240730T143500, start_date=20240730T144056, end_date=20240730T144058
[2024-07-30T14:40:58.924+0000] {local_task_job_runner.py:243} INFO - Task exited with return code 0
[2024-07-30T14:40:58.964+0000] {taskinstance.py:3503} INFO - 1 downstream tasks scheduled from follow-on schedule check
[2024-07-30T14:40:58.969+0000] {local_task_job_runner.py:222} INFO - ::endgroup::
